0
1 0 0 2 
1 0 0 2 
3 4 4 5 
7 8 8   
  9 9 6 

1
1 0 0 2 
1 0 0 2 
3 4 4   
7 8 8 5 
  9 9 6 

2
1 0 0 2 
1 0 0 2 
3   4 4 
7 8 8 5 
  9 9 6 

3
1 0 0 2 
1 0 0 2 
  3 4 4 
7 8 8 5 
  9 9 6 

4
1 0 0 2 
1 0 0 2 
7 3 4 4 
  8 8 5 
  9 9 6 

5
1 0 0 2 
1 0 0 2 
7 3 4 4 
8 8   5 
  9 9 6 

6
1 0 0 2 
1 0 0 2 
7 3 4 4 
8 8 5   
  9 9 6 

7
1 0 0 2 
1 0 0 2 
7 3 4 4 
8 8 5 6 
  9 9   

8
1 0 0 2 
1 0 0 2 
7 3 4 4 
8 8 5 6 
    9 9 

9
1 0 0 2 
1 0 0 2 
7 3 4 4 
    5 6 
8 8 9 9 

10
1 0 0 2 
1 0 0 2 
7 3 4 4 
  5   6 
8 8 9 9 

11
1 0 0 2 
1 0 0 2 
7 3 4 4 
  5 6   
8 8 9 9 

12
1 0 0 2 
1 0 0 2 
7 3 4 4 
5   6   
8 8 9 9 

13
1 0 0 2 
1 0 0 2 
7 3 4 4 
5 6     
8 8 9 9 

14
1 0 0 2 
1 0 0 2 
7 3     
5 6 4 4 
8 8 9 9 

15
1 0 0 2 
1 0 0 2 
7   3   
5 6 4 4 
8 8 9 9 

16
1 0 0 2 
1 0 0 2 
7     3 
5 6 4 4 
8 8 9 9 

17
1 0 0 2 
1 0 0 2 
  7   3 
5 6 4 4 
8 8 9 9 

18
1 0 0 2 
1 0 0 2 
    7 3 
5 6 4 4 
8 8 9 9 

19
1 0 0 2 
1 0 0 2 
5   7 3 
  6 4 4 
8 8 9 9 

20
1 0 0 2 
1 0 0 2 
  5 7 3 
  6 4 4 
8 8 9 9 

21
  0 0 2 
  0 0 2 
1 5 7 3 
1 6 4 4 
8 8 9 9 

22
0 0   2 
0 0   2 
1 5 7 3 
1 6 4 4 
8 8 9 9 

23
0 0   2 
0 0 7 2 
1 5   3 
1 6 4 4 
8 8 9 9 

24
0 0 7 2 
0 0   2 
1 5   3 
1 6 4 4 
8 8 9 9 

25
0 0 7 2 
0 0   2 
1 5 3   
1 6 4 4 
8 8 9 9 

26
0 0 7 2 
0 0 3 2 
1 5     
1 6 4 4 
8 8 9 9 

27
0 0 7 2 
0 0 3 2 
1 5 4 4 
1 6     
8 8 9 9 

28
0 0 7 2 
0 0 3 2 
1 5 4 4 
1   6   
8 8 9 9 

29
0 0 7 2 
0 0 3 2 
1   4 4 
1 5 6   
8 8 9 9 

30
0 0 7 2 
0 0 3 2 
1 4 4   
1 5 6   
8 8 9 9 

31
0 0 7   
0 0 3   
1 4 4 2 
1 5 6 2 
8 8 9 9 

32
0 0   7 
0 0 3   
1 4 4 2 
1 5 6 2 
8 8 9 9 

33
0 0   7 
0 0   3 
1 4 4 2 
1 5 6 2 
8 8 9 9 

34
  0 0 7 
  0 0 3 
1 4 4 2 
1 5 6 2 
8 8 9 9 

35
1 0 0 7 
1 0 0 3 
  4 4 2 
  5 6 2 
8 8 9 9 

36
1 0 0 7 
1 0 0 3 
  4 4 2 
5   6 2 
8 8 9 9 

37
1 0 0 7 
1 0 0 3 
5 4 4 2 
    6 2 
8 8 9 9 

38
1 0 0 7 
1 0 0 3 
5 4 4 2 
8 8 6 2 
    9 9 

39
1 0 0 7 
1 0 0 3 
5 4 4 2 
8 8 6 2 
9 9     

40
1 0 0 7 
1 0 0 3 
5 4 4   
8 8 6 2 
9 9   2 

41
1 0 0 7 
1 0 0 3 
5 4 4   
8 8   2 
9 9 6 2 

42
1 0 0 7 
1 0 0 3 
5 4 4   
  8 8 2 
9 9 6 2 

43
1 0 0 7 
1 0 0 3 
5   4 4 
  8 8 2 
9 9 6 2 

44
1 0 0 7 
1 0 0 3 
  5 4 4 
  8 8 2 
9 9 6 2 

45
  0 0 7 
  0 0 3 
1 5 4 4 
1 8 8 2 
9 9 6 2 

46
0 0   7 
0 0   3 
1 5 4 4 
1 8 8 2 
9 9 6 2 

47
0 0 7   
0 0   3 
1 5 4 4 
1 8 8 2 
9 9 6 2 

48
0 0 7 3 
0 0     
1 5 4 4 
1 8 8 2 
9 9 6 2 

49
0 0 7 3 
0 0 4 4 
1 5     
1 8 8 2 
9 9 6 2 

50
0 0 7 3 
0 0 4 4 
1 5   2 
1 8 8 2 
9 9 6   

51
0 0 7 3 
0 0 4 4 
1 5   2 
1 8 8 2 
9 9   6 

52
0 0 7 3 
0 0 4 4 
1 5   2 
1 8 8 2 
  9 9 6 

53
0 0 7 3 
0 0 4 4 
  5   2 
1 8 8 2 
1 9 9 6 

54
0 0 7 3 
0 0 4 4 
    5 2 
1 8 8 2 
1 9 9 6 

55
    7 3 
0 0 4 4 
0 0 5 2 
1 8 8 2 
1 9 9 6 

56
  7   3 
0 0 4 4 
0 0 5 2 
1 8 8 2 
1 9 9 6 

57
  7 3   
0 0 4 4 
0 0 5 2 
1 8 8 2 
1 9 9 6 

58
7   3   
0 0 4 4 
0 0 5 2 
1 8 8 2 
1 9 9 6 

59
7 3     
0 0 4 4 
0 0 5 2 
1 8 8 2 
1 9 9 6 

60
7 3 4 4 
0 0     
0 0 5 2 
1 8 8 2 
1 9 9 6 

61
7 3 4 4 
0 0 5   
0 0   2 
1 8 8 2 
1 9 9 6 

62
7 3 4 4 
0 0   5 
0 0   2 
1 8 8 2 
1 9 9 6 

63
7 3 4 4 
  0 0 5 
  0 0 2 
1 8 8 2 
1 9 9 6 

64
  3 4 4 
7 0 0 5 
  0 0 2 
1 8 8 2 
1 9 9 6 

65
  3 4 4 
  0 0 5 
7 0 0 2 
1 8 8 2 
1 9 9 6 

66
3   4 4 
  0 0 5 
7 0 0 2 
1 8 8 2 
1 9 9 6 

67
    4 4 
3 0 0 5 
7 0 0 2 
1 8 8 2 
1 9 9 6 

68
4 4     
3 0 0 5 
7 0 0 2 
1 8 8 2 
1 9 9 6 

69
4 4   5 
3 0 0   
7 0 0 2 
1 8 8 2 
1 9 9 6 

70
4 4 5   
3 0 0   
7 0 0 2 
1 8 8 2 
1 9 9 6 

71
4 4 5 2 
3 0 0 2 
7 0 0   
1 8 8   
1 9 9 6 

72
4 4 5 2 
3 0 0 2 
7 0 0   
1 8 8 6 
1 9 9   

73
4 4 5 2 
3 0 0 2 
7 0 0   
1 8 8 6 
1   9 9 

74
4 4 5 2 
3 0 0 2 
7 0 0 6 
1 8 8   
1   9 9 

75
4 4 5 2 
3 0 0 2 
7 0 0 6 
1   8 8 
1   9 9 

76
4 4 5 2 
3 0 0 2 
7 0 0 6 
  1 8 8 
  1 9 9 

77
4 4 5 2 
3 0 0 2 
  0 0 6 
7 1 8 8 
  1 9 9 

78
4 4 5 2 
3 0 0 2 
  0 0 6 
  1 8 8 
7 1 9 9 

79
4 4 5 2 
  0 0 2 
3 0 0 6 
  1 8 8 
7 1 9 9 

80
4 4 5 2 
  0 0 2 
  0 0 6 
3 1 8 8 
7 1 9 9 

81
4 4 5 2 
0 0   2 
0 0   6 
3 1 8 8 
7 1 9 9 

82
4 4   2 
0 0 5 2 
0 0   6 
3 1 8 8 
7 1 9 9 

83
4 4   2 
0 0 5 2 
0 0 6   
3 1 8 8 
7 1 9 9 

84
4 4     
0 0 5 2 
0 0 6 2 
3 1 8 8 
7 1 9 9 

85
    4 4 
0 0 5 2 
0 0 6 2 
3 1 8 8 
7 1 9 9 

86
0 0 4 4 
0 0 5 2 
    6 2 
3 1 8 8 
7 1 9 9 

87
0 0 4 4 
0 0 5 2 
3   6 2 
  1 8 8 
7 1 9 9 

88
0 0 4 4 
0 0 5 2 
3   6 2 
7 1 8 8 
  1 9 9 

89
0 0 4 4 
0 0 5 2 
3 1 6 2 
7 1 8 8 
    9 9 

90
0 0 4 4 
0 0 5 2 
3 1 6 2 
7 1 8 8 
9 9     

91
0 0 4 4 
0 0 5 2 
3 1 6 2 
7 1     
9 9 8 8 

92
0 0 4 4 
0 0 5   
3 1 6 2 
7 1   2 
9 9 8 8 

93
0 0 4 4 
0 0   5 
3 1 6 2 
7 1   2 
9 9 8 8 

94
0 0 4 4 
0 0 6 5 
3 1   2 
7 1   2 
9 9 8 8 

95
0 0 4 4 
0 0 6 5 
3   1 2 
7   1 2 
9 9 8 8 

96
0 0 4 4 
0 0 6 5 
  3 1 2 
7   1 2 
9 9 8 8 

97
0 0 4 4 
0 0 6 5 
    1 2 
7 3 1 2 
9 9 8 8 

98
    4 4 
0 0 6 5 
0 0 1 2 
7 3 1 2 
9 9 8 8 

99
4 4     
0 0 6 5 
0 0 1 2 
7 3 1 2 
9 9 8 8 

100
4 4   5 
0 0 6   
0 0 1 2 
7 3 1 2 
9 9 8 8 

101
4 4 6 5 
0 0     
0 0 1 2 
7 3 1 2 
9 9 8 8 

102
4 4 6 5 
0 0   2 
0 0 1 2 
7 3 1   
9 9 8 8 

103
4 4 6 5 
0 0 1 2 
0 0 1 2 
7 3     
9 9 8 8 

104
4 4 6 5 
0 0 1 2 
0 0 1 2 
7 3 8 8 
9 9     

105
4 4 6 5 
0 0 1 2 
0 0 1 2 
7 3 8 8 
    9 9 

106
4 4 6 5 
0 0 1 2 
0 0 1 2 
7   8 8 
  3 9 9 

107
4 4 6 5 
0 0 1 2 
0 0 1 2 
    8 8 
7 3 9 9 

108
4 4 6 5 
    1 2 
0 0 1 2 
0 0 8 8 
7 3 9 9 

109
    6 5 
4 4 1 2 
0 0 1 2 
0 0 8 8 
7 3 9 9 

110
  6   5 
4 4 1 2 
0 0 1 2 
0 0 8 8 
7 3 9 9 

111
  6 5   
4 4 1 2 
0 0 1 2 
0 0 8 8 
7 3 9 9 

112
  6 5 2 
4 4 1 2 
0 0 1   
0 0 8 8 
7 3 9 9 

113
6   5 2 
4 4 1 2 
0 0 1   
0 0 8 8 
7 3 9 9 

114
6 5   2 
4 4 1 2 
0 0 1   
0 0 8 8 
7 3 9 9 

115
6 5 1 2 
4 4 1 2 
0 0     
0 0 8 8 
7 3 9 9 

116
6 5 1 2 
4 4 1 2 
0 0 8 8 
0 0     
7 3 9 9 

117
6 5 1 2 
4 4 1 2 
0 0 8 8 
0 0 9 9 
7 3     

118
6 5 1 2 
4 4 1 2 
0 0 8 8 
0 0 9 9 
7   3   

119
6 5 1 2 
4 4 1 2 
0 0 8 8 
0 0 9 9 
7     3 

120
6 5 1 2 
4 4 1 2 
0 0 8 8 
0 0 9 9 
  7   3 

121
6 5 1 2 
4 4 1 2 
0 0 8 8 
0 0 9 9 
    7 3 

122
6 5 1 2 
4 4 1 2 
    8 8 
0 0 9 9 
0 0 7 3 

123
6 5 1 2 
4 4 1 2 
8 8     
0 0 9 9 
0 0 7 3 

124
6 5 1 2 
4 4 1 2 
8 8 9 9 
0 0     
0 0 7 3 

125
6 5 1 2 
4 4 1 2 
8 8 9 9 
0 0 7   
0 0   3 

126
6 5 1 2 
4 4 1 2 
8 8 9 9 
0 0   7 
0 0   3 

127
6 5 1 2 
4 4 1 2 
8 8 9 9 
  0 0 7 
  0 0 3 

