0
6 6 2 9 
1 7 3 9 
1 7     
8 8 0 0 
4 5 0 0 

1
6 6 2   
1 7 3 9 
1 7   9 
8 8 0 0 
4 5 0 0 

2
6 6 2   
1 7   9 
1 7 3 9 
8 8 0 0 
4 5 0 0 

3
6 6     
1 7 2 9 
1 7 3 9 
8 8 0 0 
4 5 0 0 

4
    6 6 
1 7 2 9 
1 7 3 9 
8 8 0 0 
4 5 0 0 

5
  7 6 6 
1 7 2 9 
1   3 9 
8 8 0 0 
4 5 0 0 

6
1 7 6 6 
1 7 2 9 
    3 9 
8 8 0 0 
4 5 0 0 

7
1 7 6 6 
1 7 2 9 
8 8 3 9 
    0 0 
4 5 0 0 

8
1 7 6 6 
1 7 2 9 
8 8 3 9 
  5 0 0 
4   0 0 

9
1 7 6 6 
1 7 2 9 
8 8 3 9 
5   0 0 
4   0 0 

10
1 7 6 6 
1 7 2 9 
8 8 3 9 
5 0 0   
4 0 0   

