0
4 6 1 2 
4 3 0 0 
  3 0 0 
5 8 8 7 
5   9 9 

1
  6 1 2 
4 3 0 0 
4 3 0 0 
5 8 8 7 
5   9 9 

2
6   1 2 
4 3 0 0 
4 3 0 0 
5 8 8 7 
5   9 9 

3
6 1   2 
4 3 0 0 
4 3 0 0 
5 8 8 7 
5   9 9 

4
6 1 2   
4 3 0 0 
4 3 0 0 
5 8 8 7 
5   9 9 

5
6 1 2   
4 3 0 0 
4 3 0 0 
5 8 8 7 
5 9 9   

6
6 1 2   
4 3 0 0 
4 3 0 0 
5 8 8   
5 9 9 7 

7
6 1 2   
4 3 0 0 
4 3 0 0 
5   8 8 
5 9 9 7 

8
6 1 2   
4   0 0 
4 3 0 0 
5 3 8 8 
5 9 9 7 

9
6   2   
4 1 0 0 
4 3 0 0 
5 3 8 8 
5 9 9 7 

10
6 2     
4 1 0 0 
4 3 0 0 
5 3 8 8 
5 9 9 7 

11
6 2 0 0 
4 1 0 0 
4 3     
5 3 8 8 
5 9 9 7 

12
6 2 0 0 
4 1 0 0 
4 3 8 8 
5 3     
5 9 9 7 

13
6 2 0 0 
4 1 0 0 
4 3 8 8 
5 3   7 
5 9 9   

14
6 2 0 0 
4 1 0 0 
4 3 8 8 
5 3   7 
5   9 9 

15
6 2 0 0 
4 1 0 0 
4   8 8 
5 3   7 
5 3 9 9 

16
6 2 0 0 
4   0 0 
4 1 8 8 
5 3   7 
5 3 9 9 

17
6   0 0 
4 2 0 0 
4 1 8 8 
5 3   7 
5 3 9 9 

18
  6 0 0 
4 2 0 0 
4 1 8 8 
5 3   7 
5 3 9 9 

19
4 6 0 0 
4 2 0 0 
  1 8 8 
5 3   7 
5 3 9 9 

20
4 6 0 0 
4 2 0 0 
1   8 8 
5 3   7 
5 3 9 9 

21
4 6 0 0 
4 2 0 0 
1 3 8 8 
5 3   7 
5   9 9 

22
4 6 0 0 
4 2 0 0 
1 3 8 8 
5 3   7 
5 9 9   

23
4 6 0 0 
4 2 0 0 
1 3 8 8 
5 3     
5 9 9 7 

24
4 6 0 0 
4 2 0 0 
1 3     
5 3 8 8 
5 9 9 7 

25
4 6     
4 2 0 0 
1 3 0 0 
5 3 8 8 
5 9 9 7 

26
4   6   
4 2 0 0 
1 3 0 0 
5 3 8 8 
5 9 9 7 

27
4 2 6   
4   0 0 
1 3 0 0 
5 3 8 8 
5 9 9 7 

28
4 2   6 
4   0 0 
1 3 0 0 
5 3 8 8 
5 9 9 7 

29
4   2 6 
4   0 0 
1 3 0 0 
5 3 8 8 
5 9 9 7 

30
4 3 2 6 
4 3 0 0 
1   0 0 
5   8 8 
5 9 9 7 

31
4 3 2 6 
4 3 0 0 
  1 0 0 
5   8 8 
5 9 9 7 

32
4 3 2 6 
4 3 0 0 
    0 0 
5 1 8 8 
5 9 9 7 

33
4   2 6 
4 3 0 0 
  3 0 0 
5 1 8 8 
5 9 9 7 

34
    2 6 
4 3 0 0 
4 3 0 0 
5 1 8 8 
5 9 9 7 

35
  2   6 
4 3 0 0 
4 3 0 0 
5 1 8 8 
5 9 9 7 

36
  2 6   
4 3 0 0 
4 3 0 0 
5 1 8 8 
5 9 9 7 

37
2   6   
4 3 0 0 
4 3 0 0 
5 1 8 8 
5 9 9 7 

38
2 6     
4 3 0 0 
4 3 0 0 
5 1 8 8 
5 9 9 7 

39
2 6 0 0 
4 3 0 0 
4 3     
5 1 8 8 
5 9 9 7 

40
2 6 0 0 
4 3 0 0 
4 3 8 8 
5 1     
5 9 9 7 

41
2 6 0 0 
4 3 0 0 
4 3 8 8 
5 1   7 
5 9 9   

42
2 6 0 0 
4 3 0 0 
4 3 8 8 
5 1   7 
5   9 9 

43
2 6 0 0 
4 3 0 0 
4 3 8 8 
5     7 
5 1 9 9 

44
2 6 0 0 
4 3 0 0 
4 3 8 8 
5   7   
5 1 9 9 

45
2 6 0 0 
4 3 0 0 
4 3 8 8 
5 7     
5 1 9 9 

46
2 6 0 0 
4 3 0 0 
4 3     
5 7 8 8 
5 1 9 9 

47
2 6     
4 3 0 0 
4 3 0 0 
5 7 8 8 
5 1 9 9 

48
2   6   
4 3 0 0 
4 3 0 0 
5 7 8 8 
5 1 9 9 

49
2     6 
4 3 0 0 
4 3 0 0 
5 7 8 8 
5 1 9 9 

50
  2   6 
4 3 0 0 
4 3 0 0 
5 7 8 8 
5 1 9 9 

51
4 2   6 
4 3 0 0 
  3 0 0 
5 7 8 8 
5 1 9 9 

52
4 2   6 
4 3 0 0 
5 3 0 0 
5 7 8 8 
  1 9 9 

53
4   2 6 
4 3 0 0 
5 3 0 0 
5 7 8 8 
  1 9 9 

54
4 3 2 6 
4 3 0 0 
5   0 0 
5 7 8 8 
  1 9 9 

55
4 3 2 6 
4 3 0 0 
5 7 0 0 
5   8 8 
  1 9 9 

56
4 3 2 6 
4 3 0 0 
5 7 0 0 
5 1 8 8 
    9 9 

57
4 3 2 6 
4 3 0 0 
5 7 0 0 
5 1 8 8 
9 9     

58
4 3 2 6 
4 3 0 0 
5 7 0 0 
5 1     
9 9 8 8 

59
4 3 2 6 
4 3 0 0 
5 7 0 0 
5   1   
9 9 8 8 

60
4 3 2 6 
4 3 0 0 
5   0 0 
5 7 1   
9 9 8 8 

61
4 3 2 6 
4 3 0 0 
5   0 0 
5 7   1 
9 9 8 8 

62
4 3 2 6 
4 3 0 0 
5   0 0 
5   7 1 
9 9 8 8 

63
4   2 6 
4   0 0 
5 3 0 0 
5 3 7 1 
9 9 8 8 

64
4 2   6 
4   0 0 
5 3 0 0 
5 3 7 1 
9 9 8 8 

65
4     6 
4 2 0 0 
5 3 0 0 
5 3 7 1 
9 9 8 8 

66
4   6   
4 2 0 0 
5 3 0 0 
5 3 7 1 
9 9 8 8 

67
4 6     
4 2 0 0 
5 3 0 0 
5 3 7 1 
9 9 8 8 

68
4 6 0 0 
4 2 0 0 
5 3     
5 3 7 1 
9 9 8 8 

69
4 6 0 0 
4 2 0 0 
5 3 7   
5 3   1 
9 9 8 8 

70
4 6 0 0 
4 2 0 0 
5 3   7 
5 3   1 
9 9 8 8 

71
4 6 0 0 
4 2 0 0 
5   3 7 
5   3 1 
9 9 8 8 

72
4 6 0 0 
4 2 0 0 
  5 3 7 
  5 3 1 
9 9 8 8 

73
  6 0 0 
  2 0 0 
4 5 3 7 
4 5 3 1 
9 9 8 8 

74
  6 0 0 
2   0 0 
4 5 3 7 
4 5 3 1 
9 9 8 8 

75
2 6 0 0 
    0 0 
4 5 3 7 
4 5 3 1 
9 9 8 8 

76
2 6 0 0 
  5 0 0 
4 5 3 7 
4   3 1 
9 9 8 8 

77
2 6 0 0 
4 5 0 0 
4 5 3 7 
    3 1 
9 9 8 8 

78
2 6 0 0 
4 5 0 0 
4 5 3 7 
9 9 3 1 
    8 8 

79
2 6 0 0 
4 5 0 0 
4 5 3 7 
9 9 3 1 
8 8     

80
2 6 0 0 
4 5 0 0 
4 5 3 7 
9 9 3   
8 8   1 

81
2 6 0 0 
4 5 0 0 
4 5 3   
9 9 3 7 
8 8   1 

82
2 6 0 0 
4 5 0 0 
4 5 3   
9 9 3 7 
8 8 1   

83
2 6 0 0 
4 5 0 0 
4 5 3   
9 9 3   
8 8 1 7 

84
2 6 0 0 
4 5 0 0 
4 5   3 
9 9   3 
8 8 1 7 

85
2 6 0 0 
4 5 0 0 
4 5   3 
9 9 1 3 
8 8   7 

86
2 6 0 0 
4 5 0 0 
4 5 1 3 
9 9   3 
8 8   7 

87
2 6 0 0 
4 5 0 0 
4 5 1 3 
9 9   3 
  8 8 7 

88
2 6 0 0 
4 5 0 0 
4 5 1 3 
  9 9 3 
  8 8 7 

89
2 6 0 0 
  5 0 0 
  5 1 3 
4 9 9 3 
4 8 8 7 

90
2 6 0 0 
5   0 0 
5   1 3 
4 9 9 3 
4 8 8 7 

91
2   0 0 
5 6 0 0 
5   1 3 
4 9 9 3 
4 8 8 7 

92
2   0 0 
5   0 0 
5 6 1 3 
4 9 9 3 
4 8 8 7 

93
2 0 0   
5 0 0   
5 6 1 3 
4 9 9 3 
4 8 8 7 

94
2 0 0   
5 0 0 3 
5 6 1 3 
4 9 9   
4 8 8 7 

95
2 0 0   
5 0 0 3 
5 6 1 3 
4   9 9 
4 8 8 7 

96
2 0 0   
5 0 0 3 
5   1 3 
4 6 9 9 
4 8 8 7 

97
2 0 0   
5 0 0 3 
5 1   3 
4 6 9 9 
4 8 8 7 

98
2 0 0 3 
5 0 0 3 
5 1     
4 6 9 9 
4 8 8 7 

99
2 0 0 3 
5 0 0 3 
5 1 9 9 
4 6     
4 8 8 7 

100
2 0 0 3 
5 0 0 3 
5 1 9 9 
4   6   
4 8 8 7 

101
2 0 0 3 
5 0 0 3 
5 1 9 9 
4   6 7 
4 8 8   

102
2 0 0 3 
5 0 0 3 
5 1 9 9 
4   6 7 
4   8 8 

103
2 0 0 3 
5 0 0 3 
5 1 9 9 
  4 6 7 
  4 8 8 

104
2 0 0 3 
  0 0 3 
  1 9 9 
5 4 6 7 
5 4 8 8 

105
2 0 0 3 
  0 0 3 
1   9 9 
5 4 6 7 
5 4 8 8 

106
2 0 0 3 
1 0 0 3 
    9 9 
5 4 6 7 
5 4 8 8 

107
2 0 0 3 
1 0 0 3 
  9 9   
5 4 6 7 
5 4 8 8 

108
2 0 0 3 
1 0 0 3 
  9 9 7 
5 4 6   
5 4 8 8 

109
2 0 0 3 
1 0 0 3 
9 9   7 
5 4 6   
5 4 8 8 

110
2 0 0 3 
1 0 0 3 
9 9   7 
5 4   6 
5 4 8 8 

111
2 0 0 3 
1 0 0 3 
9 9 7   
5 4   6 
5 4 8 8 

112
2 0 0 3 
1 0 0 3 
9 9     
5 4 7 6 
5 4 8 8 

113
2 0 0 3 
1 0 0 3 
9 9   6 
5 4 7   
5 4 8 8 

114
2 0 0 3 
1 0 0 3 
9 9 6   
5 4 7   
5 4 8 8 

115
2 0 0   
1 0 0   
9 9 6 3 
5 4 7 3 
5 4 8 8 

116
2   0 0 
1   0 0 
9 9 6 3 
5 4 7 3 
5 4 8 8 

117
2   0 0 
  1 0 0 
9 9 6 3 
5 4 7 3 
5 4 8 8 

118
2 1 0 0 
    0 0 
9 9 6 3 
5 4 7 3 
5 4 8 8 

119
2 1 0 0 
9 9 0 0 
    6 3 
5 4 7 3 
5 4 8 8 

120
2 1 0 0 
9 9 0 0 
  4 6 3 
5 4 7 3 
5   8 8 

121
2 1 0 0 
9 9 0 0 
5 4 6 3 
5 4 7 3 
    8 8 

122
2 1 0 0 
9 9 0 0 
5 4 6 3 
5 4 7 3 
8 8     

123
2 1 0 0 
9 9 0 0 
5 4 6   
5 4 7 3 
8 8   3 

124
2 1 0 0 
9 9 0 0 
5 4 6   
5 4   3 
8 8 7 3 

125
2 1 0 0 
9 9 0 0 
5 4     
5 4 6 3 
8 8 7 3 

126
2 1     
9 9 0 0 
5 4 0 0 
5 4 6 3 
8 8 7 3 

127
2   1   
9 9 0 0 
5 4 0 0 
5 4 6 3 
8 8 7 3 

128
2     1 
9 9 0 0 
5 4 0 0 
5 4 6 3 
8 8 7 3 

129
  2   1 
9 9 0 0 
5 4 0 0 
5 4 6 3 
8 8 7 3 

130
    2 1 
9 9 0 0 
5 4 0 0 
5 4 6 3 
8 8 7 3 

131
9 9 2 1 
    0 0 
5 4 0 0 
5 4 6 3 
8 8 7 3 

132
9 9 2 1 
  4 0 0 
5 4 0 0 
5   6 3 
8 8 7 3 

133
9 9 2 1 
  4 0 0 
5 4 0 0 
5 6   3 
8 8 7 3 

134
9 9 2 1 
  4 0 0 
5 4 0 0 
5 6 7 3 
8 8   3 

135
9 9 2 1 
  4 0 0 
5 4 0 0 
5 6 7 3 
  8 8 3 

136
9 9 2 1 
  4 0 0 
  4 0 0 
5 6 7 3 
5 8 8 3 

137
9 9 2 1 
4   0 0 
4   0 0 
5 6 7 3 
5 8 8 3 

138
9 9 2 1 
4 0 0   
4 0 0   
5 6 7 3 
5 8 8 3 

139
9 9 2   
4 0 0 1 
4 0 0   
5 6 7 3 
5 8 8 3 

140
9 9 2   
4 0 0 1 
4 0 0 3 
5 6 7 3 
5 8 8   

141
9 9   2 
4 0 0 1 
4 0 0 3 
5 6 7 3 
5 8 8   

142
  9 9 2 
4 0 0 1 
4 0 0 3 
5 6 7 3 
5 8 8   

143
4 9 9 2 
4 0 0 1 
  0 0 3 
5 6 7 3 
5 8 8   

144
4 9 9 2 
4 0 0 1 
  0 0 3 
5 6 7 3 
5   8 8 

145
4 9 9 2 
4 0 0 1 
5 0 0 3 
5 6 7 3 
    8 8 

146
4 9 9 2 
4 0 0 1 
5 0 0 3 
5 6 7 3 
8 8     

147
4 9 9 2 
4 0 0 1 
5 0 0 3 
5 6   3 
8 8 7   

148
4 9 9 2 
4 0 0 1 
5 0 0 3 
5 6   3 
8 8   7 

149
4 9 9 2 
4 0 0 1 
5 0 0 3 
5   6 3 
8 8   7 

150
4 9 9 2 
4 0 0 1 
5 0 0 3 
5     3 
8 8 6 7 

151
4 9 9 2 
4     1 
5 0 0 3 
5 0 0 3 
8 8 6 7 

152
4 9 9 2 
4   1   
5 0 0 3 
5 0 0 3 
8 8 6 7 

153
4 9 9   
4   1 2 
5 0 0 3 
5 0 0 3 
8 8 6 7 

154
4 9 9   
4 1   2 
5 0 0 3 
5 0 0 3 
8 8 6 7 

155
4 9 9   
4 1 2   
5 0 0 3 
5 0 0 3 
8 8 6 7 

156
4 9 9 3 
4 1 2 3 
5 0 0   
5 0 0   
8 8 6 7 

157
4 9 9 3 
4 1 2 3 
5   0 0 
5   0 0 
8 8 6 7 

158
4 9 9 3 
4 1 2 3 
  5 0 0 
  5 0 0 
8 8 6 7 

159
  9 9 3 
4 1 2 3 
4 5 0 0 
  5 0 0 
8 8 6 7 

160
9 9   3 
4 1 2 3 
4 5 0 0 
  5 0 0 
8 8 6 7 

161
9 9 2 3 
4 1   3 
4 5 0 0 
  5 0 0 
8 8 6 7 

162
9 9 2 3 
4   1 3 
4 5 0 0 
  5 0 0 
8 8 6 7 

163
9 9 2 3 
4 5 1 3 
4 5 0 0 
    0 0 
8 8 6 7 

164
9 9 2 3 
4 5 1 3 
4 5 0 0 
8 8 0 0 
    6 7 

165
9 9 2 3 
4 5 1 3 
4 5 0 0 
8 8 0 0 
  6   7 

166
9 9 2 3 
4 5 1 3 
4 5 0 0 
8 8 0 0 
  6 7   

167
9 9 2 3 
4 5 1 3 
4 5 0 0 
8 8 0 0 
6   7   

168
9 9 2 3 
4 5 1 3 
4 5 0 0 
8 8 0 0 
6 7     

169
9 9 2 3 
4 5 1 3 
4 5     
8 8 0 0 
6 7 0 0 

170
9 9 2 3 
4 5   3 
4 5 1   
8 8 0 0 
6 7 0 0 

171
9 9 2   
4 5   3 
4 5 1 3 
8 8 0 0 
6 7 0 0 

172
9 9     
4 5 2 3 
4 5 1 3 
8 8 0 0 
6 7 0 0 

173
    9 9 
4 5 2 3 
4 5 1 3 
8 8 0 0 
6 7 0 0 

174
  5 9 9 
4 5 2 3 
4   1 3 
8 8 0 0 
6 7 0 0 

175
4 5 9 9 
4 5 2 3 
    1 3 
8 8 0 0 
6 7 0 0 

176
4 5 9 9 
4 5 2 3 
8 8 1 3 
    0 0 
6 7 0 0 

177
4 5 9 9 
4 5 2 3 
8 8 1 3 
  7 0 0 
6   0 0 

178
4 5 9 9 
4 5 2 3 
8 8 1 3 
7   0 0 
6   0 0 

179
4 5 9 9 
4 5 2 3 
8 8 1 3 
7 0 0   
6 0 0   

