0
  4   6 
2 0 0 6 
1 0 0 8 
7 5 3 8 
7 5 9 9 

1
2 4   6 
  0 0 6 
1 0 0 8 
7 5 3 8 
7 5 9 9 

2
2 4   6 
1 0 0 6 
  0 0 8 
7 5 3 8 
7 5 9 9 

3
2   4 6 
1 0 0 6 
  0 0 8 
7 5 3 8 
7 5 9 9 

4
  2 4 6 
1 0 0 6 
  0 0 8 
7 5 3 8 
7 5 9 9 

5
1 2 4 6 
  0 0 6 
  0 0 8 
7 5 3 8 
7 5 9 9 

6
1 2 4 6 
7 0 0 6 
7 0 0 8 
  5 3 8 
  5 9 9 

7
1 2 4 6 
7 0 0 6 
7 0 0 8 
5   3 8 
5   9 9 

8
1 2 4 6 
7 0 0 6 
7 0 0 8 
5 3   8 
5   9 9 

9
1 2 4 6 
7 0 0 6 
7 0 0 8 
5     8 
5 3 9 9 

10
1 2 4 6 
7     6 
7 0 0 8 
5 0 0 8 
5 3 9 9 

11
1 2   6 
7   4 6 
7 0 0 8 
5 0 0 8 
5 3 9 9 

12
1 2   6 
7 4   6 
7 0 0 8 
5 0 0 8 
5 3 9 9 

13
1 2 6   
7 4 6   
7 0 0 8 
5 0 0 8 
5 3 9 9 

14
1 2 6 8 
7 4 6 8 
7 0 0   
5 0 0   
5 3 9 9 

15
1 2 6 8 
7 4 6 8 
7   0 0 
5   0 0 
5 3 9 9 

16
1 2 6 8 
7   6 8 
7 4 0 0 
5   0 0 
5 3 9 9 

17
1 2 6 8 
7   6 8 
7   0 0 
5 4 0 0 
5 3 9 9 

18
1 2 6 8 
  7 6 8 
  7 0 0 
5 4 0 0 
5 3 9 9 

19
  2 6 8 
1 7 6 8 
  7 0 0 
5 4 0 0 
5 3 9 9 

20
  2 6 8 
1 7 6 8 
5 7 0 0 
5 4 0 0 
  3 9 9 

21
  2 6 8 
1 7 6 8 
5 7 0 0 
5 4 0 0 
3   9 9 

22
  2 6 8 
1 7 6 8 
5 7 0 0 
5   0 0 
3 4 9 9 

23
  2 6 8 
1   6 8 
5 7 0 0 
5 7 0 0 
3 4 9 9 

24
  2 6 8 
  1 6 8 
5 7 0 0 
5 7 0 0 
3 4 9 9 

25
5 2 6 8 
5 1 6 8 
  7 0 0 
  7 0 0 
3 4 9 9 

26
5 2 6 8 
5 1 6 8 
7   0 0 
7   0 0 
3 4 9 9 

27
5 2 6 8 
5 1 6 8 
7 0 0   
7 0 0   
3 4 9 9 

28
5 2 6   
5 1 6   
7 0 0 8 
7 0 0 8 
3 4 9 9 

29
5 2   6 
5 1   6 
7 0 0 8 
7 0 0 8 
3 4 9 9 

30
5   2 6 
5 1   6 
7 0 0 8 
7 0 0 8 
3 4 9 9 

31
5   2 6 
5   1 6 
7 0 0 8 
7 0 0 8 
3 4 9 9 

32
  5 2 6 
  5 1 6 
7 0 0 8 
7 0 0 8 
3 4 9 9 

33
7 5 2 6 
7 5 1 6 
  0 0 8 
  0 0 8 
3 4 9 9 

34
7 5 2 6 
7 5 1 6 
0 0   8 
0 0   8 
3 4 9 9 

35
7 5 2 6 
7 5 1 6 
0 0 8   
0 0 8   
3 4 9 9 

36
7 5 2   
7 5 1 6 
0 0 8 6 
0 0 8   
3 4 9 9 

37
7 5   2 
7 5 1 6 
0 0 8 6 
0 0 8   
3 4 9 9 

38
7 5 1 2 
7 5   6 
0 0 8 6 
0 0 8   
3 4 9 9 

39
7 5 1 2 
7 5 8 6 
0 0 8 6 
0 0     
3 4 9 9 

40
7 5 1 2 
7 5 8 6 
0 0 8 6 
0 0 9 9 
3 4     

41
7 5 1 2 
7 5 8 6 
0 0 8 6 
0 0 9 9 
3   4   

42
7 5 1 2 
7 5 8 6 
0 0 8 6 
0 0 9 9 
3     4 

43
7 5 1 2 
7 5 8 6 
0 0 8 6 
0 0 9 9 
  3   4 

44
7 5 1 2 
7 5 8 6 
0 0 8 6 
0 0 9 9 
    3 4 

45
7 5 1 2 
7 5 8 6 
    8 6 
0 0 9 9 
0 0 3 4 

46
7   1 2 
7 5 8 6 
  5 8 6 
0 0 9 9 
0 0 3 4 

47
    1 2 
7 5 8 6 
7 5 8 6 
0 0 9 9 
0 0 3 4 

48
  1   2 
7 5 8 6 
7 5 8 6 
0 0 9 9 
0 0 3 4 

49
  1 2   
7 5 8 6 
7 5 8 6 
0 0 9 9 
0 0 3 4 

50
  1 2 6 
7 5 8 6 
7 5 8   
0 0 9 9 
0 0 3 4 

51
1   2 6 
7 5 8 6 
7 5 8   
0 0 9 9 
0 0 3 4 

52
1 2   6 
7 5 8 6 
7 5 8   
0 0 9 9 
0 0 3 4 

53
1 2 8 6 
7 5 8 6 
7 5     
0 0 9 9 
0 0 3 4 

54
1 2 8 6 
7 5 8 6 
7 5 9 9 
0 0     
0 0 3 4 

55
1 2 8 6 
7 5 8 6 
7 5 9 9 
0 0 3   
0 0   4 

56
1 2 8 6 
7 5 8 6 
7 5 9 9 
0 0   3 
0 0   4 

57
1 2 8 6 
7 5 8 6 
7 5 9 9 
  0 0 3 
  0 0 4 

