0
1 0 0 2 
1 0 0 3 
6 6 5 4 
7     9 
7 8 8 9 

1
1 0 0 2 
1 0 0 3 
6 6   4 
7   5 9 
7 8 8 9 

2
1 0 0 2 
1 0 0 3 
6 6   4 
7 5   9 
7 8 8 9 

3
1 0 0 2 
1 0 0 3 
6 6 4   
7 5   9 
7 8 8 9 

4
1 0 0 2 
1 0 0 3 
6 6     
7 5 4 9 
7 8 8 9 

5
1 0 0 2 
1 0 0 3 
    6 6 
7 5 4 9 
7 8 8 9 

6
1 0 0 2 
1 0 0 3 
7   6 6 
7 5 4 9 
  8 8 9 

7
1 0 0 2 
1 0 0 3 
7   6 6 
7 5 4 9 
8 8   9 

8
1 0 0 2 
1 0 0 3 
7   6 6 
7 5   9 
8 8 4 9 

9
1 0 0 2 
1 0 0 3 
7   6 6 
7   5 9 
8 8 4 9 

10
1 0 0 2 
1 0 0 3 
  7 6 6 
  7 5 9 
8 8 4 9 

11
  0 0 2 
  0 0 3 
1 7 6 6 
1 7 5 9 
8 8 4 9 

12
0 0   2 
0 0   3 
1 7 6 6 
1 7 5 9 
8 8 4 9 

13
0 0   2 
0 0 3   
1 7 6 6 
1 7 5 9 
8 8 4 9 

14
0 0 3 2 
0 0     
1 7 6 6 
1 7 5 9 
8 8 4 9 

15
0 0 3 2 
0 0 6 6 
1 7     
1 7 5 9 
8 8 4 9 

16
0 0 3 2 
0 0 6 6 
1 7   9 
1 7 5 9 
8 8 4   

17
0 0 3 2 
0 0 6 6 
1 7 5 9 
1 7   9 
8 8 4   

18
0 0 3 2 
0 0 6 6 
1 7 5 9 
1 7 4 9 
8 8     

19
0 0 3 2 
0 0 6 6 
1 7 5 9 
1 7 4 9 
    8 8 

20
0 0 3 2 
0 0 6 6 
1   5 9 
1 7 4 9 
  7 8 8 

21
0 0 3 2 
0 0 6 6 
    5 9 
1 7 4 9 
1 7 8 8 

22
    3 2 
0 0 6 6 
0 0 5 9 
1 7 4 9 
1 7 8 8 

23
  3   2 
0 0 6 6 
0 0 5 9 
1 7 4 9 
1 7 8 8 

24
  3 2   
0 0 6 6 
0 0 5 9 
1 7 4 9 
1 7 8 8 

25
3   2   
0 0 6 6 
0 0 5 9 
1 7 4 9 
1 7 8 8 

26
3 2     
0 0 6 6 
0 0 5 9 
1 7 4 9 
1 7 8 8 

27
3 2 6 6 
0 0     
0 0 5 9 
1 7 4 9 
1 7 8 8 

28
3 2 6 6 
0 0   9 
0 0 5 9 
1 7 4   
1 7 8 8 

29
3 2 6 6 
0 0   9 
0 0 5 9 
1 7   4 
1 7 8 8 

30
3 2 6 6 
0 0   9 
0 0   9 
1 7 5 4 
1 7 8 8 

31
3 2 6 6 
  0 0 9 
  0 0 9 
1 7 5 4 
1 7 8 8 

32
3 2 6 6 
1 0 0 9 
1 0 0 9 
  7 5 4 
  7 8 8 

33
3 2 6 6 
1 0 0 9 
1 0 0 9 
7   5 4 
7   8 8 

34
3 2 6 6 
1 0 0 9 
1 0 0 9 
7   5 4 
7 8 8   

35
3 2 6 6 
1 0 0 9 
1 0 0 9 
7   5   
7 8 8 4 

36
3 2 6 6 
1 0 0 9 
1 0 0 9 
7     5 
7 8 8 4 

37
3 2 6 6 
1     9 
1 0 0 9 
7 0 0 5 
7 8 8 4 

38
3   6 6 
1 2   9 
1 0 0 9 
7 0 0 5 
7 8 8 4 

39
  3 6 6 
1 2   9 
1 0 0 9 
7 0 0 5 
7 8 8 4 

40
1 3 6 6 
1 2   9 
  0 0 9 
7 0 0 5 
7 8 8 4 

41
1 3 6 6 
1 2   9 
7 0 0 9 
7 0 0 5 
  8 8 4 

42
1 3 6 6 
1   2 9 
7 0 0 9 
7 0 0 5 
  8 8 4 

43
1   6 6 
1 3 2 9 
7 0 0 9 
7 0 0 5 
  8 8 4 

44
1 6 6   
1 3 2 9 
7 0 0 9 
7 0 0 5 
  8 8 4 

45
1 6 6 9 
1 3 2 9 
7 0 0   
7 0 0 5 
  8 8 4 

46
1 6 6 9 
1 3 2 9 
7 0 0   
7 0 0 5 
8 8   4 

47
1 6 6 9 
1 3 2 9 
7 0 0   
7 0 0 5 
8 8 4   

48
1 6 6 9 
1 3 2 9 
7 0 0   
7 0 0   
8 8 4 5 

49
1 6 6 9 
1 3 2 9 
7   0 0 
7   0 0 
8 8 4 5 

50
1 6 6 9 
1 3 2 9 
  7 0 0 
  7 0 0 
8 8 4 5 

51
  6 6 9 
1 3 2 9 
1 7 0 0 
  7 0 0 
8 8 4 5 

52
6 6   9 
1 3 2 9 
1 7 0 0 
  7 0 0 
8 8 4 5 

53
6 6 2 9 
1 3   9 
1 7 0 0 
  7 0 0 
8 8 4 5 

54
6 6 2 9 
1   3 9 
1 7 0 0 
  7 0 0 
8 8 4 5 

55
6 6 2 9 
1 7 3 9 
1 7 0 0 
    0 0 
8 8 4 5 

56
6 6 2 9 
1 7 3 9 
1 7 0 0 
8 8 0 0 
    4 5 

57
6 6 2 9 
1 7 3 9 
1 7 0 0 
8 8 0 0 
  4   5 

58
6 6 2 9 
1 7 3 9 
1 7 0 0 
8 8 0 0 
  4 5   

59
6 6 2 9 
1 7 3 9 
1 7 0 0 
8 8 0 0 
4   5   

60
6 6 2 9 
1 7 3 9 
1 7 0 0 
8 8 0 0 
4 5     

61
6 6 2 9 
1 7 3 9 
1 7     
8 8 0 0 
4 5 0 0 

62
6 6 2   
1 7 3 9 
1 7   9 
8 8 0 0 
4 5 0 0 

63
6 6 2   
1 7   9 
1 7 3 9 
8 8 0 0 
4 5 0 0 

64
6 6     
1 7 2 9 
1 7 3 9 
8 8 0 0 
4 5 0 0 

65
    6 6 
1 7 2 9 
1 7 3 9 
8 8 0 0 
4 5 0 0 

66
  7 6 6 
1 7 2 9 
1   3 9 
8 8 0 0 
4 5 0 0 

67
1 7 6 6 
1 7 2 9 
    3 9 
8 8 0 0 
4 5 0 0 

68
1 7 6 6 
1 7 2 9 
8 8 3 9 
    0 0 
4 5 0 0 

69
1 7 6 6 
1 7 2 9 
8 8 3 9 
  5 0 0 
4   0 0 

70
1 7 6 6 
1 7 2 9 
8 8 3 9 
5   0 0 
4   0 0 

71
1 7 6 6 
1 7 2 9 
8 8 3 9 
5 0 0   
4 0 0   

