0
5 0 0 6 
5 0 0 6 
7 9 9 8 
7 1 2 8 
  3   4 

1
5 0 0 6 
5 0 0 6 
  9 9 8 
7 1 2 8 
7 3   4 

2
5 0 0 6 
5 0 0 6 
  9 9 8 
7 1 2 8 
7   3 4 

3
5 0 0 6 
5 0 0 6 
  9 9 8 
7   2 8 
7 1 3 4 

4
5 0 0 6 
5 0 0 6 
  9 9 8 
7 2   8 
7 1 3 4 

5
5 0 0 6 
5 0 0 6 
9 9   8 
7 2   8 
7 1 3 4 

6
5 0 0 6 
5 0 0 6 
9 9 8   
7 2 8   
7 1 3 4 

7
5 0 0 6 
5 0 0 6 
9 9 8   
7 2 8 4 
7 1 3   

8
5 0 0 6 
5 0 0 6 
9 9 8 4 
7 2 8   
7 1 3   

9
5 0 0 6 
5 0 0 6 
9 9 8 4 
7 2 8   
7 1   3 

10
5 0 0 6 
5 0 0 6 
9 9 8 4 
7 2 8 3 
7 1     

11
5 0 0 6 
5 0 0 6 
9 9 8 4 
7 2 8 3 
7   1   

12
5 0 0 6 
5 0 0 6 
9 9 8 4 
7 2 8 3 
7     1 

13
5 0 0 6 
5 0 0 6 
9 9   4 
7 2 8 3 
7   8 1 

14
5 0 0 6 
5 0 0 6 
9 9   4 
7   8 3 
7 2 8 1 

15
5 0 0 6 
5 0 0 6 
  9 9 4 
7   8 3 
7 2 8 1 

16
5 0 0 6 
5 0 0 6 
7 9 9 4 
7   8 3 
  2 8 1 

17
5 0 0 6 
5 0 0 6 
7 9 9 4 
7   8 3 
2   8 1 

18
5 0 0 6 
5 0 0 6 
7 9 9 4 
7 8   3 
2 8   1 

19
5 0 0 6 
5 0 0 6 
7 9 9 4 
7 8 3   
2 8   1 

20
5 0 0 6 
5 0 0 6 
7 9 9 4 
7 8     
2 8 3 1 

21
5 0 0 6 
5 0 0 6 
7 9 9   
7 8   4 
2 8 3 1 

22
5 0 0 6 
5 0 0 6 
7 9 9   
7 8 4   
2 8 3 1 

23
5 0 0   
5 0 0   
7 9 9 6 
7 8 4 6 
2 8 3 1 

24
5   0 0 
5   0 0 
7 9 9 6 
7 8 4 6 
2 8 3 1 

25
  5 0 0 
  5 0 0 
7 9 9 6 
7 8 4 6 
2 8 3 1 

26
7 5 0 0 
7 5 0 0 
  9 9 6 
  8 4 6 
2 8 3 1 

27
7 5 0 0 
7 5 0 0 
  9 9 6 
2 8 4 6 
  8 3 1 

28
7 5 0 0 
7 5 0 0 
2 9 9 6 
  8 4 6 
  8 3 1 

29
7 5 0 0 
7 5 0 0 
2 9 9 6 
8   4 6 
8   3 1 

30
7 5 0 0 
7 5 0 0 
2 9 9 6 
8   4 6 
8 3   1 

31
7 5 0 0 
7 5 0 0 
2 9 9 6 
8   4 6 
8 3 1   

32
7 5 0 0 
7 5 0 0 
2 9 9   
8   4 6 
8 3 1 6 

33
7 5 0 0 
7 5 0 0 
2   9 9 
8   4 6 
8 3 1 6 

34
7   0 0 
7   0 0 
2 5 9 9 
8 5 4 6 
8 3 1 6 

35
  7 0 0 
  7 0 0 
2 5 9 9 
8 5 4 6 
8 3 1 6 

36
  7 0 0 
2 7 0 0 
  5 9 9 
8 5 4 6 
8 3 1 6 

37
2 7 0 0 
  7 0 0 
  5 9 9 
8 5 4 6 
8 3 1 6 

38
2 7 0 0 
  7 0 0 
8 5 9 9 
8 5 4 6 
  3 1 6 

39
2 7 0 0 
  7 0 0 
8 5 9 9 
8 5 4 6 
3   1 6 

40
2 7 0 0 
  7 0 0 
8   9 9 
8 5 4 6 
3 5 1 6 

41
2   0 0 
  7 0 0 
8 7 9 9 
8 5 4 6 
3 5 1 6 

42
  2 0 0 
  7 0 0 
8 7 9 9 
8 5 4 6 
3 5 1 6 

43
8 2 0 0 
8 7 0 0 
  7 9 9 
  5 4 6 
3 5 1 6 

44
8 2 0 0 
8 7 0 0 
  7 9 9 
3 5 4 6 
  5 1 6 

45
8 2 0 0 
8 7 0 0 
3 7 9 9 
  5 4 6 
  5 1 6 

46
8 2 0 0 
8 7 0 0 
3 7 9 9 
5   4 6 
5   1 6 

47
8 2 0 0 
8   0 0 
3   9 9 
5 7 4 6 
5 7 1 6 

48
8 2 0 0 
8   0 0 
  3 9 9 
5 7 4 6 
5 7 1 6 

49
8 2 0 0 
8 3 0 0 
    9 9 
5 7 4 6 
5 7 1 6 

50
8 2 0 0 
8 3 0 0 
9 9     
5 7 4 6 
5 7 1 6 

51
8 2 0 0 
8 3 0 0 
9 9   6 
5 7 4 6 
5 7 1   

52
8 2 0 0 
8 3 0 0 
9 9   6 
5 7 4 6 
5 7   1 

53
8 2 0 0 
8 3 0 0 
9 9   6 
5 7   6 
5 7 4 1 

54
8 2 0 0 
8 3 0 0 
9 9 6   
5 7 6   
5 7 4 1 

55
8 2 0 0 
8 3 0 0 
9 9 6   
5 7 6 1 
5 7 4   

56
8 2 0 0 
8 3 0 0 
9 9 6   
5 7 6 1 
5 7   4 

57
8 2 0 0 
8 3 0 0 
9 9     
5 7 6 1 
5 7 6 4 

58
8 2 0 0 
8 3 0 0 
    9 9 
5 7 6 1 
5 7 6 4 

59
  2 0 0 
8 3 0 0 
8   9 9 
5 7 6 1 
5 7 6 4 

60
2   0 0 
8 3 0 0 
8   9 9 
5 7 6 1 
5 7 6 4 

61
2 3 0 0 
8   0 0 
8   9 9 
5 7 6 1 
5 7 6 4 

62
2 3 0 0 
8 7 0 0 
8 7 9 9 
5   6 1 
5   6 4 

63
2 3 0 0 
8 7 0 0 
8 7 9 9 
5 6   1 
5 6   4 

64
2 3 0 0 
8 7 0 0 
8 7 9 9 
5 6   1 
5 6 4   

65
2 3 0 0 
8 7 0 0 
8 7 9 9 
5 6     
5 6 4 1 

66
2 3 0 0 
8 7 0 0 
8 7     
5 6 9 9 
5 6 4 1 

67
2 3     
8 7 0 0 
8 7 0 0 
5 6 9 9 
5 6 4 1 

68
2   3   
8 7 0 0 
8 7 0 0 
5 6 9 9 
5 6 4 1 

69
2     3 
8 7 0 0 
8 7 0 0 
5 6 9 9 
5 6 4 1 

70
  2   3 
8 7 0 0 
8 7 0 0 
5 6 9 9 
5 6 4 1 

71
8 2   3 
8 7 0 0 
  7 0 0 
5 6 9 9 
5 6 4 1 

72
8 2   3 
8 7 0 0 
5 7 0 0 
5 6 9 9 
  6 4 1 

73
8   2 3 
8 7 0 0 
5 7 0 0 
5 6 9 9 
  6 4 1 

74
8 7 2 3 
8 7 0 0 
5   0 0 
5 6 9 9 
  6 4 1 

75
8 7 2 3 
8 7 0 0 
5 6 0 0 
5 6 9 9 
    4 1 

76
8 7 2 3 
8 7 0 0 
5 6 0 0 
5 6 9 9 
  4   1 

77
8 7 2 3 
8 7 0 0 
5 6 0 0 
5 6 9 9 
  4 1   

78
8 7 2 3 
8 7 0 0 
5 6 0 0 
5 6 9 9 
4   1   

79
8 7 2 3 
8 7 0 0 
5 6 0 0 
5 6 9 9 
4 1     

80
8 7 2 3 
8 7 0 0 
5 6 0 0 
5 6     
4 1 9 9 

81
8 7 2 3 
8 7     
5 6 0 0 
5 6 0 0 
4 1 9 9 

82
8 7   3 
8 7 2   
5 6 0 0 
5 6 0 0 
4 1 9 9 

83
8 7   3 
8 7   2 
5 6 0 0 
5 6 0 0 
4 1 9 9 

84
8   7 3 
8   7 2 
5 6 0 0 
5 6 0 0 
4 1 9 9 

85
8 6 7 3 
8 6 7 2 
5   0 0 
5   0 0 
4 1 9 9 

86
8 6 7 3 
8 6 7 2 
5 0 0   
5 0 0   
4 1 9 9 

87
8 6 7 3 
8 6 7   
5 0 0 2 
5 0 0   
4 1 9 9 

88
8 6 7 3 
8 6 7   
5 0 0   
5 0 0 2 
4 1 9 9 

89
8 6 7   
8 6 7 3 
5 0 0   
5 0 0 2 
4 1 9 9 

90
8 6 7   
8 6 7   
5 0 0 3 
5 0 0 2 
4 1 9 9 

91
8 6   7 
8 6   7 
5 0 0 3 
5 0 0 2 
4 1 9 9 

92
8   6 7 
8   6 7 
5 0 0 3 
5 0 0 2 
4 1 9 9 

93
  8 6 7 
  8 6 7 
5 0 0 3 
5 0 0 2 
4 1 9 9 

94
5 8 6 7 
5 8 6 7 
  0 0 3 
  0 0 2 
4 1 9 9 

95
5 8 6 7 
5 8 6 7 
0 0   3 
0 0   2 
4 1 9 9 

96
5 8 6 7 
5 8 6 7 
0 0   3 
0 0 2   
4 1 9 9 

97
5 8 6 7 
5 8 6 7 
0 0 2 3 
0 0     
4 1 9 9 

98
5 8 6 7 
5 8 6 7 
0 0 2 3 
0 0 9 9 
4 1     

99
5 8 6 7 
5 8 6 7 
0 0 2 3 
0 0 9 9 
4   1   

100
5 8 6 7 
5 8 6 7 
0 0 2 3 
0 0 9 9 
4     1 

101
5 8 6 7 
5 8 6 7 
0 0 2 3 
0 0 9 9 
  4   1 

102
5 8 6 7 
5 8 6 7 
0 0 2 3 
0 0 9 9 
    4 1 

103
5 8 6 7 
5 8 6 7 
    2 3 
0 0 9 9 
0 0 4 1 

104
5 8 6 7 
5 8 6 7 
  2   3 
0 0 9 9 
0 0 4 1 

105
5 8 6 7 
5 8 6 7 
  2 3   
0 0 9 9 
0 0 4 1 

106
5 8 6 7 
5 8 6 7 
2   3   
0 0 9 9 
0 0 4 1 

107
5 8 6 7 
5 8 6 7 
2 3     
0 0 9 9 
0 0 4 1 

108
5 8 6 7 
5 8 6 7 
2 3 9 9 
0 0     
0 0 4 1 

109
5 8 6 7 
5 8 6 7 
2 3 9 9 
0 0 4   
0 0   1 

110
5 8 6 7 
5 8 6 7 
2 3 9 9 
0 0   4 
0 0   1 

111
5 8 6 7 
5 8 6 7 
2 3 9 9 
  0 0 4 
  0 0 1 

