0
1 2 2 3 
4 2 2 5 
4 6   5 
7 6 8   
9 9 0 0 

1
1 2 2 3 
4 2 2 5 
4 6 8 5 
7 6     
9 9 0 0 

2
1 2 2 3 
4 2 2 5 
4 6 8 5 
7 6 0 0 
9 9     

3
1 2 2 3 
4 2 2 5 
4 6 8 5 
7 6 0 0 
    9 9 

4
1 2 2 3 
4 2 2 5 
4 6 8 5 
  6 0 0 
7   9 9 

5
1 2 2 3 
4 2 2 5 
4 6 8 5 
  6 0 0 
  7 9 9 

6
1 2 2 3 
  2 2 5 
  6 8 5 
4 6 0 0 
4 7 9 9 

7
  2 2 3 
1 2 2 5 
  6 8 5 
4 6 0 0 
4 7 9 9 

8
  2 2 3 
  2 2 5 
1 6 8 5 
4 6 0 0 
4 7 9 9 

9
2 2   3 
2 2   5 
1 6 8 5 
4 6 0 0 
4 7 9 9 

10
2 2 3   
2 2   5 
1 6 8 5 
4 6 0 0 
4 7 9 9 

11
2 2     
2 2 3 5 
1 6 8 5 
4 6 0 0 
4 7 9 9 

12
2 2   5 
2 2 3 5 
1 6 8   
4 6 0 0 
4 7 9 9 

13
2 2   5 
2 2 3 5 
1 6   8 
4 6 0 0 
4 7 9 9 

14
2 2   5 
2 2   5 
1 6 3 8 
4 6 0 0 
4 7 9 9 

15
  2 2 5 
  2 2 5 
1 6 3 8 
4 6 0 0 
4 7 9 9 

16
  2 2 5 
1 2 2 5 
  6 3 8 
4 6 0 0 
4 7 9 9 

17
1 2 2 5 
  2 2 5 
  6 3 8 
4 6 0 0 
4 7 9 9 

18
1 2 2 5 
4 2 2 5 
4 6 3 8 
  6 0 0 
  7 9 9 

19
1 2 2 5 
4 2 2 5 
4 6 3 8 
  6 0 0 
7   9 9 

20
1 2 2 5 
4 2 2 5 
4 6 3 8 
7 6 0 0 
    9 9 

21
1 2 2 5 
4 2 2 5 
4 6 3 8 
7 6 0 0 
9 9     

22
1 2 2 5 
4 2 2 5 
4 6 3 8 
7 6     
9 9 0 0 

23
1 2 2 5 
4 2 2 5 
4 6   8 
7 6 3   
9 9 0 0 

24
1 2 2 5 
4 2 2 5 
4 6 8   
7 6 3   
9 9 0 0 

25
1 2 2   
4 2 2   
4 6 8 5 
7 6 3 5 
9 9 0 0 

26
1   2 2 
4   2 2 
4 6 8 5 
7 6 3 5 
9 9 0 0 

27
1 6 2 2 
4 6 2 2 
4   8 5 
7   3 5 
9 9 0 0 

28
1 6 2 2 
4 6 2 2 
4   8 5 
  7 3 5 
9 9 0 0 

29
1 6 2 2 
4 6 2 2 
4 7 8 5 
    3 5 
9 9 0 0 

30
1 6 2 2 
4 6 2 2 
4 7 8 5 
9 9 3 5 
    0 0 

31
1 6 2 2 
4 6 2 2 
4 7 8 5 
9 9 3 5 
0 0     

32
1 6 2 2 
4 6 2 2 
4 7 8 5 
9 9   5 
0 0 3   

33
1 6 2 2 
4 6 2 2 
4 7 8 5 
9 9   5 
0 0   3 

34
1 6 2 2 
4 6 2 2 
4 7 8 5 
9 9   5 
  0 0 3 

35
1 6 2 2 
4 6 2 2 
4 7 8 5 
  9 9 5 
  0 0 3 

36
1 6 2 2 
  6 2 2 
  7 8 5 
4 9 9 5 
4 0 0 3 

37
  6 2 2 
1 6 2 2 
  7 8 5 
4 9 9 5 
4 0 0 3 

38
  6 2 2 
  6 2 2 
1 7 8 5 
4 9 9 5 
4 0 0 3 

39
6   2 2 
6   2 2 
1 7 8 5 
4 9 9 5 
4 0 0 3 

40
6   2 2 
6 7 2 2 
1   8 5 
4 9 9 5 
4 0 0 3 

41
6 7 2 2 
6   2 2 
1   8 5 
4 9 9 5 
4 0 0 3 

42
6 7 2 2 
6   2 2 
  1 8 5 
4 9 9 5 
4 0 0 3 

43
  7 2 2 
6   2 2 
6 1 8 5 
4 9 9 5 
4 0 0 3 

44
7   2 2 
6   2 2 
6 1 8 5 
4 9 9 5 
4 0 0 3 

45
7 2 2   
6 2 2   
6 1 8 5 
4 9 9 5 
4 0 0 3 

46
7 2 2 5 
6 2 2 5 
6 1 8   
4 9 9   
4 0 0 3 

47
7 2 2 5 
6 2 2 5 
6 1 8   
4   9 9 
4 0 0 3 

48
7 2 2 5 
6 2 2 5 
6   8   
4 1 9 9 
4 0 0 3 

49
7 2 2 5 
6 2 2 5 
6 8     
4 1 9 9 
4 0 0 3 

50
7 2 2 5 
6 2 2 5 
6 8 9 9 
4 1     
4 0 0 3 

51
7 2 2 5 
6 2 2 5 
6 8 9 9 
4 1   3 
4 0 0   

52
7 2 2 5 
6 2 2 5 
6 8 9 9 
4 1   3 
4   0 0 

53
7 2 2 5 
6 2 2 5 
6 8 9 9 
4   1 3 
4   0 0 

54
7 2 2 5 
6 2 2 5 
6 8 9 9 
  4 1 3 
  4 0 0 

55
7 2 2 5 
  2 2 5 
  8 9 9 
6 4 1 3 
6 4 0 0 

56
7 2 2 5 
  2 2 5 
8   9 9 
6 4 1 3 
6 4 0 0 

57
7 2 2 5 
8 2 2 5 
    9 9 
6 4 1 3 
6 4 0 0 

58
7 2 2 5 
8 2 2 5 
9 9     
6 4 1 3 
6 4 0 0 

59
7 2 2 5 
8 2 2 5 
9 9   3 
6 4 1   
6 4 0 0 

60
7 2 2 5 
8 2 2 5 
9 9 3   
6 4 1   
6 4 0 0 

61
7 2 2   
8 2 2   
9 9 3 5 
6 4 1 5 
6 4 0 0 

62
7   2 2 
8   2 2 
9 9 3 5 
6 4 1 5 
6 4 0 0 

63
7   2 2 
  8 2 2 
9 9 3 5 
6 4 1 5 
6 4 0 0 

64
7 8 2 2 
    2 2 
9 9 3 5 
6 4 1 5 
6 4 0 0 

65
7 8 2 2 
9 9 2 2 
    3 5 
6 4 1 5 
6 4 0 0 

66
7 8 2 2 
9 9 2 2 
  3   5 
6 4 1 5 
6 4 0 0 

67
7 8 2 2 
9 9 2 2 
  3 1 5 
6 4   5 
6 4 0 0 

68
7 8 2 2 
9 9 2 2 
3   1 5 
6 4   5 
6 4 0 0 

69
7 8 2 2 
9 9 2 2 
3 4 1 5 
6 4   5 
6   0 0 

70
7 8 2 2 
9 9 2 2 
3 4 1 5 
6 4   5 
6 0 0   

71
7 8 2 2 
9 9 2 2 
3 4 1   
6 4   5 
6 0 0 5 

72
7 8 2 2 
9 9 2 2 
3 4   1 
6 4   5 
6 0 0 5 

73
7 8 2 2 
9 9 2 2 
3   4 1 
6   4 5 
6 0 0 5 

74
7 8 2 2 
9 9 2 2 
  3 4 1 
6   4 5 
6 0 0 5 

75
7 8 2 2 
9 9 2 2 
    4 1 
6 3 4 5 
6 0 0 5 

76
7 8 2 2 
9 9 2 2 
6   4 1 
6 3 4 5 
  0 0 5 

77
7 8 2 2 
9 9 2 2 
6   4 1 
6 3 4 5 
0 0   5 

78
7 8 2 2 
9 9 2 2 
6     1 
6 3 4 5 
0 0 4 5 

79
7 8 2 2 
9 9 2 2 
6   1   
6 3 4 5 
0 0 4 5 

80
7 8 2 2 
9 9 2 2 
6 1     
6 3 4 5 
0 0 4 5 

81
7 8     
9 9 2 2 
6 1 2 2 
6 3 4 5 
0 0 4 5 

82
7   8   
9 9 2 2 
6 1 2 2 
6 3 4 5 
0 0 4 5 

83
7     8 
9 9 2 2 
6 1 2 2 
6 3 4 5 
0 0 4 5 

84
  7   8 
9 9 2 2 
6 1 2 2 
6 3 4 5 
0 0 4 5 

85
    7 8 
9 9 2 2 
6 1 2 2 
6 3 4 5 
0 0 4 5 

86
9 9 7 8 
    2 2 
6 1 2 2 
6 3 4 5 
0 0 4 5 

87
9 9 7 8 
6   2 2 
6 1 2 2 
  3 4 5 
0 0 4 5 

88
9 9 7 8 
6   2 2 
6 1 2 2 
3   4 5 
0 0 4 5 

89
9 9 7 8 
6   2 2 
6   2 2 
3 1 4 5 
0 0 4 5 

90
9 9 7 8 
6 2 2   
6 2 2   
3 1 4 5 
0 0 4 5 

91
9 9 7 8 
6 2 2 5 
6 2 2 5 
3 1 4   
0 0 4   

92
9 9 7 8 
6 2 2 5 
6 2 2 5 
3 1   4 
0 0   4 

93
9 9 7 8 
6 2 2 5 
6 2 2 5 
3 1   4 
  0 0 4 

94
9 9 7 8 
6 2 2 5 
6 2 2 5 
  1   4 
3 0 0 4 

95
9 9 7 8 
6 2 2 5 
6 2 2 5 
1     4 
3 0 0 4 

96
9 9 7 8 
6     5 
6 2 2 5 
1 2 2 4 
3 0 0 4 

97
9 9   8 
6   7 5 
6 2 2 5 
1 2 2 4 
3 0 0 4 

98
9 9 8   
6   7 5 
6 2 2 5 
1 2 2 4 
3 0 0 4 

99
9 9 8 5 
6   7 5 
6 2 2   
1 2 2 4 
3 0 0 4 

100
9 9 8 5 
6   7 5 
6 2 2 4 
1 2 2 4 
3 0 0   

101
9 9 8 5 
6   7 5 
6 2 2 4 
1 2 2 4 
3   0 0 

102
9 9 8 5 
6   7 5 
6 2 2 4 
1 2 2 4 
  3 0 0 

103
9 9 8 5 
6   7 5 
6 2 2 4 
  2 2 4 
1 3 0 0 

104
9 9 8 5 
6 7   5 
6 2 2 4 
  2 2 4 
1 3 0 0 

105
9 9   5 
6 7 8 5 
6 2 2 4 
  2 2 4 
1 3 0 0 

106
  9 9 5 
6 7 8 5 
6 2 2 4 
  2 2 4 
1 3 0 0 

107
6 9 9 5 
6 7 8 5 
  2 2 4 
  2 2 4 
1 3 0 0 

108
6 9 9 5 
6 7 8 5 
2 2   4 
2 2   4 
1 3 0 0 

109
6 9 9 5 
6 7 8 5 
2 2 4   
2 2 4   
1 3 0 0 

110
6 9 9   
6 7 8   
2 2 4 5 
2 2 4 5 
1 3 0 0 

111
6   9 9 
6 7 8   
2 2 4 5 
2 2 4 5 
1 3 0 0 

112
6 7 9 9 
6   8   
2 2 4 5 
2 2 4 5 
1 3 0 0 

113
6 7 9 9 
6 8     
2 2 4 5 
2 2 4 5 
1 3 0 0 

114
6 7 9 9 
6 8   5 
2 2 4 5 
2 2 4   
1 3 0 0 

115
6 7 9 9 
6 8 4 5 
2 2 4 5 
2 2     
1 3 0 0 

116
6 7 9 9 
6 8 4 5 
2 2 4 5 
2 2 0 0 
1 3     

117
6 7 9 9 
6 8 4 5 
2 2 4 5 
2 2 0 0 
1   3   

118
6 7 9 9 
6 8 4 5 
2 2 4 5 
2 2 0 0 
1     3 

119
6 7 9 9 
6 8 4 5 
2 2 4 5 
2 2 0 0 
  1   3 

120
6 7 9 9 
6 8 4 5 
2 2 4 5 
2 2 0 0 
    1 3 

121
6 7 9 9 
6 8 4 5 
    4 5 
2 2 0 0 
2 2 1 3 

122
6 7 9 9 
6   4 5 
  8 4 5 
2 2 0 0 
2 2 1 3 

123
  7 9 9 
6   4 5 
6 8 4 5 
2 2 0 0 
2 2 1 3 

124
    9 9 
6 7 4 5 
6 8 4 5 
2 2 0 0 
2 2 1 3 

125
9 9     
6 7 4 5 
6 8 4 5 
2 2 0 0 
2 2 1 3 

126
9 9   5 
6 7 4 5 
6 8 4   
2 2 0 0 
2 2 1 3 

127
9 9 4 5 
6 7 4 5 
6 8     
2 2 0 0 
2 2 1 3 

128
9 9 4 5 
6 7 4 5 
6 8 0 0 
2 2     
2 2 1 3 

129
9 9 4 5 
6 7 4 5 
6 8 0 0 
2 2 1   
2 2   3 

130
9 9 4 5 
6 7 4 5 
6 8 0 0 
2 2   1 
2 2   3 

131
9 9 4 5 
6 7 4 5 
6 8 0 0 
  2 2 1 
  2 2 3 

