0
1 2 2 3 
4 2 2 5 
4 6   5 
7 6 8   
9 9 0 0 

1
1 2 2 3 
4 2 2 5 
4 6 8 5 
7 6     
9 9 0 0 

2
1 2 2 3 
4 2 2 5 
4 6 8 5 
7 6 0 0 
9 9     

3
1 2 2 3 
4 2 2 5 
4 6 8 5 
7 6 0 0 
  9 9   

4
1 2 2 3 
4 2 2 5 
4 6 8 5 
  6 0 0 
7 9 9   

5
1 2 2 3 
4 2 2 5 
4 6 8 5 
  6 0 0 
7   9 9 

6
1 2 2 3 
4 2 2 5 
4 6 8 5 
  6 0 0 
  7 9 9 

7
1 2 2 3 
  2 2 5 
4 6 8 5 
4 6 0 0 
  7 9 9 

8
  2 2 3 
1 2 2 5 
4 6 8 5 
4 6 0 0 
  7 9 9 

9
  2 2 3 
1 2 2 5 
  6 8 5 
4 6 0 0 
4 7 9 9 

10
  2 2 3 
  2 2 5 
1 6 8 5 
4 6 0 0 
4 7 9 9 

11
2 2   3 
2 2   5 
1 6 8 5 
4 6 0 0 
4 7 9 9 

12
2 2 3   
2 2   5 
1 6 8 5 
4 6 0 0 
4 7 9 9 

13
2 2 3 5 
2 2   5 
1 6 8   
4 6 0 0 
4 7 9 9 

14
2 2 3 5 
2 2   5 
1 6   8 
4 6 0 0 
4 7 9 9 

15
2 2   5 
2 2 3 5 
1 6   8 
4 6 0 0 
4 7 9 9 

16
2 2   5 
2 2   5 
1 6 3 8 
4 6 0 0 
4 7 9 9 

17
  2 2 5 
  2 2 5 
1 6 3 8 
4 6 0 0 
4 7 9 9 

18
  2 2 5 
1 2 2 5 
  6 3 8 
4 6 0 0 
4 7 9 9 

19
  2 2 5 
1 2 2 5 
4 6 3 8 
4 6 0 0 
  7 9 9 

20
  2 2 5 
1 2 2 5 
4 6 3 8 
4 6 0 0 
7   9 9 

21
  2 2 5 
1 2 2 5 
4 6 3 8 
4 6 0 0 
7 9 9   

22
1 2 2 5 
  2 2 5 
4 6 3 8 
4 6 0 0 
7 9 9   

23
1 2 2 5 
4 2 2 5 
4 6 3 8 
  6 0 0 
7 9 9   

24
1 2 2 5 
4 2 2 5 
4 6 3 8 
  6 0 0 
7   9 9 

25
1 2 2 5 
4 2 2 5 
4 6 3 8 
7 6 0 0 
    9 9 

26
1 2 2 5 
4 2 2 5 
4 6 3 8 
7 6 0 0 
9 9     

27
1 2 2 5 
4 2 2 5 
4 6 3 8 
7 6     
9 9 0 0 

28
1 2 2 5 
4 2 2 5 
4 6   8 
7 6 3   
9 9 0 0 

29
1 2 2 5 
4 2 2 5 
4 6 8   
7 6 3   
9 9 0 0 

30
1 2 2 5 
4 2 2 5 
4 6 8   
7 6   3 
9 9 0 0 

31
1 2 2 5 
4 2 2 5 
4 6 8 3 
7 6     
9 9 0 0 

32
1 2 2 5 
4 2 2 5 
4 6 8 3 
7 6 0 0 
9 9     

33
1 2 2 5 
4 2 2 5 
4 6 8 3 
7 6 0 0 
  9 9   

34
1 2 2 5 
4 2 2 5 
4 6 8 3 
  6 0 0 
7 9 9   

35
1 2 2 5 
4 2 2 5 
4 6 8 3 
  6 0 0 
7   9 9 

36
1 2 2 5 
4 2 2 5 
4 6 8 3 
  6 0 0 
  7 9 9 

37
1 2 2 5 
  2 2 5 
4 6 8 3 
4 6 0 0 
  7 9 9 

38
  2 2 5 
1 2 2 5 
4 6 8 3 
4 6 0 0 
  7 9 9 

39
  2 2 5 
1 2 2 5 
  6 8 3 
4 6 0 0 
4 7 9 9 

40
  2 2 5 
  2 2 5 
1 6 8 3 
4 6 0 0 
4 7 9 9 

41
2 2   5 
2 2   5 
1 6 8 3 
4 6 0 0 
4 7 9 9 

42
2 2 5   
2 2 5   
1 6 8 3 
4 6 0 0 
4 7 9 9 

43
2 2 5   
2 2 5 3 
1 6 8   
4 6 0 0 
4 7 9 9 

44
2 2 5   
2 2 5 3 
1 6   8 
4 6 0 0 
4 7 9 9 

45
2 2 5 3 
2 2 5   
1 6   8 
4 6 0 0 
4 7 9 9 

46
2 2 5 3 
2 2 5 8 
1 6     
4 6 0 0 
4 7 9 9 

47
2 2   3 
2 2 5 8 
1 6 5   
4 6 0 0 
4 7 9 9 

48
2 2 3   
2 2 5 8 
1 6 5   
4 6 0 0 
4 7 9 9 

49
2 2 3 8 
2 2 5   
1 6 5   
4 6 0 0 
4 7 9 9 

50
2 2 3 8 
2 2   5 
1 6   5 
4 6 0 0 
4 7 9 9 

51
2 2   8 
2 2 3 5 
1 6   5 
4 6 0 0 
4 7 9 9 

52
2 2   8 
2 2   5 
1 6 3 5 
4 6 0 0 
4 7 9 9 

53
  2 2 8 
  2 2 5 
1 6 3 5 
4 6 0 0 
4 7 9 9 

54
  2 2 8 
1 2 2 5 
  6 3 5 
4 6 0 0 
4 7 9 9 

55
  2 2 8 
1 2 2 5 
4 6 3 5 
4 6 0 0 
  7 9 9 

56
  2 2 8 
1 2 2 5 
4 6 3 5 
4 6 0 0 
7   9 9 

57
1 2 2 8 
  2 2 5 
4 6 3 5 
4 6 0 0 
7   9 9 

58
1 2 2 8 
  2 2 5 
4   3 5 
4 6 0 0 
7 6 9 9 

59
1 2 2 8 
  2 2 5 
4 3   5 
4 6 0 0 
7 6 9 9 

60
1 2 2 8 
4 2 2 5 
4 3   5 
  6 0 0 
7 6 9 9 

61
1 2 2 8 
4 2 2 5 
4 3   5 
7 6 0 0 
  6 9 9 

62
1 2 2 8 
4 2 2 5 
4   3 5 
7 6 0 0 
  6 9 9 

63
1 2 2 8 
4 2 2 5 
4 6 3 5 
7 6 0 0 
    9 9 

64
1 2 2 8 
4 2 2 5 
4 6 3 5 
7 6 0 0 
9 9     

65
1 2 2 8 
4 2 2 5 
4 6 3 5 
7 6     
9 9 0 0 

66
1 2 2 8 
4 2 2 5 
4 6   5 
7 6 3   
9 9 0 0 

67
1 2 2 8 
4 2 2 5 
4 6   5 
7 6   3 
9 9 0 0 

68
1 2 2 8 
4 2 2 5 
4   6 5 
7   6 3 
9 9 0 0 

69
1 2 2 8 
4 2 2 5 
4   6 5 
  7 6 3 
9 9 0 0 

70
1 2 2 8 
4 2 2 5 
4 7 6 5 
    6 3 
9 9 0 0 

71
1 2 2 8 
4 2 2 5 
4 7 6 5 
9 9 6 3 
    0 0 

72
1 2 2 8 
4 2 2 5 
4 7 6 5 
9 9 6 3 
0 0     

73
1 2 2 8 
4 2 2 5 
4 7   5 
9 9 6 3 
0 0 6   

74
1 2 2 8 
4 2 2 5 
4   7 5 
9 9 6 3 
0 0 6   

75
1 2 2 8 
4 2 2 5 
4   7 5 
9 9 6   
0 0 6 3 

76
1 2 2 8 
4 2 2   
4   7 5 
9 9 6 5 
0 0 6 3 

77
1 2 2 8 
4 2 2   
4 7   5 
9 9 6 5 
0 0 6 3 

78
1 2 2 8 
4 2 2   
4 7 6 5 
9 9 6 5 
0 0   3 

79
1 2 2 8 
4 2 2   
4 7 6 5 
9 9 6 5 
0 0 3   

80
1 2 2   
4 2 2 8 
4 7 6 5 
9 9 6 5 
0 0 3   

81
1 2 2   
4 2 2 8 
4 7 6   
9 9 6 5 
0 0 3 5 

82
1 2 2   
4 2 2   
4 7 6 8 
9 9 6 5 
0 0 3 5 

83
1   2 2 
4   2 2 
4 7 6 8 
9 9 6 5 
0 0 3 5 

84
  1 2 2 
4   2 2 
4 7 6 8 
9 9 6 5 
0 0 3 5 

85
4 1 2 2 
4   2 2 
  7 6 8 
9 9 6 5 
0 0 3 5 

86
4 1 2 2 
4   2 2 
7   6 8 
9 9 6 5 
0 0 3 5 

87
4   2 2 
4 1 2 2 
7   6 8 
9 9 6 5 
0 0 3 5 

88
4   2 2 
4   2 2 
7 1 6 8 
9 9 6 5 
0 0 3 5 

89
4 2 2   
4 2 2   
7 1 6 8 
9 9 6 5 
0 0 3 5 

90
4 2 2   
4 2 2 8 
7 1 6   
9 9 6 5 
0 0 3 5 

91
4 2 2   
4 2 2 8 
7 1 6 5 
9 9 6 5 
0 0 3   

92
4 2 2   
4 2 2 8 
7 1 6 5 
9 9 6 5 
0 0   3 

93
4 2 2   
4 2 2 8 
7 1 6 5 
9 9 6 5 
  0 0 3 

94
4 2 2 8 
4 2 2   
7 1 6 5 
9 9 6 5 
  0 0 3 

95
4 2 2 8 
4 2 2 5 
7 1 6 5 
9 9 6   
  0 0 3 

96
4 2 2 8 
4 2 2 5 
7 1 6 5 
9 9 6   
0 0   3 

97
4 2 2 8 
4 2 2 5 
7 1 6 5 
9 9 6 3 
0 0     

98
4 2 2 8 
4 2 2 5 
7 1 6 5 
9 9 6 3 
    0 0 

99
4 2 2 8 
4 2 2 5 
7 1 6 5 
    6 3 
9 9 0 0 

100
4 2 2 8 
4 2 2 5 
  1 6 5 
7   6 3 
9 9 0 0 

101
4 2 2 8 
4 2 2 5 
1   6 5 
7   6 3 
9 9 0 0 

102
4 2 2 8 
4 2 2 5 
1 6   5 
7 6   3 
9 9 0 0 

103
4 2 2 8 
4 2 2 5 
1 6   5 
7 6 3   
9 9 0 0 

104
4 2 2 8 
4 2 2 5 
1 6 3 5 
7 6     
9 9 0 0 

105
4 2 2 8 
4 2 2 5 
1 6 3 5 
7 6 0 0 
9 9     

106
4 2 2 8 
4 2 2 5 
1 6 3 5 
7 6 0 0 
  9 9   

107
4 2 2 8 
4 2 2 5 
1 6 3 5 
  6 0 0 
7 9 9   

108
4 2 2 8 
4 2 2 5 
1 6 3 5 
  6 0 0 
7   9 9 

109
4 2 2 8 
4 2 2 5 
1 6 3 5 
  6 0 0 
  7 9 9 

110
4 2 2 8 
4 2 2 5 
  6 3 5 
1 6 0 0 
  7 9 9 

111
  2 2 8 
4 2 2 5 
4 6 3 5 
1 6 0 0 
  7 9 9 

112
  2 2 8 
4 2 2 5 
4 6 3 5 
1 6 0 0 
7   9 9 

113
  2 2 8 
4 2 2 5 
4   3 5 
1 6 0 0 
7 6 9 9 

114
  2 2 8 
4 2 2 5 
4 3   5 
1 6 0 0 
7 6 9 9 

115
4 2 2 8 
4 2 2 5 
  3   5 
1 6 0 0 
7 6 9 9 

116
4 2 2 8 
4 2 2 5 
1 3   5 
  6 0 0 
7 6 9 9 

117
4 2 2 8 
4 2 2 5 
1 3   5 
7 6 0 0 
  6 9 9 

118
4 2 2 8 
4 2 2 5 
1   3 5 
7 6 0 0 
  6 9 9 

119
4 2 2 8 
4 2 2 5 
  1 3 5 
7 6 0 0 
  6 9 9 

120
4 2 2 8 
4 2 2 5 
7 1 3 5 
  6 0 0 
  6 9 9 

121
4 2 2 8 
4 2 2 5 
7 1 3 5 
6   0 0 
6   9 9 

122
4 2 2 8 
4 2 2 5 
7 1 3 5 
6 0 0   
6   9 9 

123
4 2 2 8 
4 2 2 5 
7 1 3 5 
6 0 0   
6 9 9   

124
4 2 2 8 
4 2 2   
7 1 3 5 
6 0 0 5 
6 9 9   

125
4 2 2   
4 2 2 8 
7 1 3 5 
6 0 0 5 
6 9 9   

126
4 2 2   
4 2 2 8 
7 1 3   
6 0 0 5 
6 9 9 5 

127
4 2 2   
4 2 2 8 
7 1   3 
6 0 0 5 
6 9 9 5 

128
4 2 2   
4 2 2 8 
7   1 3 
6 0 0 5 
6 9 9 5 

129
4 2 2   
4 2 2 8 
  7 1 3 
6 0 0 5 
6 9 9 5 

130
4 2 2   
4 2 2 8 
6 7 1 3 
6 0 0 5 
  9 9 5 

131
4 2 2   
4 2 2 8 
6 7 1 3 
6 0 0 5 
9 9   5 

132
4 2 2 8 
4 2 2   
6 7 1 3 
6 0 0 5 
9 9   5 

133
4 2 2 8 
4 2 2 3 
6 7 1   
6 0 0 5 
9 9   5 

134
4 2 2 8 
4 2 2 3 
6 7   1 
6 0 0 5 
9 9   5 

135
4 2 2 8 
4 2 2 3 
6   7 1 
6 0 0 5 
9 9   5 

136
4 2 2 8 
4 2 2 3 
6   7 1 
6 0 0 5 
  9 9 5 

137
4 2 2 8 
4 2 2 3 
    7 1 
6 0 0 5 
6 9 9 5 

138
4 2 2 8 
4 2 2 3 
  7   1 
6 0 0 5 
6 9 9 5 

139
4 2 2 8 
4 2 2 3 
7     1 
6 0 0 5 
6 9 9 5 

140
4     8 
4 2 2 3 
7 2 2 1 
6 0 0 5 
6 9 9 5 

141
4   8   
4 2 2 3 
7 2 2 1 
6 0 0 5 
6 9 9 5 

142
4 8     
4 2 2 3 
7 2 2 1 
6 0 0 5 
6 9 9 5 

143
4 8   3 
4 2 2   
7 2 2 1 
6 0 0 5 
6 9 9 5 

144
4 8 3   
4 2 2   
7 2 2 1 
6 0 0 5 
6 9 9 5 

145
4 8 3   
4 2 2 1 
7 2 2   
6 0 0 5 
6 9 9 5 

146
4 8 3 1 
4 2 2   
7 2 2   
6 0 0 5 
6 9 9 5 

147
4 8 3 1 
4   2 2 
7   2 2 
6 0 0 5 
6 9 9 5 

148
4 8 3 1 
4   2 2 
  7 2 2 
6 0 0 5 
6 9 9 5 

149
4 8 3 1 
4 7 2 2 
    2 2 
6 0 0 5 
6 9 9 5 

150
4 8 3 1 
4 7 2 2 
6   2 2 
6 0 0 5 
  9 9 5 

151
4 8 3 1 
4 7 2 2 
6   2 2 
6 0 0 5 
9 9   5 

152
4 8 3 1 
4   2 2 
6 7 2 2 
6 0 0 5 
9 9   5 

153
4   3 1 
4 8 2 2 
6 7 2 2 
6 0 0 5 
9 9   5 

154
4 3   1 
4 8 2 2 
6 7 2 2 
6 0 0 5 
9 9   5 

155
4 3 1   
4 8 2 2 
6 7 2 2 
6 0 0 5 
9 9   5 

156
4 3 1   
4 8 2 2 
6 7 2 2 
6 0 0 5 
  9 9 5 

157
4 3 1   
4 8 2 2 
  7 2 2 
6 0 0 5 
6 9 9 5 

158
4 3 1   
4 8 2 2 
7   2 2 
6 0 0 5 
6 9 9 5 

159
4 3   1 
4 8 2 2 
7   2 2 
6 0 0 5 
6 9 9 5 

160
4 3   1 
4   2 2 
7 8 2 2 
6 0 0 5 
6 9 9 5 

161
4   3 1 
4   2 2 
7 8 2 2 
6 0 0 5 
6 9 9 5 

162
  4 3 1 
  4 2 2 
7 8 2 2 
6 0 0 5 
6 9 9 5 

163
  4 3 1 
7 4 2 2 
  8 2 2 
6 0 0 5 
6 9 9 5 

164
  4 3 1 
7 4 2 2 
8   2 2 
6 0 0 5 
6 9 9 5 

165
7 4 3 1 
  4 2 2 
8   2 2 
6 0 0 5 
6 9 9 5 

166
7 4 3 1 
8 4 2 2 
    2 2 
6 0 0 5 
6 9 9 5 

167
7 4 3 1 
8 4 2 2 
6   2 2 
6 0 0 5 
  9 9 5 

168
7 4 3 1 
8 4 2 2 
6   2 2 
6 0 0 5 
9 9   5 

169
7   3 1 
8 4 2 2 
6 4 2 2 
6 0 0 5 
9 9   5 

170
  7 3 1 
8 4 2 2 
6 4 2 2 
6 0 0 5 
9 9   5 

171
  7 3 1 
8 4 2 2 
6 4 2 2 
6 0 0 5 
  9 9 5 

172
8 7 3 1 
  4 2 2 
6 4 2 2 
6 0 0 5 
  9 9 5 

173
8 7 3 1 
  4 2 2 
  4 2 2 
6 0 0 5 
6 9 9 5 

174
8 7 3 1 
4   2 2 
4   2 2 
6 0 0 5 
6 9 9 5 

175
8 7 3 1 
4 2 2   
4 2 2   
6 0 0 5 
6 9 9 5 

176
8 7 3 1 
4 2 2 5 
4 2 2 5 
6 0 0   
6 9 9   

177
8 7 3 1 
4 2 2 5 
4 2 2 5 
6   0 0 
6 9 9   

178
8 7 3 1 
4 2 2 5 
4 2 2 5 
6   0 0 
6   9 9 

179
8 7 3 1 
4 2 2 5 
4 2 2 5 
  6 0 0 
  6 9 9 

180
8 7 3 1 
  2 2 5 
4 2 2 5 
4 6 0 0 
  6 9 9 

181
  7 3 1 
8 2 2 5 
4 2 2 5 
4 6 0 0 
  6 9 9 

182
7   3 1 
8 2 2 5 
4 2 2 5 
4 6 0 0 
  6 9 9 

183
7 3   1 
8 2 2 5 
4 2 2 5 
4 6 0 0 
  6 9 9 

184
7 3 1   
8 2 2 5 
4 2 2 5 
4 6 0 0 
  6 9 9 

185
7 3 1 5 
8 2 2 5 
4 2 2   
4 6 0 0 
  6 9 9 

186
7 3 1 5 
8 2 2 5 
  2 2   
4 6 0 0 
4 6 9 9 

187
7 3 1 5 
  2 2 5 
8 2 2   
4 6 0 0 
4 6 9 9 

188
  3 1 5 
7 2 2 5 
8 2 2   
4 6 0 0 
4 6 9 9 

189
3   1 5 
7 2 2 5 
8 2 2   
4 6 0 0 
4 6 9 9 

190
3   1   
7 2 2 5 
8 2 2 5 
4 6 0 0 
4 6 9 9 

191
3     1 
7 2 2 5 
8 2 2 5 
4 6 0 0 
4 6 9 9 

192
3 2 2 1 
7 2 2 5 
8     5 
4 6 0 0 
4 6 9 9 

193
3 2 2 1 
7 2 2 5 
  8   5 
4 6 0 0 
4 6 9 9 

194
3 2 2 1 
7 2 2 5 
    8 5 
4 6 0 0 
4 6 9 9 

195
3 2 2 1 
7 2 2 5 
4   8 5 
4 6 0 0 
  6 9 9 

196
3 2 2 1 
7 2 2 5 
4 6 8 5 
4 6 0 0 
    9 9 

197
3 2 2 1 
7 2 2 5 
4 6 8 5 
4 6 0 0 
9 9     

198
3 2 2 1 
7 2 2 5 
4 6 8 5 
4 6     
9 9 0 0 

199
3 2 2 1 
7 2 2 5 
4 6   5 
4 6 8   
9 9 0 0 

200
3 2 2 1 
7 2 2 5 
4 6   5 
4 6   8 
9 9 0 0 

201
3 2 2 1 
7 2 2 5 
4   6 5 
4   6 8 
9 9 0 0 

202
3 2 2 1 
7 2 2 5 
  4 6 5 
  4 6 8 
9 9 0 0 

203
3 2 2 1 
  2 2 5 
7 4 6 5 
  4 6 8 
9 9 0 0 

204
  2 2 1 
3 2 2 5 
7 4 6 5 
  4 6 8 
9 9 0 0 

205
  2 2 1 
3 2 2 5 
  4 6 5 
7 4 6 8 
9 9 0 0 

206
  2 2 1 
  2 2 5 
3 4 6 5 
7 4 6 8 
9 9 0 0 

207
2 2   1 
2 2   5 
3 4 6 5 
7 4 6 8 
9 9 0 0 

208
2 2 1   
2 2   5 
3 4 6 5 
7 4 6 8 
9 9 0 0 

209
2 2 1   
2 2 6 5 
3 4 6 5 
7 4   8 
9 9 0 0 

210
2 2 1   
2 2 6 5 
3 4 6 5 
7 4 8   
9 9 0 0 

211
2 2   1 
2 2 6 5 
3 4 6 5 
7 4 8   
9 9 0 0 

212
2 2 6 1 
2 2 6 5 
3 4   5 
7 4 8   
9 9 0 0 

213
2 2 6 1 
2 2 6 5 
3 4 8 5 
7 4     
9 9 0 0 

214
2 2 6 1 
2 2 6 5 
3 4 8 5 
7 4 0 0 
9 9     

215
2 2 6 1 
2 2 6 5 
3 4 8 5 
7 4 0 0 
  9 9   

216
2 2 6 1 
2 2 6 5 
3 4 8 5 
  4 0 0 
7 9 9   

217
2 2 6 1 
2 2 6 5 
3 4 8 5 
  4 0 0 
7   9 9 

218
2 2 6 1 
2 2 6 5 
3 4 8 5 
  4 0 0 
  7 9 9 

219
2 2 6 1 
2 2 6 5 
  4 8 5 
3 4 0 0 
  7 9 9 

220
2 2 6 1 
2 2 6 5 
  4 8 5 
  4 0 0 
3 7 9 9 

221
2 2 6 1 
2 2 6 5 
4   8 5 
4   0 0 
3 7 9 9 

222
2 2 6 1 
2 2 6 5 
4 8   5 
4   0 0 
3 7 9 9 

223
2 2 6 1 
2 2 6 5 
4 8   5 
4 0 0   
3 7 9 9 

224
2 2   1 
2 2 6 5 
4 8 6 5 
4 0 0   
3 7 9 9 

225
2 2 1   
2 2 6 5 
4 8 6 5 
4 0 0   
3 7 9 9 

226
2 2 1   
2 2 6 5 
4 8 6 5 
4   0 0 
3 7 9 9 

227
2 2 1   
2 2 6 5 
4 8 6 5 
4 7 0 0 
3   9 9 

228
2 2 1   
2 2 6 5 
4 8 6 5 
4 7 0 0 
3 9 9   

229
2 2   1 
2 2 6 5 
4 8 6 5 
4 7 0 0 
3 9 9   

230
2 2 6 1 
2 2 6 5 
4 8   5 
4 7 0 0 
3 9 9   

231
2 2 6 1 
2 2 6 5 
4   8 5 
4 7 0 0 
3 9 9   

232
2 2 6 1 
2 2 6 5 
4 7 8 5 
4   0 0 
3 9 9   

233
2 2 6 1 
2 2 6 5 
4 7 8 5 
4 0 0   
3 9 9   

234
2 2 6 1 
2 2 6 5 
4 7 8 5 
4 0 0   
3   9 9 

235
2 2 6 1 
2 2 6 5 
4 7 8 5 
4 0 0   
  3 9 9 

236
2 2 6 1 
2 2 6 5 
4 7 8 5 
4   0 0 
  3 9 9 

237
2 2 6 1 
2 2 6 5 
4 7 8 5 
4 3 0 0 
    9 9 

238
2 2 6 1 
2 2 6 5 
4 7 8 5 
4 3 0 0 
9 9     

239
2 2 6 1 
2 2 6 5 
4 7 8 5 
4 3     
9 9 0 0 

240
2 2 6 1 
2 2 6 5 
4 7 8 5 
4   3   
9 9 0 0 

241
2 2 6 1 
2 2 6 5 
4 7 8 5 
4     3 
9 9 0 0 

242
2 2 6 1 
2 2 6 5 
4   8 5 
4 7   3 
9 9 0 0 

243
2 2 6 1 
2 2 6 5 
4 8   5 
4 7   3 
9 9 0 0 

244
2 2 6 1 
2 2 6 5 
4 8   5 
4 7 3   
9 9 0 0 

245
2 2 6 1 
2 2 6 5 
4 8 3 5 
4 7     
9 9 0 0 

246
2 2 6 1 
2 2 6 5 
4 8 3 5 
4   7   
9 9 0 0 

247
2 2 6 1 
2 2 6 5 
4 8 3 5 
4     7 
9 9 0 0 

248
2 2 6 1 
2 2 6 5 
4   3 5 
4 8   7 
9 9 0 0 

249
2 2 6 1 
2 2 6 5 
4 3   5 
4 8   7 
9 9 0 0 

250
2 2 6 1 
2 2 6 5 
4 3   5 
4 8 7   
9 9 0 0 

251
2 2 6 1 
2 2 6 5 
4 3 7 5 
4 8     
9 9 0 0 

252
2 2 6 1 
2 2 6 5 
4 3 7 5 
4   8   
9 9 0 0 

253
2 2 6 1 
2 2 6 5 
4 3 7 5 
4     8 
9 9 0 0 

254
2 2 6 1 
2 2 6 5 
4   7 5 
4 3   8 
9 9 0 0 

255
2 2 6 1 
2 2 6 5 
4 7   5 
4 3   8 
9 9 0 0 

256
2 2 6 1 
2 2 6 5 
4 7   5 
4   3 8 
9 9 0 0 

257
2 2 6 1 
2 2 6 5 
4 7 3 5 
4     8 
9 9 0 0 

258
2 2 6 1 
2 2 6 5 
4 7 3 5 
4   8   
9 9 0 0 

259
2 2 6 1 
2 2 6 5 
4 7 3 5 
4 8     
9 9 0 0 

260
2 2 6 1 
2 2 6 5 
4 7 3 5 
4 8 0 0 
9 9     

261
2 2 6 1 
2 2 6 5 
4 7 3 5 
4 8 0 0 
  9 9   

262
2 2 6 1 
2 2 6 5 
  7 3 5 
4 8 0 0 
4 9 9   

263
2 2 6 1 
2 2 6 5 
7   3 5 
4 8 0 0 
4 9 9   

264
2 2 6 1 
2 2 6 5 
7 3   5 
4 8 0 0 
4 9 9   

265
2 2 6 1 
2 2 6 5 
7 3   5 
4 8 0 0 
4   9 9 

266
2 2   1 
2 2 6 5 
7 3 6 5 
4 8 0 0 
4   9 9 

267
2 2 1   
2 2 6 5 
7 3 6 5 
4 8 0 0 
4   9 9 

268
2 2 1 5 
2 2 6 5 
7 3 6   
4 8 0 0 
4   9 9 

269
2 2 1 5 
2 2 6 5 
7 3 6   
4   0 0 
4 8 9 9 

270
2 2 1 5 
2 2 6 5 
7 3 6   
4 0 0   
4 8 9 9 

271
2 2 1   
2 2 6 5 
7 3 6 5 
4 0 0   
4 8 9 9 

272
2 2   1 
2 2 6 5 
7 3 6 5 
4 0 0   
4 8 9 9 

273
2 2 6 1 
2 2 6 5 
7 3   5 
4 0 0   
4 8 9 9 

274
2 2 6 1 
2 2 6 5 
7   3 5 
4 0 0   
4 8 9 9 

275
2 2 6 1 
2 2 6 5 
  7 3 5 
4 0 0   
4 8 9 9 

276
2 2 6 1 
2 2 6 5 
  7 3 5 
4   0 0 
4 8 9 9 

277
2 2 6 1 
2 2 6 5 
4 7 3 5 
4   0 0 
  8 9 9 

278
2 2 6 1 
2 2 6 5 
4 7 3 5 
4   0 0 
8   9 9 

279
2 2 6 1 
2 2 6 5 
4 7 3 5 
4 0 0   
8   9 9 

280
2 2 6 1 
2 2 6 5 
4 7 3 5 
4 0 0   
8 9 9   

281
2 2 6 1 
2 2 6   
4 7 3 5 
4 0 0 5 
8 9 9   

282
2 2 6   
2 2 6 1 
4 7 3 5 
4 0 0 5 
8 9 9   

283
2 2 6   
2 2 6 1 
4 7 3   
4 0 0 5 
8 9 9 5 

284
2 2 6   
2 2 6 1 
4 7   3 
4 0 0 5 
8 9 9 5 

285
2 2 6   
2 2 6 1 
4   7 3 
4 0 0 5 
8 9 9 5 

286
2 2 6 1 
2 2 6   
4   7 3 
4 0 0 5 
8 9 9 5 

287
2 2 6 1 
2 2 6 3 
4   7   
4 0 0 5 
8 9 9 5 

288
2 2 6 1 
2 2 6 3 
4 7     
4 0 0 5 
8 9 9 5 

289
2 2 6 1 
2 2 6 3 
4 7   5 
4 0 0 5 
8 9 9   

290
2 2 6 1 
2 2 6 3 
4 7   5 
4 0 0 5 
8   9 9 

291
2 2 6 1 
2 2 6 3 
4   7 5 
4 0 0 5 
8   9 9 

292
2 2 6 1 
2 2 6 3 
4   7 5 
4 0 0 5 
  8 9 9 

293
2 2 6 1 
2 2 6 3 
    7 5 
4 0 0 5 
4 8 9 9 

294
2 2 6 1 
2 2 6 3 
  7   5 
4 0 0 5 
4 8 9 9 

295
2 2 6 1 
2 2 6 3 
7     5 
4 0 0 5 
4 8 9 9 

296
2 2 6 1 
2 2 6 3 
7 0 0 5 
4     5 
4 8 9 9 

297
2 2 6 1 
2 2 6 3 
7 0 0 5 
4 8   5 
4   9 9 

298
2 2 6 1 
2 2 6 3 
7 0 0 5 
4 8   5 
4 9 9   

299
2 2 6 1 
2 2 6 3 
7 0 0 5 
4   8 5 
4 9 9   

300
2 2 6 1 
2 2 6 3 
7 0 0   
4   8 5 
4 9 9 5 

301
2 2 6 1 
2 2 6 3 
7   0 0 
4   8 5 
4 9 9 5 

302
2 2 6 1 
2 2 6 3 
7   0 0 
4 8   5 
4 9 9 5 

303
2 2 6 1 
2 2 6 3 
  7 0 0 
4 8   5 
4 9 9 5 

304
2 2 6 1 
2 2 6 3 
4 7 0 0 
4 8   5 
  9 9 5 

305
2 2 6 1 
2 2 6 3 
4 7 0 0 
4 8   5 
9 9   5 

306
2 2 6 1 
2 2 6 3 
4 7 0 0 
4   8 5 
9 9   5 

307
2 2 6 1 
2 2 6 3 
4   0 0 
4 7 8 5 
9 9   5 

308
2 2 6 1 
2 2 6 3 
4 0 0   
4 7 8 5 
9 9   5 

309
2 2 6 1 
2 2 6 3 
4 0 0   
4 7 8 5 
  9 9 5 

310
2 2 6 1 
2 2 6 3 
4 0 0 5 
4 7 8 5 
  9 9   

311
2 2 6 1 
2 2 6 3 
4 0 0 5 
4 7 8 5 
    9 9 

312
2 2 6 1 
2 2 6 3 
  0 0 5 
4 7 8 5 
4   9 9 

313
2 2 6 1 
2 2 6 3 
0 0   5 
4 7 8 5 
4   9 9 

314
2 2 6 1 
2 2 6 3 
0 0   5 
4 7 8 5 
4 9 9   

315
2 2 6 1 
2 2 6 3 
0 0 8 5 
4 7   5 
4 9 9   

316
2 2 6 1 
2 2 6 3 
0 0 8 5 
4   7 5 
4 9 9   

317
2 2 6 1 
2 2 6 3 
0 0 8   
4   7 5 
4 9 9 5 

318
2 2 6 1 
2 2 6 3 
0 0   8 
4   7 5 
4 9 9 5 

319
2 2 6 1 
2 2 6 3 
0 0   8 
4 7   5 
4 9 9 5 

320
2 2 6 1 
2 2 6 3 
  0 0 8 
4 7   5 
4 9 9 5 

321
2 2 6 1 
2 2 6 3 
4 0 0 8 
4 7   5 
  9 9 5 

322
2 2 6 1 
2 2 6 3 
4 0 0 8 
4 7   5 
9 9   5 

323
2 2 6 1 
2 2 6 3 
4 0 0 8 
4   7 5 
9 9   5 

324
2 2 6 1 
2 2 6 3 
4 0 0 8 
4     5 
9 9 7 5 

325
2 2 6 1 
2 2 6 3 
4     8 
4 0 0 5 
9 9 7 5 

326
2 2 6 1 
2 2 6 3 
4   8   
4 0 0 5 
9 9 7 5 

327
2 2 6 1 
2 2 6 3 
4 8     
4 0 0 5 
9 9 7 5 

328
2 2 6 1 
2 2 6 3 
4 8   5 
4 0 0 5 
9 9 7   

329
2 2 6 1 
2 2 6 3 
4 8   5 
4 0 0 5 
9 9   7 

330
2 2 6 1 
2 2 6 3 
4   8 5 
4 0 0 5 
9 9   7 

331
2 2 6 1 
2 2 6 3 
4   8 5 
4 0 0 5 
  9 9 7 

332
2 2 6 1 
2 2 6 3 
    8 5 
4 0 0 5 
4 9 9 7 

333
2 2 6 1 
2 2 6 3 
  8   5 
4 0 0 5 
4 9 9 7 

334
2 2 6 1 
2 2 6 3 
8     5 
4 0 0 5 
4 9 9 7 

335
2 2 6 1 
2 2 6 3 
8 0 0 5 
4     5 
4 9 9 7 

336
2 2 6 1 
2 2 6 3 
8 0 0 5 
4 9 9 5 
4     7 

337
2 2 6 1 
2 2 6 3 
8 0 0 5 
4 9 9 5 
4   7   

338
2 2 6 1 
2 2 6 3 
8 0 0 5 
4 9 9 5 
4 7     

339
2 2 6 1 
2 2 6 3 
8 0 0   
4 9 9 5 
4 7   5 

340
2 2 6 1 
2 2 6 3 
8   0 0 
4 9 9 5 
4 7   5 

341
2 2 6 1 
2 2 6 3 
  8 0 0 
4 9 9 5 
4 7   5 

342
2 2 6 1 
2 2 6 3 
4 8 0 0 
4 9 9 5 
  7   5 

343
2 2 6 1 
2 2 6 3 
4 8 0 0 
4 9 9 5 
7     5 

344
2 2 6 1 
2 2 6 3 
4 8 0 0 
4     5 
7 9 9 5 

345
2 2 6 1 
2 2 6 3 
4   0 0 
4 8   5 
7 9 9 5 

346
2 2 6 1 
2 2 6 3 
4 0 0   
4 8   5 
7 9 9 5 

347
2 2 6 1 
2 2 6 3 
4 0 0   
4   8 5 
7 9 9 5 

348
2 2 6 1 
2 2 6 3 
4 0 0 5 
4   8 5 
7 9 9   

349
2 2 6 1 
2 2 6 3 
4 0 0 5 
4   8 5 
7   9 9 

350
2 2 6 1 
2 2 6 3 
4 0 0 5 
4 8   5 
7   9 9 

351
2 2 6 1 
2 2 6 3 
4 0 0 5 
4 8   5 
  7 9 9 

352
2 2 6 1 
2 2 6 3 
  0 0 5 
4 8   5 
4 7 9 9 

353
2 2 6 1 
2 2 6 3 
0 0   5 
4 8   5 
4 7 9 9 

354
2 2 6 1 
2 2 6 3 
0 0 5   
4 8 5   
4 7 9 9 

355
2 2 6 1 
2 2 6   
0 0 5 3 
4 8 5   
4 7 9 9 

356
2 2 6   
2 2 6 1 
0 0 5 3 
4 8 5   
4 7 9 9 

357
2 2 6   
2 2 6 1 
0 0 5   
4 8 5 3 
4 7 9 9 

358
2 2 6   
2 2 6   
0 0 5 1 
4 8 5 3 
4 7 9 9 

359
2 2   6 
2 2   6 
0 0 5 1 
4 8 5 3 
4 7 9 9 

360
2 2   6 
2 2 5 6 
0 0 5 1 
4 8   3 
4 7 9 9 

361
2 2   6 
2 2 5 6 
0 0 5 1 
4 8 3   
4 7 9 9 

362
2 2 5 6 
2 2 5 6 
0 0   1 
4 8 3   
4 7 9 9 

363
2 2 5 6 
2 2 5 6 
0 0 1   
4 8 3   
4 7 9 9 

364
2 2 5 6 
2 2 5 6 
0 0 1   
4 8   3 
4 7 9 9 

365
2 2 5 6 
2 2 5 6 
0 0 1   
4   8 3 
4 7 9 9 

366
2 2 5 6 
2 2 5 6 
0 0   1 
4   8 3 
4 7 9 9 

367
2 2 5 6 
2 2 5 6 
  0 0 1 
4   8 3 
4 7 9 9 

368
2 2 5 6 
2 2 5 6 
  0 0 1 
4 8   3 
4 7 9 9 

369
2 2 5 6 
2 2 5 6 
4 0 0 1 
4 8   3 
  7 9 9 

370
2 2 5 6 
2 2 5 6 
4 0 0 1 
4 8 3   
  7 9 9 

371
2 2 5 6 
2 2 5 6 
4 0 0 1 
4 8 3   
7   9 9 

372
2 2 5 6 
2 2 5 6 
4 0 0 1 
4 8 3   
7 9 9   

373
2 2 5 6 
2 2 5 6 
4 0 0 1 
4 8   3 
7 9 9   

374
2 2 5 6 
2 2 5 6 
4 0 0 1 
4   8 3 
7 9 9   

375
2 2 5 6 
2 2 5 6 
4 0 0 1 
4   8   
7 9 9 3 

376
2 2 5 6 
2 2 5 6 
4 0 0 1 
4     8 
7 9 9 3 

377
2 2 5 6 
2 2 5 6 
4 0 0 1 
4 9 9 8 
7     3 

378
2 2 5 6 
2 2 5 6 
4 0 0 1 
4 9 9 8 
7   3   

379
2 2 5 6 
2 2 5 6 
4 0 0 1 
4 9 9 8 
7 3     

380
2 2 5 6 
2 2 5 6 
4 0 0 1 
4 9 9   
7 3   8 

381
2 2 5 6 
2 2 5 6 
4 0 0 1 
4 9 9   
7 3 8   

382
2 2 5 6 
2 2 5 6 
4 0 0 1 
4   9 9 
7 3 8   

383
2 2 5 6 
2 2 5 6 
4 0 0 1 
4 3 9 9 
7   8   

384
2 2 5 6 
2 2 5 6 
4 0 0 1 
4 3 9 9 
7 8     

385
2 2 5 6 
2 2 5 6 
4 0 0 1 
4 3     
7 8 9 9 

386
2 2 5 6 
2 2 5 6 
4 0 0   
4 3   1 
7 8 9 9 

387
2 2 5 6 
2 2 5 6 
4 0 0   
4 3 1   
7 8 9 9 

388
2 2 5 6 
2 2 5 6 
4   0 0 
4 3 1   
7 8 9 9 

389
2 2 5 6 
2 2 5 6 
4 3 0 0 
4   1   
7 8 9 9 

390
2 2 5 6 
2 2 5 6 
4 3 0 0 
4 1     
7 8 9 9 

391
2 2 5 6 
2 2 5 6 
4 3 0 0 
4 1 9 9 
7 8     

392
2 2 5 6 
2 2 5 6 
4 3 0 0 
4 1 9 9 
7   8   

393
2 2 5 6 
2 2 5 6 
4 3 0 0 
4 1 9 9 
  7 8   

394
2 2 5 6 
2 2 5 6 
4 3 0 0 
4 1 9 9 
  7   8 

395
2 2 5 6 
2 2 5 6 
4 3 0 0 
4 1 9 9 
    7 8 

396
2 2 5 6 
2 2 5 6 
  3 0 0 
4 1 9 9 
4   7 8 

397
2 2 5 6 
2 2 5 6 
3   0 0 
4 1 9 9 
4   7 8 

398
2 2 5 6 
2 2 5 6 
3 0 0   
4 1 9 9 
4   7 8 

399
2 2 5 6 
2 2 5 6 
3 0 0   
4 1 9 9 
4 7   8 

400
2 2 5 6 
2 2 5 6 
3 0 0   
4 1 9 9 
4 7 8   

401
2 2 5 6 
2 2 5 6 
3   0 0 
4 1 9 9 
4 7 8   

402
2 2 5 6 
2 2 5 6 
3 1 0 0 
4   9 9 
4 7 8   

403
2 2 5 6 
2 2 5 6 
3 1 0 0 
4 9 9   
4 7 8   

404
2 2 5 6 
2 2 5 6 
3 1 0 0 
4 9 9   
4 7   8 

405
2 2 5 6 
2 2 5 6 
3 1 0 0 
4 9 9   
4   7 8 

406
2 2 5 6 
2 2 5 6 
3 1 0 0 
4 9 9 8 
4   7   

407
2 2 5 6 
2 2 5 6 
3 1 0 0 
4 9 9 8 
4     7 

408
2 2 5 6 
2 2 5 6 
3 1 0 0 
4     8 
4 9 9 7 

409
2 2 5 6 
2 2 5 6 
3 1 0 0 
4   8   
4 9 9 7 

410
2 2 5 6 
2 2 5 6 
3 1 0 0 
4 8     
4 9 9 7 

411
2 2 5 6 
2 2 5 6 
3 1 0 0 
4 8   7 
4 9 9   

412
2 2 5 6 
2 2 5 6 
3 1 0 0 
4 8 7   
4 9 9   

413
2 2 5 6 
2 2 5 6 
3 1 0 0 
4 8 7   
4   9 9 

414
2 2 5 6 
2 2 5 6 
3 1 0 0 
4   7   
4 8 9 9 

415
2 2 5 6 
2 2 5 6 
3 1 0 0 
4 7     
4 8 9 9 

416
2 2 5 6 
2 2 5 6 
3 1     
4 7 0 0 
4 8 9 9 

417
2 2 5 6 
2 2 5 6 
3   1   
4 7 0 0 
4 8 9 9 

418
2 2 5 6 
2 2 5 6 
  3 1   
4 7 0 0 
4 8 9 9 

419
2 2 5 6 
2 2 5 6 
  3   1 
4 7 0 0 
4 8 9 9 

420
2 2 5 6 
2 2 5 6 
    3 1 
4 7 0 0 
4 8 9 9 

421
2 2 5 6 
2 2 5 6 
4   3 1 
4 7 0 0 
  8 9 9 

422
2 2 5 6 
2 2 5 6 
4   3 1 
4 7 0 0 
8   9 9 

423
2 2 5 6 
2 2 5 6 
4 3   1 
4 7 0 0 
8   9 9 

424
2 2 5 6 
2 2 5 6 
4 3 1   
4 7 0 0 
8   9 9 

425
2 2 5   
2 2 5 6 
4 3 1 6 
4 7 0 0 
8   9 9 

426
2 2 5   
2 2 5 6 
4 3 1 6 
4   0 0 
8 7 9 9 

427
2 2 5   
2 2 5 6 
4 3 1 6 
4 0 0   
8 7 9 9 

428
2 2 5 6 
2 2 5 6 
4 3 1   
4 0 0   
8 7 9 9 

429
2 2 5 6 
2 2 5 6 
4 3   1 
4 0 0   
8 7 9 9 

430
2 2 5 6 
2 2 5 6 
4   3 1 
4 0 0   
8 7 9 9 

431
2 2 5 6 
2 2 5 6 
4   3   
4 0 0 1 
8 7 9 9 

432
2 2 5 6 
2 2 5 6 
4     3 
4 0 0 1 
8 7 9 9 

433
2 2 5 6 
2 2 5 6 
4 0 0 3 
4     1 
8 7 9 9 

434
2 2 5 6 
2 2 5 6 
4 0 0 3 
4   1   
8 7 9 9 

435
2 2 5 6 
2 2 5 6 
4 0 0 3 
4 1     
8 7 9 9 

436
2 2 5 6 
2 2 5 6 
4 0 0 3 
4 1 9 9 
8 7     

437
2 2 5 6 
2 2 5 6 
4 0 0 3 
4 1 9 9 
8   7   

438
2 2 5 6 
2 2 5 6 
4 0 0 3 
4 1 9 9 
  8 7   

439
2 2 5 6 
2 2 5 6 
4 0 0 3 
4 1 9 9 
  8   7 

440
2 2 5 6 
2 2 5 6 
4 0 0 3 
4 1 9 9 
    8 7 

441
2 2 5 6 
2 2 5 6 
  0 0 3 
4 1 9 9 
4   8 7 

442
2 2 5 6 
2 2 5 6 
0 0   3 
4 1 9 9 
4   8 7 

443
2 2 5 6 
2 2 5 6 
0 0 3   
4 1 9 9 
4   8 7 

444
2 2 5   
2 2 5 6 
0 0 3 6 
4 1 9 9 
4   8 7 

445
2 2 5   
2 2 5 6 
0 0 3 6 
4   9 9 
4 1 8 7 

446
2 2 5   
2 2 5 6 
0 0 3 6 
4 9 9   
4 1 8 7 

447
2 2 5   
2 2 5 6 
0 0 3 6 
4 9 9 7 
4 1 8   

448
2 2 5   
2 2 5 6 
0 0 3 6 
4 9 9 7 
4 1   8 

449
2 2 5   
2 2 5 6 
0 0 3 6 
4 9 9 7 
4   1 8 

450
2 2 5 6 
2 2 5 6 
0 0 3   
4 9 9 7 
4   1 8 

451
2 2 5 6 
2 2 5 6 
0 0   3 
4 9 9 7 
4   1 8 

452
2 2 5 6 
2 2 5 6 
0 0   3 
4 9 9 7 
4 1   8 

453
2 2 5 6 
2 2 5 6 
0 0   3 
4 9 9 7 
4 1 8   

454
2 2 5 6 
2 2 5 6 
  0 0 3 
4 9 9 7 
4 1 8   

455
2 2 5 6 
2 2 5 6 
4 0 0 3 
4 9 9 7 
  1 8   

456
2 2 5 6 
2 2 5 6 
4 0 0 3 
4 9 9 7 
1   8   

457
2 2 5 6 
2 2 5 6 
4 0 0 3 
4 9 9 7 
1 8     

458
2 2 5 6 
2 2 5 6 
4 0 0 3 
4 9 9   
1 8   7 

459
2 2 5 6 
2 2 5 6 
4 0 0 3 
4   9 9 
1 8   7 

460
2 2 5 6 
2 2 5 6 
4 0 0 3 
4   9 9 
1 8 7   

461
2 2 5 6 
2 2 5 6 
4 0 0 3 
4 8 9 9 
1   7   

462
2 2 5 6 
2 2 5 6 
4 0 0 3 
4 8 9 9 
1 7     

463
2 2 5 6 
2 2 5 6 
4 0 0 3 
4 8     
1 7 9 9 

464
2 2 5 6 
2 2 5 6 
4 0 0 3 
4   8   
1 7 9 9 

465
2 2 5 6 
2 2 5 6 
4 0 0 3 
4     8 
1 7 9 9 

466
2 2 5 6 
2 2 5 6 
4 0 0 3 
4 7   8 
1   9 9 

467
2 2 5 6 
2 2 5 6 
4 0 0 3 
4 7   8 
1 9 9   

468
2 2 5 6 
2 2 5 6 
4 0 0 3 
4 7 8   
1 9 9   

469
2 2 5 6 
2 2 5 6 
4 0 0   
4 7 8 3 
1 9 9   

470
2 2 5 6 
2 2 5 6 
4   0 0 
4 7 8 3 
1 9 9   

471
2 2 5 6 
2 2 5 6 
4   0 0 
4 7 8 3 
1   9 9 

472
2 2 5 6 
2 2 5 6 
4   0 0 
4 7 8 3 
  1 9 9 

473
2 2 5 6 
2 2 5 6 
4 0 0   
4 7 8 3 
  1 9 9 

474
2 2 5 6 
2 2 5 6 
4 0 0 3 
4 7 8   
  1 9 9 

475
2 2 5 6 
2 2 5 6 
  0 0 3 
4 7 8   
4 1 9 9 

476
2 2 5 6 
2 2 5 6 
0 0   3 
4 7 8   
4 1 9 9 

477
2 2 5 6 
2 2 5 6 
0 0 3   
4 7 8   
4 1 9 9 

478
2 2 5 6 
2 2 5 6 
0 0 3   
4 7   8 
4 1 9 9 

479
2 2 5 6 
2 2 5 6 
0 0 3   
4   7 8 
4 1 9 9 

480
2 2 5 6 
2 2 5 6 
0 0   3 
4   7 8 
4 1 9 9 

481
2 2 5 6 
2 2 5 6 
  0 0 3 
4   7 8 
4 1 9 9 

482
2 2 5 6 
2 2 5 6 
4 0 0 3 
4   7 8 
  1 9 9 

483
2 2 5 6 
2 2 5 6 
4 0 0 3 
4 1 7 8 
    9 9 

484
2 2 5 6 
2 2 5 6 
4 0 0 3 
4 1 7 8 
9 9     

485
2 2 5 6 
2 2 5 6 
4 0 0 3 
4 1   8 
9 9 7   

486
2 2 5 6 
2 2 5 6 
4 0 0 3 
4 1 8   
9 9 7   

487
2 2 5 6 
2 2 5 6 
4 0 0 3 
4 1 8   
9 9   7 

488
2 2 5 6 
2 2 5 6 
4 0 0 3 
4 1 8   
  9 9 7 

489
2 2 5 6 
2 2 5 6 
4 0 0 3 
4 1   8 
  9 9 7 

490
2 2 5 6 
2 2 5 6 
4 0 0 3 
4   1 8 
  9 9 7 

491
2 2 5 6 
2 2 5 6 
4 0 0 3 
4   1 8 
9 9   7 

492
2 2 5 6 
2 2 5 6 
4 0 0 3 
4     8 
9 9 1 7 

493
2 2 5 6 
2 2 5 6 
4 0 0 3 
4   8   
9 9 1 7 

494
2 2 5 6 
2 2 5 6 
4 0 0 3 
4 8     
9 9 1 7 

495
2 2 5 6 
2 2 5 6 
4 0 0 3 
4 8 1   
9 9   7 

496
2 2 5 6 
2 2 5 6 
4 0 0 3 
4 8 1   
9 9 7   

497
2 2 5 6 
2 2 5 6 
4 0 0 3 
4 8   1 
9 9 7   

498
2 2 5 6 
2 2 5 6 
4 0 0 3 
4   8 1 
9 9 7   

499
2 2 5 6 
2 2 5 6 
4 0 0 3 
4   8 1 
9 9   7 

500
2 2 5 6 
2 2 5 6 
4 0 0 3 
4   8 1 
  9 9 7 

501
2 2 5 6 
2 2 5 6 
4 0 0 3 
4 8   1 
  9 9 7 

502
2 2 5 6 
2 2 5 6 
  0 0 3 
4 8   1 
4 9 9 7 

503
2 2 5 6 
2 2 5 6 
0 0   3 
4 8   1 
4 9 9 7 

504
2 2 5 6 
2 2 5 6 
0 0 3   
4 8   1 
4 9 9 7 

505
2 2 5 6 
2 2 5 6 
0 0 3   
4 8 1   
4 9 9 7 

506
2 2 5 6 
2 2 5 6 
0 0 3   
4 8 1 7 
4 9 9   

507
2 2 5 6 
2 2 5 6 
0 0   3 
4 8 1 7 
4 9 9   

508
2 2 5 6 
2 2 5 6 
  0 0 3 
4 8 1 7 
4 9 9   

509
2 2 5 6 
2 2 5 6 
  0 0 3 
4 8 1 7 
4   9 9 

510
2 2 5 6 
2 2 5 6 
  0 0 3 
4   1 7 
4 8 9 9 

511
2 2 5 6 
2 2 5 6 
0 0   3 
4   1 7 
4 8 9 9 

512
2 2 5 6 
2 2 5 6 
0 0 3   
4   1 7 
4 8 9 9 

513
2 2 5 6 
2 2 5 6 
0 0 3 7 
4   1   
4 8 9 9 

514
2 2 5 6 
2 2 5 6 
0 0 3 7 
4 1     
4 8 9 9 

515
2 2 5 6 
2 2 5 6 
0 0 3 7 
4 1 9 9 
4 8     

516
2 2 5 6 
2 2 5 6 
0 0 3 7 
4 1 9 9 
4   8   

517
2 2 5 6 
2 2 5 6 
0 0 3 7 
4 1 9 9 
4     8 

518
2 2 5 6 
2 2 5 6 
0 0 3 7 
4   9 9 
4 1   8 

519
2 2 5 6 
2 2 5 6 
0 0 3 7 
4 9 9   
4 1   8 

520
2 2 5 6 
2 2 5 6 
0 0 3 7 
4 9 9 8 
4 1     

521
2 2 5 6 
2 2 5 6 
0 0 3 7 
4 9 9 8 
4   1   

522
2 2 5 6 
2 2 5 6 
0 0 3 7 
4 9 9 8 
4     1 

523
2 2 5 6 
2 2 5 6 
0 0 3 7 
4     8 
4 9 9 1 

524
2 2 5 6 
2 2 5 6 
0 0 3 7 
4   8   
4 9 9 1 

525
2 2 5 6 
2 2 5 6 
0 0 3 7 
4 8     
4 9 9 1 

526
2 2 5 6 
2 2 5 6 
0 0 3 7 
4 8   1 
4 9 9   

527
2 2 5 6 
2 2 5 6 
0 0 3 7 
4 8   1 
4   9 9 

528
2 2 5 6 
2 2 5 6 
0 0   7 
4 8 3 1 
4   9 9 

529
2 2 5 6 
2 2 5 6 
0 0 7   
4 8 3 1 
4   9 9 

530
2 2 5 6 
2 2 5 6 
0 0 7   
4 8 3 1 
4 9 9   

531
2 2 5 6 
2 2 5 6 
0 0 7 1 
4 8 3   
4 9 9   

532
2 2 5 6 
2 2 5 6 
0 0 7 1 
4 8   3 
4 9 9   

533
2 2 5 6 
2 2 5 6 
0 0 7 1 
4   8 3 
4 9 9   

534
2 2 5 6 
2 2 5 6 
0 0 7 1 
4   8   
4 9 9 3 

535
2 2 5 6 
2 2 5 6 
0 0 7 1 
4     8 
4 9 9 3 

536
2 2 5 6 
2 2 5 6 
0 0 7 1 
4 9 9 8 
4     3 

537
2 2 5 6 
2 2 5 6 
0 0 7 1 
4 9 9 8 
4   3   

538
2 2 5 6 
2 2 5 6 
0 0 7 1 
4 9 9 8 
4 3     

539
2 2 5 6 
2 2 5 6 
0 0 7 1 
4 9 9   
4 3   8 

540
2 2 5 6 
2 2 5 6 
0 0 7 1 
4 9 9   
4 3 8   

541
2 2 5 6 
2 2 5 6 
0 0 7 1 
4   9 9 
4 3 8   

542
2 2 5 6 
2 2 5 6 
0 0 7 1 
4 3 9 9 
4   8   

543
2 2 5 6 
2 2 5 6 
0 0 7 1 
4 3 9 9 
4 8     

544
2 2 5 6 
2 2 5 6 
0 0 7 1 
4 3     
4 8 9 9 

545
2 2 5 6 
2 2 5 6 
0 0 7 1 
4   3   
4 8 9 9 

546
2 2 5 6 
2 2 5 6 
0 0 7 1 
4     3 
4 8 9 9 

547
2 2 5 6 
2 2 5 6 
0 0   1 
4   7 3 
4 8 9 9 

548
2 2 5 6 
2 2 5 6 
0 0 1   
4   7 3 
4 8 9 9 

549
2 2 5 6 
2 2 5 6 
0 0 1   
4 7   3 
4 8 9 9 

550
2 2 5 6 
2 2 5 6 
0 0 1   
4 7 3   
4 8 9 9 

551
2 2 5 6 
2 2 5 6 
0 0   1 
4 7 3   
4 8 9 9 

552
2 2 5 6 
2 2 5 6 
  0 0 1 
4 7 3   
4 8 9 9 

553
2 2 5 6 
2 2 5 6 
  0 0 1 
4 7   3 
4 8 9 9 

554
2 2 5 6 
2 2 5 6 
4 0 0 1 
4 7   3 
  8 9 9 

555
2 2 5 6 
2 2 5 6 
4 0 0 1 
4 7   3 
8   9 9 

556
2 2 5 6 
2 2 5 6 
4 0 0 1 
4 7 3   
8   9 9 

557
2 2 5 6 
2 2 5 6 
4 0 0 1 
4 7 3   
8 9 9   

558
2 2 5 6 
2 2 5 6 
4 0 0   
4 7 3 1 
8 9 9   

559
2 2 5 6 
2 2 5 6 
4   0 0 
4 7 3 1 
8 9 9   

560
2 2 5 6 
2 2 5 6 
4 7 0 0 
4   3 1 
8 9 9   

561
2 2 5 6 
2 2 5 6 
4 7 0 0 
4 3   1 
8 9 9   

562
2 2 5 6 
2 2 5 6 
4 7 0 0 
4 3 1   
8 9 9   

563
2 2 5 6 
2 2 5 6 
4 7 0 0 
4 3 1   
8   9 9 

564
2 2 5 6 
2 2 5 6 
4 7 0 0 
4 3 1   
  8 9 9 

565
2 2 5 6 
2 2 5 6 
4 7 0 0 
4 3   1 
  8 9 9 

566
2 2 5 6 
2 2 5 6 
4 7 0 0 
4   3 1 
  8 9 9 

567
2 2 5 6 
2 2 5 6 
4 7 0 0 
4 8 3 1 
    9 9 

568
2 2 5 6 
2 2 5 6 
4 7 0 0 
4 8 3 1 
9 9     

569
2 2 5 6 
2 2 5 6 
4 7 0 0 
4 8   1 
9 9 3   

570
2 2 5 6 
2 2 5 6 
4 7 0 0 
4 8 1   
9 9 3   

571
2 2 5 6 
2 2 5 6 
4 7 0 0 
4 8 1   
9 9   3 

572
2 2 5 6 
2 2 5 6 
4 7 0 0 
4 8 1   
  9 9 3 

573
2 2 5 6 
2 2 5 6 
4 7 0 0 
4 8   1 
  9 9 3 

574
2 2 5 6 
2 2 5 6 
4 7 0 0 
4   8 1 
  9 9 3 

575
2 2 5 6 
2 2 5 6 
4 7 0 0 
4   8 1 
9 9   3 

576
2 2 5 6 
2 2 5 6 
4   0 0 
4 7 8 1 
9 9   3 

577
2 2 5 6 
2 2 5 6 
4 0 0   
4 7 8 1 
9 9   3 

578
2 2 5 6 
2 2 5 6 
4 0 0   
4 7 8 1 
9 9 3   

579
2 2 5 6 
2 2 5 6 
4 0 0 1 
4 7 8   
9 9 3   

580
2 2 5 6 
2 2 5 6 
4 0 0 1 
4 7   8 
9 9 3   

581
2 2 5 6 
2 2 5 6 
4 0 0 1 
4 7   8 
9 9   3 

582
2 2 5 6 
2 2 5 6 
4 0 0 1 
4 7   8 
  9 9 3 

583
2 2 5 6 
2 2 5 6 
4 0 0 1 
4 7 8   
  9 9 3 

584
2 2 5 6 
2 2 5 6 
4 0 0 1 
4 7 8 3 
  9 9   

585
2 2 5 6 
2 2 5 6 
4 0 0 1 
4 7 8 3 
9 9     

586
2 2 5 6 
2 2 5 6 
4 0 0 1 
4 7   3 
9 9 8   

587
2 2 5 6 
2 2 5 6 
4 0 0 1 
4   7 3 
9 9 8   

588
2 2 5 6 
2 2 5 6 
4 0 0 1 
4   7 3 
9 9   8 

589
2 2 5 6 
2 2 5 6 
4 0 0 1 
4   7 3 
  9 9 8 

590
2 2 5 6 
2 2 5 6 
4 0 0 1 
4 7   3 
  9 9 8 

591
2 2 5 6 
2 2 5 6 
  0 0 1 
4 7   3 
4 9 9 8 

592
2 2 5 6 
2 2 5 6 
0 0   1 
4 7   3 
4 9 9 8 

593
2 2 5 6 
2 2 5 6 
0 0 1   
4 7   3 
4 9 9 8 

594
2 2 5 6 
2 2 5 6 
0 0 1   
4 7 3   
4 9 9 8 

595
2 2 5 6 
2 2 5 6 
0 0 1   
4 7 3 8 
4 9 9   

596
2 2 5 6 
2 2 5 6 
0 0   1 
4 7 3 8 
4 9 9   

597
2 2 5 6 
2 2 5 6 
  0 0 1 
4 7 3 8 
4 9 9   

598
2 2 5 6 
2 2 5 6 
  0 0 1 
4 7 3 8 
4   9 9 

599
2 2 5 6 
2 2 5 6 
4 0 0 1 
4 7 3 8 
    9 9 

600
2 2 5 6 
2 2 5 6 
4 0 0 1 
4   3 8 
  7 9 9 

601
2 2 5 6 
2 2 5 6 
4 0 0 1 
4 3   8 
  7 9 9 

602
2 2 5 6 
2 2 5 6 
4 0 0 1 
4 3 8   
  7 9 9 

603
2 2 5 6 
2 2 5 6 
4 0 0 1 
4 3 8   
7   9 9 

604
2 2 5 6 
2 2 5 6 
4 0 0 1 
4 3 8   
7 9 9   

605
2 2 5 6 
2 2 5 6 
4 0 0 1 
4 3   8 
7 9 9   

606
2 2 5 6 
2 2 5 6 
4 0 0 1 
4   3 8 
7 9 9   

607
2 2 5 6 
2 2 5 6 
4 0 0 1 
4   3   
7 9 9 8 

608
2 2 5 6 
2 2 5 6 
4 0 0 1 
4     3 
7 9 9 8 

609
2 2 5 6 
2 2 5 6 
4 0 0 1 
4 9 9 3 
7     8 

610
2 2 5 6 
2 2 5 6 
4 0 0 1 
4 9 9 3 
7   8   

611
2 2 5 6 
2 2 5 6 
4 0 0 1 
4 9 9 3 
7 8     

612
2 2 5 6 
2 2 5 6 
4 0 0 1 
4 9 9   
7 8   3 

613
2 2 5 6 
2 2 5 6 
4 0 0 1 
4 9 9   
7 8 3   

614
2 2 5 6 
2 2 5 6 
4 0 0 1 
4   9 9 
7 8 3   

615
2 2 5 6 
2 2 5 6 
4 0 0 1 
4 8 9 9 
7   3   

616
2 2 5 6 
2 2 5 6 
4 0 0 1 
4 8 9 9 
  7 3   

617
2 2 5 6 
2 2 5 6 
  0 0 1 
4 8 9 9 
4 7 3   

618
2 2 5 6 
2 2 5 6 
0 0   1 
4 8 9 9 
4 7 3   

619
2 2 5 6 
2 2 5 6 
0 0 1   
4 8 9 9 
4 7 3   

620
2 2 5 6 
2 2 5 6 
0 0 1   
4 8 9 9 
4 7   3 

621
2 2 5 6 
2 2 5 6 
0 0 1   
4 8 9 9 
4   7 3 

622
2 2 5 6 
2 2 5 6 
0 0   1 
4 8 9 9 
4   7 3 

623
2 2 5 6 
2 2 5 6 
  0 0 1 
4 8 9 9 
4   7 3 

624
2 2 5 6 
2 2 5 6 
  0 0 1 
4   9 9 
4 8 7 3 

625
2 2 5 6 
2 2 5 6 
  0 0 1 
4 9 9   
4 8 7 3 

626
2 2 5 6 
2 2 5 6 
0 0   1 
4 9 9   
4 8 7 3 

627
2 2 5 6 
2 2 5 6 
0 0 1   
4 9 9   
4 8 7 3 

628
2 2 5   
2 2 5   
0 0 1 6 
4 9 9 6 
4 8 7 3 

629
2 2   5 
2 2   5 
0 0 1 6 
4 9 9 6 
4 8 7 3 

630
2 2   5 
2 2 1 5 
0 0   6 
4 9 9 6 
4 8 7 3 

631
2 2   5 
2 2 1 5 
  0 0 6 
4 9 9 6 
4 8 7 3 

632
2 2   5 
2 2 1 5 
4 0 0 6 
4 9 9 6 
  8 7 3 

633
2 2   5 
2 2 1 5 
4 0 0 6 
4 9 9 6 
8   7 3 

634
2 2   5 
2 2 1 5 
4 0 0 6 
4 9 9 6 
8 7   3 

635
2 2   5 
2 2 1 5 
4 0 0 6 
4 9 9 6 
8 7 3   

636
2 2 1 5 
2 2   5 
4 0 0 6 
4 9 9 6 
8 7 3   

637
2 2 1 5 
2 2   5 
4 0 0   
4 9 9 6 
8 7 3 6 

638
2 2 1   
2 2   5 
4 0 0 5 
4 9 9 6 
8 7 3 6 

639
2 2   1 
2 2   5 
4 0 0 5 
4 9 9 6 
8 7 3 6 

640
  2 2 1 
  2 2 5 
4 0 0 5 
4 9 9 6 
8 7 3 6 

641
  2 2 1 
4 2 2 5 
4 0 0 5 
  9 9 6 
8 7 3 6 

642
  2 2 1 
4 2 2 5 
4 0 0 5 
9 9   6 
8 7 3 6 

643
  2 2 1 
4 2 2 5 
4 0 0 5 
9 9 3 6 
8 7   6 

644
  2 2 1 
4 2 2 5 
4 0 0 5 
9 9 3 6 
8   7 6 

645
  2 2 1 
4 2 2 5 
4 0 0 5 
9 9 3 6 
  8 7 6 

646
4 2 2 1 
4 2 2 5 
  0 0 5 
9 9 3 6 
  8 7 6 

647
4 2 2 1 
4 2 2 5 
0 0   5 
9 9 3 6 
  8 7 6 

648
4 2 2 1 
4 2 2 5 
0 0   5 
9 9 3 6 
8   7 6 

649
4 2 2 1 
4 2 2 5 
0 0   5 
9 9 3 6 
8 7   6 

650
4 2 2 1 
4 2 2 5 
0 0 3 5 
9 9   6 
8 7   6 

651
4 2 2 1 
4 2 2 5 
0 0 3 5 
9 9 6   
8 7 6   

652
4 2 2 1 
4 2 2   
0 0 3 5 
9 9 6 5 
8 7 6   

653
4 2 2   
4 2 2 1 
0 0 3 5 
9 9 6 5 
8 7 6   

654
4 2 2   
4 2 2 1 
0 0 3   
9 9 6 5 
8 7 6 5 

655
4 2 2   
4 2 2 1 
0 0   3 
9 9 6 5 
8 7 6 5 

656
4 2 2   
4 2 2 1 
  0 0 3 
9 9 6 5 
8 7 6 5 

657
4 2 2 1 
4 2 2   
  0 0 3 
9 9 6 5 
8 7 6 5 

658
4 2 2 1 
4 2 2 3 
  0 0   
9 9 6 5 
8 7 6 5 

659
4 2 2 1 
4 2 2 3 
    0 0 
9 9 6 5 
8 7 6 5 

660
4 2 2 1 
4 2 2 3 
9 9 0 0 
    6 5 
8 7 6 5 

661
4 2 2 1 
4 2 2 3 
9 9 0 0 
8   6 5 
  7 6 5 

662
4 2 2 1 
4 2 2 3 
9 9 0 0 
8   6 5 
7   6 5 

663
4 2 2 1 
4 2 2 3 
9 9 0 0 
  8 6 5 
7   6 5 

664
4 2 2 1 
4 2 2 3 
9 9 0 0 
    6 5 
7 8 6 5 

665
4 2 2 1 
4 2 2 3 
    0 0 
9 9 6 5 
7 8 6 5 

666
4 2 2 1 
4 2 2 3 
0 0     
9 9 6 5 
7 8 6 5 

667
4 2 2 1 
4 2 2 3 
0 0 6   
9 9 6 5 
7 8   5 

668
4 2 2 1 
4 2 2   
0 0 6 3 
9 9 6 5 
7 8   5 

669
4 2 2   
4 2 2 1 
0 0 6 3 
9 9 6 5 
7 8   5 

670
4 2 2   
4 2 2 1 
0 0   3 
9 9 6 5 
7 8 6 5 

671
4 2 2   
4 2 2 1 
0 0 3   
9 9 6 5 
7 8 6 5 

672
4 2 2   
4 2 2 1 
0 0 3 5 
9 9 6 5 
7 8 6   

673
4 2 2 1 
4 2 2   
0 0 3 5 
9 9 6 5 
7 8 6   

674
4 2 2 1 
4 2 2 5 
0 0 3 5 
9 9 6   
7 8 6   

675
4 2 2 1 
4 2 2 5 
0 0 3 5 
9 9   6 
7 8   6 

676
4 2 2 1 
4 2 2 5 
0 0 3 5 
  9 9 6 
7 8   6 

677
4 2 2 1 
4 2 2 5 
0 0 3 5 
7 9 9 6 
  8   6 

678
4 2 2 1 
4 2 2 5 
0 0 3 5 
7 9 9 6 
8     6 

679
4 2 2 1 
4 2 2 5 
0 0 3 5 
7     6 
8 9 9 6 

680
4 2 2 1 
4 2 2 5 
0 0   5 
7   3 6 
8 9 9 6 

681
4 2 2 1 
4 2 2 5 
0 0   5 
7 3   6 
8 9 9 6 

682
4 2 2 1 
4 2 2 5 
  0 0 5 
7 3   6 
8 9 9 6 

683
4 2 2 1 
4 2 2 5 
7 0 0 5 
  3   6 
8 9 9 6 

684
4 2 2 1 
4 2 2 5 
7 0 0 5 
3     6 
8 9 9 6 

685
4 2 2 1 
4 2 2 5 
7 0 0 5 
3 9 9 6 
8     6 

686
4 2 2 1 
4 2 2 5 
7 0 0 5 
3 9 9 6 
  8   6 

687
4 2 2 1 
4 2 2 5 
7 0 0 5 
3 9 9 6 
    8 6 

688
4 2 2 1 
4 2 2 5 
7 0 0 5 
  9 9 6 
3   8 6 

689
4 2 2 1 
4 2 2 5 
7 0 0 5 
9 9   6 
3   8 6 

690
4 2 2 1 
4 2 2 5 
7 0 0 5 
9 9   6 
  3 8 6 

691
4 2 2 1 
4 2 2 5 
7 0 0 5 
9 9 8 6 
  3   6 

692
4 2 2 1 
4 2 2 5 
7 0 0 5 
9 9 8 6 
    3 6 

693
4 2 2 1 
4 2 2 5 
7 0 0 5 
    8 6 
9 9 3 6 

694
4 2 2 1 
4 2 2 5 
7 0 0 5 
  8   6 
9 9 3 6 

695
4 2 2 1 
4 2 2 5 
7 0 0 5 
8     6 
9 9 3 6 

696
4 2 2 1 
4 2 2 5 
7 0 0 5 
8   3 6 
9 9   6 

697
4 2 2 1 
4 2 2 5 
7 0 0 5 
8 3   6 
9 9   6 

698
4 2 2 1 
4 2 2 5 
7 0 0 5 
8 3 6   
9 9 6   

699
4 2 2 1 
4 2 2   
7 0 0 5 
8 3 6 5 
9 9 6   

700
4 2 2   
4 2 2 1 
7 0 0 5 
8 3 6 5 
9 9 6   

701
4 2 2   
4 2 2 1 
7 0 0   
8 3 6 5 
9 9 6 5 

702
4 2 2   
4 2 2 1 
7   0 0 
8 3 6 5 
9 9 6 5 

703
4 2 2   
4 2 2 1 
  7 0 0 
8 3 6 5 
9 9 6 5 

704
4 2 2   
4 2 2 1 
8 7 0 0 
  3 6 5 
9 9 6 5 

705
4 2 2   
4 2 2 1 
8 7 0 0 
3   6 5 
9 9 6 5 

706
4 2 2 1 
4 2 2   
8 7 0 0 
3   6 5 
9 9 6 5 

707
4 2 2 1 
4 2 2   
8   0 0 
3 7 6 5 
9 9 6 5 

708
4 2 2 1 
4 2 2   
8 0 0   
3 7 6 5 
9 9 6 5 

709
4 2 2 1 
4 2 2 5 
8 0 0 5 
3 7 6   
9 9 6   

710
4 2 2 1 
4 2 2 5 
8 0 0 5 
3 7   6 
9 9   6 

711
4 2 2 1 
4 2 2 5 
8 0 0 5 
3   7 6 
9 9   6 

712
4 2 2 1 
4 2 2 5 
8 0 0 5 
  3 7 6 
9 9   6 

713
4 2 2 1 
4 2 2 5 
8 0 0 5 
  3 7 6 
  9 9 6 

714
4 2 2 1 
4 2 2 5 
  0 0 5 
8 3 7 6 
  9 9 6 

715
4 2 2 1 
4 2 2 5 
0 0   5 
8 3 7 6 
  9 9 6 

716
4 2 2 1 
4 2 2 5 
0 0   5 
8 3 7 6 
9 9   6 

717
4 2 2 1 
4 2 2 5 
0 0 7 5 
8 3   6 
9 9   6 

718
4 2 2 1 
4 2 2 5 
0 0 7 5 
8 3 6   
9 9 6   

719
4 2 2 1 
4 2 2   
0 0 7 5 
8 3 6 5 
9 9 6   

720
4 2 2   
4 2 2 1 
0 0 7 5 
8 3 6 5 
9 9 6   

721
4 2 2   
4 2 2 1 
0 0 7   
8 3 6 5 
9 9 6 5 

722
4 2 2   
4 2 2 1 
0 0   7 
8 3 6 5 
9 9 6 5 

723
4 2 2   
4 2 2 1 
  0 0 7 
8 3 6 5 
9 9 6 5 

724
4 2 2   
4 2 2 1 
8 0 0 7 
  3 6 5 
9 9 6 5 

725
4 2 2   
4 2 2 1 
8 0 0 7 
3   6 5 
9 9 6 5 

726
4 2 2 1 
4 2 2   
8 0 0 7 
3   6 5 
9 9 6 5 

727
4 2 2 1 
4 2 2 7 
8 0 0   
3   6 5 
9 9 6 5 

728
4 2 2 1 
4 2 2 7 
8   0 0 
3   6 5 
9 9 6 5 

729
4 2 2 1 
4 2 2 7 
  8 0 0 
3   6 5 
9 9 6 5 

730
4 2 2 1 
4 2 2 7 
  8 0 0 
  3 6 5 
9 9 6 5 

731
  2 2 1 
  2 2 7 
4 8 0 0 
4 3 6 5 
9 9 6 5 

732
2 2   1 
2 2   7 
4 8 0 0 
4 3 6 5 
9 9 6 5 

733
2 2   1 
2 2 7   
4 8 0 0 
4 3 6 5 
9 9 6 5 

734
2 2 7 1 
2 2     
4 8 0 0 
4 3 6 5 
9 9 6 5 

735
2 2 7 1 
2 2 0 0 
4 8     
4 3 6 5 
9 9 6 5 

736
2 2 7 1 
2 2 0 0 
4   8   
4 3 6 5 
9 9 6 5 

737
2 2 7 1 
2 2 0 0 
4     8 
4 3 6 5 
9 9 6 5 

738
2 2 7 1 
2 2 0 0 
4 3   8 
4   6 5 
9 9 6 5 

739
2 2 7 1 
2 2 0 0 
4 3 6 8 
4   6 5 
9 9   5 

740
2 2 7 1 
2 2 0 0 
4 3 6 8 
4   6 5 
  9 9 5 

741
2 2 7 1 
2 2 0 0 
  3 6 8 
4   6 5 
4 9 9 5 

742
2 2 7 1 
2 2 0 0 
3   6 8 
4   6 5 
4 9 9 5 

743
2 2 7 1 
2 2 0 0 
3 6   8 
4 6   5 
4 9 9 5 

744
2 2 7 1 
2 2 0 0 
3 6 8   
4 6   5 
4 9 9 5 

745
2 2 7 1 
2 2 0 0 
3 6 8 5 
4 6   5 
4 9 9   

746
2 2 7 1 
2 2 0 0 
3 6 8 5 
4 6   5 
4   9 9 

747
2 2 7 1 
2 2 0 0 
3 6   5 
4 6 8 5 
4   9 9 

748
2 2 7 1 
2 2 0 0 
3     5 
4 6 8 5 
4 6 9 9 

749
2 2 7 1 
2 2 0 0 
  3   5 
4 6 8 5 
4 6 9 9 

750
2 2 7 1 
2 2 0 0 
    3 5 
4 6 8 5 
4 6 9 9 

751
2 2 7 1 
2 2 0 0 
4   3 5 
4 6 8 5 
  6 9 9 

752
2 2 7 1 
2 2 0 0 
4 6 3 5 
4 6 8 5 
    9 9 

753
2 2 7 1 
2 2 0 0 
4 6 3 5 
4 6 8 5 
9 9     

754
2 2 7 1 
2 2 0 0 
4 6 3 5 
4 6   5 
9 9 8   

755
2 2 7 1 
2 2 0 0 
4 6 3 5 
4 6   5 
9 9   8 

756
2 2 7 1 
2 2 0 0 
4 6   5 
4 6 3 5 
9 9   8 

757
2 2 7 1 
2 2 0 0 
4 6   5 
4 6   5 
9 9 3 8 

758
2 2 7 1 
2 2 0 0 
4 6 5   
4 6 5   
9 9 3 8 

759
2 2 7 1 
2 2 0 0 
4 6 5   
4 6 5 8 
9 9 3   

760
2 2 7 1 
2 2 0 0 
4 6 5   
4 6 5 8 
9 9   3 

761
2 2 7 1 
2 2 0 0 
4 6 5   
4 6 5 8 
  9 9 3 

762
2 2 7 1 
2 2 0 0 
4 6 5 8 
4 6 5   
  9 9 3 

763
2 2 7 1 
2 2 0 0 
4 6 5 8 
4 6 5 3 
  9 9   

764
2 2 7 1 
2 2 0 0 
4 6 5 8 
4 6 5 3 
    9 9 

765
2 2 7 1 
2 2 0 0 
  6 5 8 
4 6 5 3 
4   9 9 

766
2 2 7 1 
2 2 0 0 
    5 8 
4 6 5 3 
4 6 9 9 

767
    7 1 
2 2 0 0 
2 2 5 8 
4 6 5 3 
4 6 9 9 

768
  7   1 
2 2 0 0 
2 2 5 8 
4 6 5 3 
4 6 9 9 

769
7     1 
2 2 0 0 
2 2 5 8 
4 6 5 3 
4 6 9 9 

770
7   1   
2 2 0 0 
2 2 5 8 
4 6 5 3 
4 6 9 9 

771
7 1     
2 2 0 0 
2 2 5 8 
4 6 5 3 
4 6 9 9 

772
7 1 0 0 
2 2     
2 2 5 8 
4 6 5 3 
4 6 9 9 

773
7 1 0 0 
2 2 5   
2 2 5 8 
4 6   3 
4 6 9 9 

774
7 1 0 0 
2 2 5   
2 2 5 8 
4 6 3   
4 6 9 9 

775
7 1 0 0 
2 2 5   
2 2 5   
4 6 3 8 
4 6 9 9 

776
7 1 0 0 
2 2   5 
2 2   5 
4 6 3 8 
4 6 9 9 

777
7 1 0 0 
  2 2 5 
  2 2 5 
4 6 3 8 
4 6 9 9 

778
7 1 0 0 
4 2 2 5 
4 2 2 5 
  6 3 8 
  6 9 9 

779
7 1 0 0 
4 2 2 5 
4 2 2 5 
6   3 8 
6   9 9 

780
7 1 0 0 
4 2 2 5 
4 2 2 5 
6 3   8 
6   9 9 

781
7 1 0 0 
4 2 2 5 
4 2 2 5 
6 3 8   
6   9 9 

782
7 1 0 0 
4 2 2 5 
4 2 2 5 
6 3 8   
6 9 9   

783
7 1 0 0 
4 2 2   
4 2 2   
6 3 8 5 
6 9 9 5 

784
7 1 0 0 
4   2 2 
4   2 2 
6 3 8 5 
6 9 9 5 

785
7 1 0 0 
  4 2 2 
  4 2 2 
6 3 8 5 
6 9 9 5 

786
7 1 0 0 
6 4 2 2 
6 4 2 2 
  3 8 5 
  9 9 5 

787
7 1 0 0 
6 4 2 2 
6 4 2 2 
3   8 5 
  9 9 5 

788
7 1 0 0 
6 4 2 2 
6 4 2 2 
3 8   5 
  9 9 5 

789
7 1 0 0 
6 4 2 2 
6 4 2 2 
  8   5 
3 9 9 5 

790
7 1 0 0 
6 4 2 2 
6 4 2 2 
8     5 
3 9 9 5 

791
7 1 0 0 
6 4 2 2 
6 4 2 2 
8 9 9 5 
3     5 

792
7 1 0 0 
6 4 2 2 
6 4 2 2 
8 9 9 5 
  3   5 

793
7 1 0 0 
6 4 2 2 
6 4 2 2 
  9 9 5 
8 3   5 

794
7 1 0 0 
6 4 2 2 
6 4 2 2 
9 9   5 
8 3   5 

795
7 1 0 0 
6 4 2 2 
6 4 2 2 
9 9   5 
8   3 5 

796
7 1 0 0 
6 4 2 2 
6 4 2 2 
9 9   5 
  8 3 5 

797
7 1 0 0 
6 4 2 2 
6 4 2 2 
  9 9 5 
  8 3 5 

798
7 1 0 0 
  4 2 2 
6 4 2 2 
6 9 9 5 
  8 3 5 

799
7 1 0 0 
  4 2 2 
6 4 2 2 
6 9 9 5 
8   3 5 

800
  1 0 0 
7 4 2 2 
6 4 2 2 
6 9 9 5 
8   3 5 

801
  1 0 0 
7 4 2 2 
6 4 2 2 
6 9 9 5 
8 3   5 

802
1   0 0 
7 4 2 2 
6 4 2 2 
6 9 9 5 
8 3   5 

803
1 0 0   
7 4 2 2 
6 4 2 2 
6 9 9 5 
8 3   5 

804
1 0 0   
7 4 2 2 
6 4 2 2 
6 9 9 5 
8   3 5 

805
1 0 0   
7 4 2 2 
6 4 2 2 
6 9 9 5 
  8 3 5 

806
1   0 0 
7 4 2 2 
6 4 2 2 
6 9 9 5 
  8 3 5 

807
1 4 0 0 
7 4 2 2 
6   2 2 
6 9 9 5 
  8 3 5 

808
1 4 0 0 
7 4 2 2 
    2 2 
6 9 9 5 
6 8 3 5 

809
1 4 0 0 
  4 2 2 
7   2 2 
6 9 9 5 
6 8 3 5 

810
1 4 0 0 
  4 2 2 
  7 2 2 
6 9 9 5 
6 8 3 5 

811
1 4 0 0 
6 4 2 2 
6 7 2 2 
  9 9 5 
  8 3 5 

812
1 4 0 0 
6 4 2 2 
6 7 2 2 
9 9   5 
  8 3 5 

813
1 4 0 0 
6 4 2 2 
6 7 2 2 
9 9   5 
8   3 5 

814
1 4 0 0 
6 4 2 2 
6 7 2 2 
9 9   5 
8 3   5 

815
1 4 0 0 
6 4 2 2 
6 7 2 2 
  9 9 5 
8 3   5 

816
1 4 0 0 
6 4 2 2 
6 7 2 2 
8 9 9 5 
  3   5 

817
1 4 0 0 
6 4 2 2 
6 7 2 2 
8 9 9 5 
3     5 

818
1 4 0 0 
6 4 2 2 
6 7 2 2 
8     5 
3 9 9 5 

819
1 4 0 0 
6 4 2 2 
6 7 2 2 
  8   5 
3 9 9 5 

820
1 4 0 0 
6 4 2 2 
6 7 2 2 
3 8   5 
  9 9 5 

821
1 4 0 0 
6 4 2 2 
6 7 2 2 
3 8   5 
9 9   5 

822
1 4 0 0 
6 4 2 2 
6 7 2 2 
3   8 5 
9 9   5 

823
1 4 0 0 
6 4 2 2 
6 7 2 2 
  3 8 5 
9 9   5 

824
1 4 0 0 
6 4 2 2 
6 7 2 2 
  3 8 5 
  9 9 5 

825
1 4 0 0 
  4 2 2 
6 7 2 2 
6 3 8 5 
  9 9 5 

826
  4 0 0 
1 4 2 2 
6 7 2 2 
6 3 8 5 
  9 9 5 

827
  4 0 0 
1 4 2 2 
6 7 2 2 
6 3 8 5 
9 9   5 

828
  4 0 0 
1 4 2 2 
6 7 2 2 
6 3   5 
9 9 8 5 

829
  4 0 0 
1 4 2 2 
6 7 2 2 
6   3 5 
9 9 8 5 

830
1 4 0 0 
  4 2 2 
6 7 2 2 
6   3 5 
9 9 8 5 

831
1 4 0 0 
6 4 2 2 
6 7 2 2 
    3 5 
9 9 8 5 

832
1 4 0 0 
6 4 2 2 
6   2 2 
  7 3 5 
9 9 8 5 

833
1 4 0 0 
6 4 2 2 
6   2 2 
7   3 5 
9 9 8 5 

834
1 4 0 0 
6 4 2 2 
6   2 2 
7 3   5 
9 9 8 5 

835
1 4 0 0 
6 4 2 2 
6 3 2 2 
7     5 
9 9 8 5 

836
1 4 0 0 
6 4 2 2 
6 3 2 2 
  7   5 
9 9 8 5 

837
1 4 0 0 
6 4 2 2 
6 3 2 2 
    7 5 
9 9 8 5 

838
1 4 0 0 
6 4 2 2 
6 3 2 2 
9 9 7 5 
    8 5 

839
1 4 0 0 
6 4 2 2 
6 3 2 2 
9 9 7 5 
  8   5 

840
1 4 0 0 
6 4 2 2 
6 3 2 2 
9 9 7 5 
8     5 

841
1 4 0 0 
6 4 2 2 
6 3 2 2 
9 9   5 
8   7 5 

842
1 4 0 0 
6 4 2 2 
6 3 2 2 
9 9   5 
8 7   5 

843
1 4 0 0 
6 4 2 2 
6 3 2 2 
  9 9 5 
8 7   5 

844
1 4 0 0 
6 4 2 2 
6 3 2 2 
8 9 9 5 
  7   5 

845
1 4 0 0 
6 4 2 2 
6 3 2 2 
8 9 9 5 
7     5 

846
1 4 0 0 
6 4 2 2 
6 3 2 2 
8     5 
7 9 9 5 

847
1 4 0 0 
6 4 2 2 
6 3 2 2 
  8   5 
7 9 9 5 

848
1 4 0 0 
6 4 2 2 
6 3 2 2 
    8 5 
7 9 9 5 

849
1 4 0 0 
6 4 2 2 
6 3 2 2 
7   8 5 
  9 9 5 

850
1 4 0 0 
6 4 2 2 
6 3 2 2 
  7 8 5 
  9 9 5 

851
1 4 0 0 
  4 2 2 
6 3 2 2 
6 7 8 5 
  9 9 5 

852
1 4 0 0 
  4 2 2 
6 3 2 2 
6 7 8 5 
9 9   5 

853
  4 0 0 
1 4 2 2 
6 3 2 2 
6 7 8 5 
9 9   5 

854
  4 0 0 
1 4 2 2 
6 3 2 2 
6 7   5 
9 9 8 5 

855
  4 0 0 
1 4 2 2 
6 3 2 2 
6   7 5 
9 9 8 5 

856
  4 0 0 
1 4 2 2 
6   2 2 
6 3 7 5 
9 9 8 5 

857
1 4 0 0 
  4 2 2 
6   2 2 
6 3 7 5 
9 9 8 5 

858
1   0 0 
  4 2 2 
6 4 2 2 
6 3 7 5 
9 9 8 5 

859
1 0 0   
  4 2 2 
6 4 2 2 
6 3 7 5 
9 9 8 5 

860
1 0 0   
6 4 2 2 
6 4 2 2 
  3 7 5 
9 9 8 5 

861
1 0 0   
6 4 2 2 
6 4 2 2 
3   7 5 
9 9 8 5 

862
1 0 0   
6 4 2 2 
6 4 2 2 
3 7   5 
9 9 8 5 

863
1   0 0 
6 4 2 2 
6 4 2 2 
3 7   5 
9 9 8 5 

864
  1 0 0 
6 4 2 2 
6 4 2 2 
3 7   5 
9 9 8 5 

865
  1 0 0 
6 4 2 2 
6 4 2 2 
3   7 5 
9 9 8 5 

866
6 1 0 0 
6 4 2 2 
  4 2 2 
3   7 5 
9 9 8 5 

867
6 1 0 0 
6 4 2 2 
3 4 2 2 
    7 5 
9 9 8 5 

868
6 1 0 0 
6 4 2 2 
3 4 2 2 
  7   5 
9 9 8 5 

869
6 1 0 0 
6 4 2 2 
3 4 2 2 
7     5 
9 9 8 5 

870
6 1 0 0 
6 4 2 2 
3 4 2 2 
7   8 5 
9 9   5 

871
6 1 0 0 
6 4 2 2 
3 4 2 2 
7 8   5 
9 9   5 

872
6 1 0 0 
6 4 2 2 
3 4 2 2 
7 8   5 
  9 9 5 

873
6 1 0 0 
6 4 2 2 
3 4 2 2 
  8   5 
7 9 9 5 

874
6 1 0 0 
6 4 2 2 
3 4 2 2 
    8 5 
7 9 9 5 

875
6 1 0 0 
6 4 2 2 
  4 2 2 
3   8 5 
7 9 9 5 

876
6 1 0 0 
6 4 2 2 
  4 2 2 
  3 8 5 
7 9 9 5 

877
6 1 0 0 
6 4 2 2 
  4 2 2 
7 3 8 5 
  9 9 5 

878
6 1 0 0 
6 4 2 2 
  4 2 2 
7 3 8 5 
9 9   5 

879
6 1 0 0 
6 4 2 2 
7 4 2 2 
  3 8 5 
9 9   5 

880
6 1 0 0 
6 4 2 2 
7 4 2 2 
3   8 5 
9 9   5 

881
6 1 0 0 
6 4 2 2 
7 4 2 2 
3 8   5 
9 9   5 

882
6 1 0 0 
6 4 2 2 
7 4 2 2 
3 8   5 
  9 9 5 

883
6 1 0 0 
6 4 2 2 
7 4 2 2 
  8   5 
3 9 9 5 

884
6 1 0 0 
6 4 2 2 
7 4 2 2 
8     5 
3 9 9 5 

885
6 1 0 0 
6 4 2 2 
7 4 2 2 
8 9 9 5 
3     5 

886
6 1 0 0 
6 4 2 2 
7 4 2 2 
8 9 9 5 
  3   5 

887
6 1 0 0 
6 4 2 2 
7 4 2 2 
  9 9 5 
8 3   5 

888
6 1 0 0 
6 4 2 2 
7 4 2 2 
9 9   5 
8 3   5 

889
6 1 0 0 
6 4 2 2 
7 4 2 2 
9 9   5 
8   3 5 

890
6 1 0 0 
6 4 2 2 
7 4 2 2 
9 9   5 
  8 3 5 

891
6 1 0 0 
6 4 2 2 
7 4 2 2 
9 9 3 5 
  8   5 

892
6 1 0 0 
6 4 2 2 
7 4 2 2 
9 9 3 5 
    8 5 

893
6 1 0 0 
6 4 2 2 
7 4 2 2 
    3 5 
9 9 8 5 

894
6 1 0 0 
6 4 2 2 
  4 2 2 
7   3 5 
9 9 8 5 

895
  1 0 0 
6 4 2 2 
6 4 2 2 
7   3 5 
9 9 8 5 

896
  1 0 0 
6   2 2 
6 4 2 2 
7 4 3 5 
9 9 8 5 

897
    0 0 
6 1 2 2 
6 4 2 2 
7 4 3 5 
9 9 8 5 

898
0 0     
6 1 2 2 
6 4 2 2 
7 4 3 5 
9 9 8 5 

899
0 0 2 2 
6 1 2 2 
6 4     
7 4 3 5 
9 9 8 5 

900
0 0 2 2 
6 1 2 2 
6 4 3   
7 4   5 
9 9 8 5 

901
0 0 2 2 
6 1 2 2 
6 4   3 
7 4   5 
9 9 8 5 

902
0 0 2 2 
6 1 2 2 
6   4 3 
7   4 5 
9 9 8 5 

903
0 0 2 2 
6 1 2 2 
6   4 3 
  7 4 5 
9 9 8 5 

904
0 0 2 2 
6 1 2 2 
6 7 4 3 
    4 5 
9 9 8 5 

905
0 0 2 2 
  1 2 2 
6 7 4 3 
6   4 5 
9 9 8 5 

906
0 0 2 2 
1   2 2 
6 7 4 3 
6   4 5 
9 9 8 5 

907
0 0 2 2 
1 7 2 2 
6   4 3 
6   4 5 
9 9 8 5 

908
0 0 2 2 
1 7 2 2 
6 4   3 
6 4   5 
9 9 8 5 

909
0 0 2 2 
1 7 2 2 
6 4 3   
6 4   5 
9 9 8 5 

910
0 0 2 2 
1 7 2 2 
6 4 3 5 
6 4   5 
9 9 8   

911
0 0 2 2 
1 7 2 2 
6 4 3 5 
6 4   5 
9 9   8 

912
0 0 2 2 
1 7 2 2 
6 4 3 5 
6 4   5 
  9 9 8 

913
0 0 2 2 
1 7 2 2 
6 4   5 
6 4 3 5 
  9 9 8 

914
0 0 2 2 
1 7 2 2 
  4   5 
6 4 3 5 
6 9 9 8 

915
0 0 2 2 
  7 2 2 
1 4   5 
6 4 3 5 
6 9 9 8 

916
0 0 2 2 
7   2 2 
1 4   5 
6 4 3 5 
6 9 9 8 

917
0 0 2 2 
7 4 2 2 
1 4   5 
6   3 5 
6 9 9 8 

918
0 0 2 2 
7 4 2 2 
1 4   5 
6 3   5 
6 9 9 8 

919
0 0 2 2 
7 4 2 2 
1 4 5   
6 3 5   
6 9 9 8 

920
0 0 2 2 
7 4 2 2 
1 4 5   
6 3 5 8 
6 9 9   

921
0 0 2 2 
7 4 2 2 
1 4 5   
6 3 5 8 
6   9 9 

922
0 0 2 2 
7 4 2 2 
1 4 5 8 
6 3 5   
6   9 9 

923
0 0 2 2 
7 4 2 2 
1 4 5 8 
6   5   
6 3 9 9 

924
0 0 2 2 
7   2 2 
1 4 5 8 
6 4 5   
6 3 9 9 

925
0 0 2 2 
  7 2 2 
1 4 5 8 
6 4 5   
6 3 9 9 

926
0 0 2 2 
1 7 2 2 
  4 5 8 
6 4 5   
6 3 9 9 

927
0 0 2 2 
1 7 2 2 
6 4 5 8 
6 4 5   
  3 9 9 

928
0 0 2 2 
1 7 2 2 
6 4 5 8 
6 4 5   
3   9 9 

929
0 0 2 2 
1 7 2 2 
6 4 5 8 
6 4 5   
3 9 9   

930
0 0 2 2 
1 7 2 2 
6 4 5   
6 4 5 8 
3 9 9   

931
0 0 2 2 
1 7 2 2 
6 4 5   
6 4 5   
3 9 9 8 

932
0 0 2 2 
1 7 2 2 
6 4   5 
6 4   5 
3 9 9 8 

933
0 0 2 2 
1 7 2 2 
6   4 5 
6   4 5 
3 9 9 8 

934
0 0 2 2 
1 7 2 2 
  6 4 5 
  6 4 5 
3 9 9 8 

935
0 0 2 2 
1 7 2 2 
  6 4 5 
3 6 4 5 
  9 9 8 

936
0 0 2 2 
1 7 2 2 
  6 4 5 
3 6 4 5 
9 9   8 

937
0 0 2 2 
1 7 2 2 
  6 4 5 
3 6 4 5 
9 9 8   

938
0 0 2 2 
  7 2 2 
1 6 4 5 
3 6 4 5 
9 9 8   

939
0 0 2 2 
7   2 2 
1 6 4 5 
3 6 4 5 
9 9 8   

940
0 0 2 2 
7   2 2 
1 6 4 5 
3 6 4 5 
9 9   8 

941
0 0 2 2 
7   2 2 
1 6 4 5 
3 6 4 5 
  9 9 8 

942
0 0 2 2 
7 6 2 2 
1 6 4 5 
3   4 5 
  9 9 8 

943
0 0 2 2 
7 6 2 2 
1 6 4 5 
  3 4 5 
  9 9 8 

944
0 0 2 2 
7 6 2 2 
1 6 4 5 
  3 4 5 
9 9   8 

945
0 0 2 2 
7 6 2 2 
1 6 4 5 
  3 4 5 
9 9 8   

946
0 0 2 2 
7 6 2 2 
  6 4 5 
1 3 4 5 
9 9 8   

947
0 0 2 2 
  6 2 2 
7 6 4 5 
1 3 4 5 
9 9 8   

948
0 0 2 2 
  6 2 2 
7 6 4 5 
1 3 4 5 
9 9   8 

949
0 0 2 2 
  6 2 2 
7 6 4 5 
1 3 4 5 
  9 9 8 

950
0 0 2 2 
  6 2 2 
7 6 4 5 
  3 4 5 
1 9 9 8 

951
0 0 2 2 
  6 2 2 
7 6 4 5 
3   4 5 
1 9 9 8 

952
0 0 2 2 
7 6 2 2 
  6 4 5 
3   4 5 
1 9 9 8 

953
0 0 2 2 
7 6 2 2 
3 6 4 5 
    4 5 
1 9 9 8 

954
0 0 2 2 
7 6 2 2 
3 6 4 5 
1   4 5 
  9 9 8 

955
0 0 2 2 
7 6 2 2 
3 6 4 5 
1   4 5 
9 9   8 

956
0 0 2 2 
7 6 2 2 
3 6 4 5 
1   4 5 
9 9 8   

957
0 0 2 2 
7 6 2 2 
3 6 4 5 
  1 4 5 
9 9 8   

958
0 0 2 2 
7 6 2 2 
  6 4 5 
3 1 4 5 
9 9 8   

959
0 0 2 2 
7 6 2 2 
  6 4 5 
3 1 4 5 
9 9   8 

960
0 0 2 2 
7 6 2 2 
  6 4 5 
3 1 4 5 
  9 9 8 

961
0 0 2 2 
  6 2 2 
7 6 4 5 
3 1 4 5 
  9 9 8 

962
0 0 2 2 
  6 2 2 
7 6 4 5 
  1 4 5 
3 9 9 8 

963
0 0 2 2 
  6 2 2 
  6 4 5 
7 1 4 5 
3 9 9 8 

964
0 0 2 2 
6   2 2 
6   4 5 
7 1 4 5 
3 9 9 8 

965
0 0 2 2 
6   2 2 
6 1 4 5 
7   4 5 
3 9 9 8 

966
0 0 2 2 
6   2 2 
6 1 4 5 
  7 4 5 
3 9 9 8 

967
0 0 2 2 
6 1 2 2 
6   4 5 
  7 4 5 
3 9 9 8 

968
0 0 2 2 
6 1 2 2 
6 7 4 5 
    4 5 
3 9 9 8 

969
0 0 2 2 
6 1 2 2 
6 7 4 5 
3   4 5 
  9 9 8 

970
0 0 2 2 
6 1 2 2 
6 7 4 5 
3   4 5 
9 9   8 

971
0 0 2 2 
6 1 2 2 
6 7 4 5 
3   4 5 
9 9 8   

972
0 0 2 2 
6 1 2 2 
6 7 4 5 
  3 4 5 
9 9 8   

973
0 0 2 2 
  1 2 2 
6 7 4 5 
6 3 4 5 
9 9 8   

974
0 0 2 2 
1   2 2 
6 7 4 5 
6 3 4 5 
9 9 8   

975
0 0 2 2 
1   2 2 
6 7 4 5 
6 3 4 5 
9 9   8 

976
0 0 2 2 
1   2 2 
6 7 4 5 
6 3 4 5 
  9 9 8 

977
0 0 2 2 
  1 2 2 
6 7 4 5 
6 3 4 5 
  9 9 8 

978
0 0 2 2 
  1 2 2 
  7 4 5 
6 3 4 5 
6 9 9 8 

979
0 0 2 2 
  1 2 2 
7   4 5 
6 3 4 5 
6 9 9 8 

980
0 0 2 2 
1   2 2 
7   4 5 
6 3 4 5 
6 9 9 8 

981
0 0 2 2 
1   2 2 
7 3 4 5 
6   4 5 
6 9 9 8 

982
0 0 2 2 
1 3 2 2 
7   4 5 
6   4 5 
6 9 9 8 

983
0 0 2 2 
1 3 2 2 
7 4   5 
6 4   5 
6 9 9 8 

984
0 0 2 2 
1 3 2 2 
7 4 5   
6 4 5   
6 9 9 8 

985
0 0 2 2 
1 3 2 2 
7 4 5   
6 4 5 8 
6 9 9   

986
0 0 2 2 
1 3 2 2 
7 4 5   
6 4 5 8 
6   9 9 

987
0 0 2 2 
1 3 2 2 
7 4 5 8 
6 4 5   
6   9 9 

988
0 0 2 2 
1 3 2 2 
7   5 8 
6 4 5   
6 4 9 9 

989
0 0 2 2 
1 3 2 2 
  7 5 8 
6 4 5   
6 4 9 9 

990
0 0 2 2 
  3 2 2 
1 7 5 8 
6 4 5   
6 4 9 9 

991
0 0 2 2 
3   2 2 
1 7 5 8 
6 4 5   
6 4 9 9 

992
0 0 2 2 
3 7 2 2 
1   5 8 
6 4 5   
6 4 9 9 

993
0 0 2 2 
3 7 2 2 
  1 5 8 
6 4 5   
6 4 9 9 

994
0 0 2 2 
  7 2 2 
3 1 5 8 
6 4 5   
6 4 9 9 

995
0 0 2 2 
7   2 2 
3 1 5 8 
6 4 5   
6 4 9 9 

996
0 0 2 2 
7 1 2 2 
3   5 8 
6 4 5   
6 4 9 9 

997
0 0 2 2 
7 1 2 2 
3 4 5 8 
6 4 5   
6   9 9 

998
0 0 2 2 
7 1 2 2 
3 4 5 8 
6 4 5   
6 9 9   

999
0 0 2 2 
7 1 2 2 
3 4 5   
6 4 5 8 
6 9 9   

1000
0 0 2 2 
7 1 2 2 
3 4 5   
6 4 5   
6 9 9 8 

1001
0 0 2 2 
7 1 2 2 
3 4   5 
6 4   5 
6 9 9 8 

1002
0 0 2 2 
7 1 2 2 
3   4 5 
6   4 5 
6 9 9 8 

1003
0 0 2 2 
7 1 2 2 
  3 4 5 
6   4 5 
6 9 9 8 

1004
0 0 2 2 
7 1 2 2 
6 3 4 5 
6   4 5 
  9 9 8 

1005
0 0 2 2 
7 1 2 2 
6 3 4 5 
6   4 5 
9 9   8 

1006
0 0 2 2 
7 1 2 2 
6 3 4 5 
6   4 5 
9 9 8   

1007
0 0 2 2 
7 1 2 2 
6   4 5 
6 3 4 5 
9 9 8   

1008
0 0 2 2 
7   2 2 
6 1 4 5 
6 3 4 5 
9 9 8   

1009
0 0 2 2 
  7 2 2 
6 1 4 5 
6 3 4 5 
9 9 8   

1010
0 0 2 2 
  7 2 2 
6 1 4 5 
6 3 4 5 
9 9   8 

1011
0 0 2 2 
  7 2 2 
6 1 4 5 
6 3 4 5 
  9 9 8 

1012
0 0 2 2 
7   2 2 
6 1 4 5 
6 3 4 5 
  9 9 8 

1013
0 0 2 2 
7   2 2 
  1 4 5 
6 3 4 5 
6 9 9 8 

1014
0 0 2 2 
7   2 2 
1   4 5 
6 3 4 5 
6 9 9 8 

1015
0 0 2 2 
  7 2 2 
1   4 5 
6 3 4 5 
6 9 9 8 

1016
0 0 2 2 
1 7 2 2 
    4 5 
6 3 4 5 
6 9 9 8 

1017
0 0 2 2 
1 7 2 2 
  3 4 5 
6   4 5 
6 9 9 8 

1018
0 0 2 2 
1 7 2 2 
3   4 5 
6   4 5 
6 9 9 8 

1019
0 0 2 2 
1   2 2 
3 7 4 5 
6   4 5 
6 9 9 8 

1020
0 0 2 2 
  1 2 2 
3 7 4 5 
6   4 5 
6 9 9 8 

1021
0 0 2 2 
3 1 2 2 
  7 4 5 
6   4 5 
6 9 9 8 

1022
0 0 2 2 
3 1 2 2 
7   4 5 
6   4 5 
6 9 9 8 

1023
0 0 2 2 
3 1 2 2 
7 4   5 
6 4   5 
6 9 9 8 

1024
0 0 2 2 
3 1 2 2 
7 4 5   
6 4 5   
6 9 9 8 

1025
0 0 2 2 
3 1 2 2 
7 4 5   
6 4 5 8 
6 9 9   

1026
0 0 2 2 
3 1 2 2 
7 4 5   
6 4 5 8 
6   9 9 

1027
0 0 2 2 
3 1 2 2 
7 4 5 8 
6 4 5   
6   9 9 

1028
0 0 2 2 
3 1 2 2 
7   5 8 
6 4 5   
6 4 9 9 

1029
0 0 2 2 
3   2 2 
7 1 5 8 
6 4 5   
6 4 9 9 

1030
0 0 2 2 
  3 2 2 
7 1 5 8 
6 4 5   
6 4 9 9 

1031
0 0 2 2 
7 3 2 2 
  1 5 8 
6 4 5   
6 4 9 9 

1032
0 0 2 2 
7 3 2 2 
1   5 8 
6 4 5   
6 4 9 9 

1033
0 0 2 2 
7 3 2 2 
1 4 5 8 
6 4 5   
6   9 9 

1034
0 0 2 2 
7 3 2 2 
1 4 5 8 
6 4 5   
6 9 9   

1035
0 0 2 2 
7 3 2 2 
1 4 5   
6 4 5 8 
6 9 9   

1036
0 0 2 2 
7 3 2 2 
1 4 5   
6 4 5   
6 9 9 8 

1037
0 0 2 2 
7 3 2 2 
1 4   5 
6 4   5 
6 9 9 8 

1038
0 0 2 2 
7 3 2 2 
1   4 5 
6   4 5 
6 9 9 8 

1039
0 0 2 2 
7 3 2 2 
  1 4 5 
6   4 5 
6 9 9 8 

1040
0 0 2 2 
7 3 2 2 
6 1 4 5 
6   4 5 
  9 9 8 

1041
0 0 2 2 
7 3 2 2 
6 1 4 5 
6   4 5 
9 9   8 

1042
0 0 2 2 
7 3 2 2 
6 1 4 5 
6   4 5 
9 9 8   

1043
0 0 2 2 
7 3 2 2 
6   4 5 
6 1 4 5 
9 9 8   

1044
0 0 2 2 
7   2 2 
6 3 4 5 
6 1 4 5 
9 9 8   

1045
0 0 2 2 
  7 2 2 
6 3 4 5 
6 1 4 5 
9 9 8   

1046
0 0 2 2 
  7 2 2 
6 3 4 5 
6 1 4 5 
9 9   8 

1047
0 0 2 2 
  7 2 2 
6 3 4 5 
6 1 4 5 
  9 9 8 

1048
0 0 2 2 
7   2 2 
6 3 4 5 
6 1 4 5 
  9 9 8 

1049
0 0 2 2 
7   2 2 
  3 4 5 
6 1 4 5 
6 9 9 8 

1050
0 0 2 2 
7   2 2 
3   4 5 
6 1 4 5 
6 9 9 8 

1051
0 0 2 2 
  7 2 2 
3   4 5 
6 1 4 5 
6 9 9 8 

1052
0 0 2 2 
3 7 2 2 
    4 5 
6 1 4 5 
6 9 9 8 

1053
0 0 2 2 
3 7 2 2 
  1 4 5 
6   4 5 
6 9 9 8 

1054
0 0 2 2 
3 7 2 2 
1   4 5 
6   4 5 
6 9 9 8 

1055
0 0 2 2 
3   2 2 
1 7 4 5 
6   4 5 
6 9 9 8 

1056
0 0 2 2 
  3 2 2 
1 7 4 5 
6   4 5 
6 9 9 8 

1057
0 0 2 2 
  3 2 2 
1   4 5 
6 7 4 5 
6 9 9 8 

1058
0 0 2 2 
  3 2 2 
  1 4 5 
6 7 4 5 
6 9 9 8 

1059
0 0 2 2 
3   2 2 
  1 4 5 
6 7 4 5 
6 9 9 8 

1060
0 0 2 2 
3   2 2 
6 1 4 5 
6 7 4 5 
  9 9 8 

1061
0 0 2 2 
3   2 2 
6 1 4 5 
6 7 4 5 
9 9   8 

1062
0 0 2 2 
3   2 2 
6 1 4 5 
6 7 4 5 
9 9 8   

1063
0 0 2 2 
  3 2 2 
6 1 4 5 
6 7 4 5 
9 9 8   

1064
0 0 2 2 
6 3 2 2 
6 1 4 5 
  7 4 5 
9 9 8   

1065
0 0 2 2 
6 3 2 2 
6 1 4 5 
7   4 5 
9 9 8   

1066
0 0 2 2 
6 3 2 2 
6 1 4 5 
7   4 5 
9 9   8 

1067
0 0 2 2 
6 3 2 2 
6 1 4 5 
7   4 5 
  9 9 8 

1068
0 0 2 2 
6 3 2 2 
6 1 4 5 
    4 5 
7 9 9 8 

1069
0 0 2 2 
  3 2 2 
6 1 4 5 
6   4 5 
7 9 9 8 

1070
0 0 2 2 
3   2 2 
6 1 4 5 
6   4 5 
7 9 9 8 

1071
0 0 2 2 
3 1 2 2 
6   4 5 
6   4 5 
7 9 9 8 

1072
0 0 2 2 
3 1 2 2 
6 4   5 
6 4   5 
7 9 9 8 

1073
0 0 2 2 
3 1 2 2 
6 4 5   
6 4 5   
7 9 9 8 

1074
0 0 2 2 
3 1 2 2 
6 4 5   
6 4 5 8 
7 9 9   

1075
0 0 2 2 
3 1 2 2 
6 4 5   
6 4 5 8 
7   9 9 

1076
0 0 2 2 
3 1 2 2 
6 4 5   
6 4 5 8 
  7 9 9 

1077
0 0 2 2 
3 1 2 2 
6 4 5 8 
6 4 5   
  7 9 9 

1078
0 0 2 2 
3 1 2 2 
  4 5 8 
6 4 5   
6 7 9 9 

1079
0 0 2 2 
  1 2 2 
3 4 5 8 
6 4 5   
6 7 9 9 

1080
0 0 2 2 
1   2 2 
3 4 5 8 
6 4 5   
6 7 9 9 

1081
0 0 2 2 
1 4 2 2 
3 4 5 8 
6   5   
6 7 9 9 

1082
0 0 2 2 
1 4 2 2 
3 4 5 8 
6 7 5   
6   9 9 

1083
0 0 2 2 
1 4 2 2 
3 4 5 8 
6 7 5   
6 9 9   

1084
0 0 2 2 
1 4 2 2 
3 4 5   
6 7 5 8 
6 9 9   

1085
0 0 2 2 
1 4 2 2 
3 4 5   
6 7 5   
6 9 9 8 

1086
0 0 2 2 
1 4 2 2 
3 4   5 
6 7   5 
6 9 9 8 

1087
0 0 2 2 
1 4 2 2 
3 4   5 
6   7 5 
6 9 9 8 

1088
0 0 2 2 
1 4 2 2 
3 4 7 5 
6     5 
6 9 9 8 

1089
0 0 2 2 
1   2 2 
3 4 7 5 
6 4   5 
6 9 9 8 

1090
0 0 2 2 
  1 2 2 
3 4 7 5 
6 4   5 
6 9 9 8 

1091
0 0 2 2 
3 1 2 2 
  4 7 5 
6 4   5 
6 9 9 8 

1092
0 0 2 2 
3 1 2 2 
6 4 7 5 
6 4   5 
  9 9 8 

1093
0 0 2 2 
3 1 2 2 
6 4 7 5 
6 4   5 
9 9   8 

1094
0 0 2 2 
3 1 2 2 
6 4 7 5 
6 4   5 
9 9 8   

1095
0 0 2 2 
3 1 2 2 
6 4 7 5 
6 4 8 5 
9 9     

1096
0 0 2 2 
3 1 2 2 
6 4 7 5 
6 4 8 5 
  9 9   

1097
0 0 2 2 
3 1 2 2 
  4 7 5 
6 4 8 5 
6 9 9   

1098
0 0 2 2 
3 1 2 2 
  4 7 5 
6 4 8 5 
6   9 9 

1099
0 0 2 2 
  1 2 2 
3 4 7 5 
6 4 8 5 
6   9 9 

1100
0 0 2 2 
1   2 2 
3 4 7 5 
6 4 8 5 
6   9 9 

1101
0 0 2 2 
1   2 2 
3 4 7 5 
6 4 8 5 
6 9 9   

1102
0 0 2 2 
1 4 2 2 
3 4 7 5 
6   8 5 
6 9 9   

1103
0 0 2 2 
1 4 2 2 
3 4 7 5 
6 8   5 
6 9 9   

1104
0 0 2 2 
1 4 2 2 
3 4 7 5 
6 8   5 
6   9 9 

1105
0 0 2 2 
1 4 2 2 
3 4   5 
6 8 7 5 
6   9 9 

1106
0 0 2 2 
1 4 2 2 
3 4   5 
6   7 5 
6 8 9 9 

1107
0 0 2 2 
1   2 2 
3 4   5 
6 4 7 5 
6 8 9 9 

1108
0 0 2 2 
  1 2 2 
3 4   5 
6 4 7 5 
6 8 9 9 

1109
0 0 2 2 
3 1 2 2 
  4   5 
6 4 7 5 
6 8 9 9 

1110
0 0 2 2 
3 1 2 2 
6 4   5 
6 4 7 5 
  8 9 9 

1111
0 0 2 2 
3 1 2 2 
6 4   5 
6 4 7 5 
8   9 9 

1112
0 0 2 2 
3 1 2 2 
6 4   5 
6 4 7 5 
8 9 9   

1113
0 0 2 2 
3 1 2 2 
6 4 7 5 
6 4   5 
8 9 9   

1114
0 0 2 2 
3 1 2 2 
6 4 7   
6 4   5 
8 9 9 5 

1115
0 0 2 2 
3 1 2 2 
6 4   7 
6 4   5 
8 9 9 5 

1116
0 0 2 2 
3 1 2 2 
6   4 7 
6   4 5 
8 9 9 5 

1117
0 0 2 2 
3 1 2 2 
  6 4 7 
  6 4 5 
8 9 9 5 

1118
0 0 2 2 
3 1 2 2 
  6 4 7 
8 6 4 5 
  9 9 5 

1119
0 0 2 2 
3 1 2 2 
  6 4 7 
8 6 4 5 
9 9   5 

1120
0 0 2 2 
3 1 2 2 
8 6 4 7 
  6 4 5 
9 9   5 

1121
0 0 2 2 
3 1 2 2 
8 6   7 
  6 4 5 
9 9 4 5 

1122
0 0 2 2 
3 1 2 2 
8 6 7   
  6 4 5 
9 9 4 5 

1123
0 0 2 2 
3 1 2 2 
8 6 7 5 
  6 4 5 
9 9 4   

1124
0 0 2 2 
3 1 2 2 
  6 7 5 
8 6 4 5 
9 9 4   

1125
0 0 2 2 
  1 2 2 
3 6 7 5 
8 6 4 5 
9 9 4   

1126
0 0 2 2 
1   2 2 
3 6 7 5 
8 6 4 5 
9 9 4   

1127
0 0 2 2 
1 6 2 2 
3 6 7 5 
8   4 5 
9 9 4   

1128
0 0 2 2 
1 6 2 2 
3 6 7 5 
  8 4 5 
9 9 4   

1129
0 0 2 2 
1 6 2 2 
  6 7 5 
3 8 4 5 
9 9 4   

1130
0 0 2 2 
  6 2 2 
1 6 7 5 
3 8 4 5 
9 9 4   

1131
0 0 2 2 
  6 2 2 
1 6 7   
3 8 4 5 
9 9 4 5 

1132
0 0 2 2 
  6 2 2 
1 6   7 
3 8 4 5 
9 9 4 5 

1133
0 0 2 2 
1 6 2 2 
  6   7 
3 8 4 5 
9 9 4 5 

1134
0 0 2 2 
1 6 2 2 
3 6   7 
  8 4 5 
9 9 4 5 

1135
0 0 2 2 
1 6 2 2 
3 6   7 
8   4 5 
9 9 4 5 

1136
0 0 2 2 
1 6 2 2 
3 6 4 7 
8   4 5 
9 9   5 

1137
0 0 2 2 
1 6 2 2 
3 6 4 7 
8   4 5 
  9 9 5 

1138
0 0 2 2 
1 6 2 2 
3 6 4 7 
  8 4 5 
  9 9 5 

1139
0 0 2 2 
1 6 2 2 
  6 4 7 
3 8 4 5 
  9 9 5 

1140
0 0 2 2 
  6 2 2 
1 6 4 7 
3 8 4 5 
  9 9 5 

1141
0 0 2 2 
  6 2 2 
1 6 4 7 
  8 4 5 
3 9 9 5 

1142
0 0 2 2 
  6 2 2 
1 6 4 7 
8   4 5 
3 9 9 5 

1143
0 0 2 2 
1 6 2 2 
  6 4 7 
8   4 5 
3 9 9 5 

1144
0 0 2 2 
1 6 2 2 
8 6 4 7 
    4 5 
3 9 9 5 

1145
0 0 2 2 
1 6 2 2 
8 6 4 7 
3   4 5 
  9 9 5 

1146
0 0 2 2 
1 6 2 2 
8 6 4 7 
3   4 5 
9 9   5 

1147
0 0 2 2 
1 6 2 2 
8 6 4 7 
  3 4 5 
9 9   5 

1148
0 0 2 2 
1 6 2 2 
  6 4 7 
8 3 4 5 
9 9   5 

1149
0 0 2 2 
1 6 2 2 
  6 4 7 
8 3 4 5 
  9 9 5 

1150
0 0 2 2 
  6 2 2 
1 6 4 7 
8 3 4 5 
  9 9 5 

1151
0 0 2 2 
  6 2 2 
1 6 4 7 
  3 4 5 
8 9 9 5 

1152
0 0 2 2 
  6 2 2 
  6 4 7 
1 3 4 5 
8 9 9 5 

1153
0 0 2 2 
6   2 2 
6   4 7 
1 3 4 5 
8 9 9 5 

1154
0 0 2 2 
6   2 2 
6 3 4 7 
1   4 5 
8 9 9 5 

1155
0 0 2 2 
6   2 2 
6 3 4 7 
  1 4 5 
8 9 9 5 

1156
0 0 2 2 
6 3 2 2 
6   4 7 
  1 4 5 
8 9 9 5 

1157
0 0 2 2 
6 3 2 2 
6 1 4 7 
    4 5 
8 9 9 5 

1158
0 0 2 2 
6 3 2 2 
6 1 4 7 
8   4 5 
  9 9 5 

1159
0 0 2 2 
6 3 2 2 
6 1 4 7 
8   4 5 
9 9   5 

1160
0 0 2 2 
6 3 2 2 
6 1 4 7 
  8 4 5 
9 9   5 

1161
0 0 2 2 
  3 2 2 
6 1 4 7 
6 8 4 5 
9 9   5 

1162
0 0 2 2 
3   2 2 
6 1 4 7 
6 8 4 5 
9 9   5 

1163
0 0 2 2 
3   2 2 
6 1 4 7 
6 8 4 5 
  9 9 5 

1164
0 0 2 2 
3 1 2 2 
6   4 7 
6 8 4 5 
  9 9 5 

1165
0 0 2 2 
3 1 2 2 
6 8 4 7 
6   4 5 
  9 9 5 

1166
0 0 2 2 
3 1 2 2 
6 8 4 7 
6   4 5 
9 9   5 

1167
0 0 2 2 
3 1 2 2 
6 8   7 
6   4 5 
9 9 4 5 

1168
0 0 2 2 
3 1 2 2 
6 8 7   
6   4 5 
9 9 4 5 

1169
0 0 2 2 
3 1 2 2 
6 8 7 5 
6   4 5 
9 9 4   

1170
0 0 2 2 
3 1 2 2 
6   7 5 
6 8 4 5 
9 9 4   

1171
0 0 2 2 
3 1 2 2 
6 7   5 
6 8 4 5 
9 9 4   

1172
0 0 2 2 
3 1 2 2 
6 7 4 5 
6 8 4 5 
9 9     

1173
0 0 2 2 
3 1 2 2 
6 7 4 5 
6 8 4 5 
  9 9   

1174
0 0 2 2 
3 1 2 2 
  7 4 5 
6 8 4 5 
6 9 9   

1175
0 0 2 2 
3 1 2 2 
7   4 5 
6 8 4 5 
6 9 9   

1176
0 0 2 2 
3 1 2 2 
7   4 5 
6 8 4 5 
6   9 9 

1177
0 0 2 2 
3 1 2 2 
7 8 4 5 
6   4 5 
6   9 9 

1178
0 0 2 2 
3 1 2 2 
7 8 4 5 
  6 4 5 
  6 9 9 

1179
0 0 2 2 
3 1 2 2 
  8 4 5 
7 6 4 5 
  6 9 9 

1180
0 0 2 2 
3 1 2 2 
8   4 5 
7 6 4 5 
  6 9 9 

1181
0 0 2 2 
3 1 2 2 
8 6 4 5 
7 6 4 5 
    9 9 

1182
0 0 2 2 
3 1 2 2 
8 6 4 5 
7 6 4 5 
9 9     

1183
0 0 2 2 
3 1 2 2 
8 6   5 
7 6 4 5 
9 9 4   

1184
0 0 2 2 
3 1 2 2 
8 6     
7 6 4 5 
9 9 4 5 

1185
0 0     
3 1 2 2 
8 6 2 2 
7 6 4 5 
9 9 4 5 

1186
  0 0   
3 1 2 2 
8 6 2 2 
7 6 4 5 
9 9 4 5 

1187
3 0 0   
  1 2 2 
8 6 2 2 
7 6 4 5 
9 9 4 5 

1188
3 0 0   
1   2 2 
8 6 2 2 
7 6 4 5 
9 9 4 5 

1189
3   0 0 
1   2 2 
8 6 2 2 
7 6 4 5 
9 9 4 5 

1190
  3 0 0 
1   2 2 
8 6 2 2 
7 6 4 5 
9 9 4 5 

1191
  3 0 0 
  1 2 2 
8 6 2 2 
7 6 4 5 
9 9 4 5 

1192
  3 0 0 
8 1 2 2 
  6 2 2 
7 6 4 5 
9 9 4 5 

1193
3   0 0 
8 1 2 2 
  6 2 2 
7 6 4 5 
9 9 4 5 

1194
3   0 0 
8 1 2 2 
7 6 2 2 
  6 4 5 
9 9 4 5 

1195
3 1 0 0 
8   2 2 
7 6 2 2 
  6 4 5 
9 9 4 5 

1196
3 1 0 0 
  8 2 2 
7 6 2 2 
  6 4 5 
9 9 4 5 

1197
3 1 0 0 
7 8 2 2 
  6 2 2 
  6 4 5 
9 9 4 5 

1198
3 1 0 0 
7 8 2 2 
6   2 2 
6   4 5 
9 9 4 5 

1199
3 1 0 0 
7   2 2 
6 8 2 2 
6   4 5 
9 9 4 5 

1200
3 1 0 0 
  7 2 2 
6 8 2 2 
6   4 5 
9 9 4 5 

1201
3 1 0 0 
6 7 2 2 
6 8 2 2 
    4 5 
9 9 4 5 

1202
3 1 0 0 
6 7 2 2 
6   2 2 
  8 4 5 
9 9 4 5 

1203
3 1 0 0 
6 7 2 2 
6   2 2 
8   4 5 
9 9 4 5 

1204
3 1 0 0 
6   2 2 
6 7 2 2 
8   4 5 
9 9 4 5 

1205
3   0 0 
6 1 2 2 
6 7 2 2 
8   4 5 
9 9 4 5 

1206
3 0 0   
6 1 2 2 
6 7 2 2 
8   4 5 
9 9 4 5 

1207
3 0 0   
6 1 2 2 
6 7 2 2 
  8 4 5 
9 9 4 5 

1208
3 0 0   
  1 2 2 
6 7 2 2 
6 8 4 5 
9 9 4 5 

1209
3 0 0   
1   2 2 
6 7 2 2 
6 8 4 5 
9 9 4 5 

1210
3   0 0 
1   2 2 
6 7 2 2 
6 8 4 5 
9 9 4 5 

1211
  3 0 0 
1   2 2 
6 7 2 2 
6 8 4 5 
9 9 4 5 

1212
  3 0 0 
  1 2 2 
6 7 2 2 
6 8 4 5 
9 9 4 5 

1213
6 3 0 0 
6 1 2 2 
  7 2 2 
  8 4 5 
9 9 4 5 

1214
6 3 0 0 
6 1 2 2 
7   2 2 
  8 4 5 
9 9 4 5 

1215
6 3 0 0 
6 1 2 2 
7   2 2 
8   4 5 
9 9 4 5 

1216
6 3 0 0 
6   2 2 
7 1 2 2 
8   4 5 
9 9 4 5 

1217
6   0 0 
6 3 2 2 
7 1 2 2 
8   4 5 
9 9 4 5 

1218
6 0 0   
6 3 2 2 
7 1 2 2 
8   4 5 
9 9 4 5 

1219
6 0 0   
6 3 2 2 
7 1 2 2 
  8 4 5 
9 9 4 5 

1220
6 0 0   
6 3 2 2 
  1 2 2 
7 8 4 5 
9 9 4 5 

1221
6 0 0   
6 3 2 2 
1   2 2 
7 8 4 5 
9 9 4 5 

1222
6   0 0 
6 3 2 2 
1   2 2 
7 8 4 5 
9 9 4 5 

1223
6   0 0 
6 3 2 2 
1 8 2 2 
7   4 5 
9 9 4 5 

1224
6   0 0 
6 3 2 2 
1 8 2 2 
  7 4 5 
9 9 4 5 

1225
6 0 0   
6 3 2 2 
1 8 2 2 
  7 4 5 
9 9 4 5 

1226
6 0 0   
6 3 2 2 
  8 2 2 
1 7 4 5 
9 9 4 5 

1227
6 0 0   
6 3 2 2 
8   2 2 
1 7 4 5 
9 9 4 5 

1228
6   0 0 
6 3 2 2 
8   2 2 
1 7 4 5 
9 9 4 5 

1229
6   0 0 
6 3 2 2 
8 7 2 2 
1   4 5 
9 9 4 5 

1230
6   0 0 
6 3 2 2 
8 7 2 2 
  1 4 5 
9 9 4 5 

1231
6 0 0   
6 3 2 2 
8 7 2 2 
  1 4 5 
9 9 4 5 

1232
6 0 0   
6 3 2 2 
  7 2 2 
8 1 4 5 
9 9 4 5 

1233
  0 0   
6 3 2 2 
6 7 2 2 
8 1 4 5 
9 9 4 5 

1234
0 0     
6 3 2 2 
6 7 2 2 
8 1 4 5 
9 9 4 5 

1235
0 0 2 2 
6 3 2 2 
6 7     
8 1 4 5 
9 9 4 5 

1236
0 0 2 2 
6 3 2 2 
6   7   
8 1 4 5 
9 9 4 5 

1237
0 0 2 2 
6 3 2 2 
6     7 
8 1 4 5 
9 9 4 5 

1238
0 0 2 2 
6   2 2 
6 3   7 
8 1 4 5 
9 9 4 5 

1239
0 0 2 2 
6   2 2 
6   3 7 
8 1 4 5 
9 9 4 5 

1240
0 0 2 2 
  6 2 2 
  6 3 7 
8 1 4 5 
9 9 4 5 

1241
0 0 2 2 
  6 2 2 
8 6 3 7 
  1 4 5 
9 9 4 5 

1242
0 0 2 2 
  6 2 2 
8 6 3 7 
1   4 5 
9 9 4 5 

1243
0 0 2 2 
8 6 2 2 
  6 3 7 
1   4 5 
9 9 4 5 

1244
0 0 2 2 
8 6 2 2 
1 6 3 7 
    4 5 
9 9 4 5 

1245
0 0 2 2 
8   2 2 
1 6 3 7 
  6 4 5 
9 9 4 5 

1246
0 0 2 2 
  8 2 2 
1 6 3 7 
  6 4 5 
9 9 4 5 

1247
0 0 2 2 
1 8 2 2 
  6 3 7 
  6 4 5 
9 9 4 5 

1248
0 0 2 2 
1 8 2 2 
6   3 7 
6   4 5 
9 9 4 5 

1249
0 0 2 2 
1 8 2 2 
6 3   7 
6   4 5 
9 9 4 5 

1250
0 0 2 2 
1 8 2 2 
6 3 7   
6   4 5 
9 9 4 5 

1251
0 0 2 2 
1 8 2 2 
6 3 7 5 
6   4 5 
9 9 4   

1252
0 0 2 2 
1 8 2 2 
6   7 5 
6 3 4 5 
9 9 4   

1253
0 0 2 2 
1 8 2 2 
6 7   5 
6 3 4 5 
9 9 4   

1254
0 0 2 2 
1 8 2 2 
6 7 4 5 
6 3 4 5 
9 9     

1255
0 0 2 2 
1 8 2 2 
6 7 4 5 
6 3 4 5 
  9 9   

1256
0 0 2 2 
1 8 2 2 
  7 4 5 
6 3 4 5 
6 9 9   

1257
0 0 2 2 
1 8 2 2 
7   4 5 
6 3 4 5 
6 9 9   

1258
0 0 2 2 
1 8 2 2 
7   4 5 
6 3 4 5 
6   9 9 

1259
0 0 2 2 
1 8 2 2 
7 3 4 5 
6   4 5 
6   9 9 

1260
0 0 2 2 
1 8 2 2 
7 3 4 5 
  6 4 5 
  6 9 9 

1261
0 0 2 2 
1 8 2 2 
  3 4 5 
7 6 4 5 
  6 9 9 

1262
0 0 2 2 
1 8 2 2 
3   4 5 
7 6 4 5 
  6 9 9 

1263
0 0 2 2 
1 8 2 2 
3 6 4 5 
7 6 4 5 
    9 9 

1264
0 0 2 2 
1 8 2 2 
3 6 4 5 
7 6 4 5 
9 9     

1265
0 0 2 2 
1 8 2 2 
3 6   5 
7 6 4 5 
9 9 4   

1266
0 0 2 2 
1 8 2 2 
3 6     
7 6 4 5 
9 9 4 5 

1267
0 0     
1 8 2 2 
3 6 2 2 
7 6 4 5 
9 9 4 5 

1268
  0 0   
1 8 2 2 
3 6 2 2 
7 6 4 5 
9 9 4 5 

1269
1 0 0   
  8 2 2 
3 6 2 2 
7 6 4 5 
9 9 4 5 

1270
1 0 0   
8   2 2 
3 6 2 2 
7 6 4 5 
9 9 4 5 

1271
1   0 0 
8   2 2 
3 6 2 2 
7 6 4 5 
9 9 4 5 

1272
  1 0 0 
8   2 2 
3 6 2 2 
7 6 4 5 
9 9 4 5 

1273
  1 0 0 
  8 2 2 
3 6 2 2 
7 6 4 5 
9 9 4 5 

1274
  1 0 0 
3 8 2 2 
  6 2 2 
7 6 4 5 
9 9 4 5 

1275
1   0 0 
3 8 2 2 
  6 2 2 
7 6 4 5 
9 9 4 5 

1276
1   0 0 
3 8 2 2 
7 6 2 2 
  6 4 5 
9 9 4 5 

1277
1 8 0 0 
3   2 2 
7 6 2 2 
  6 4 5 
9 9 4 5 

1278
1 8 0 0 
  3 2 2 
7 6 2 2 
  6 4 5 
9 9 4 5 

1279
1 8 0 0 
7 3 2 2 
  6 2 2 
  6 4 5 
9 9 4 5 

1280
1 8 0 0 
7 3 2 2 
6   2 2 
6   4 5 
9 9 4 5 

1281
1 8 0 0 
7   2 2 
6 3 2 2 
6   4 5 
9 9 4 5 

1282
1 8 0 0 
  7 2 2 
6 3 2 2 
6   4 5 
9 9 4 5 

1283
1 8 0 0 
6 7 2 2 
6 3 2 2 
    4 5 
9 9 4 5 

1284
1 8 0 0 
6 7 2 2 
6   2 2 
  3 4 5 
9 9 4 5 

1285
1 8 0 0 
6 7 2 2 
6   2 2 
3   4 5 
9 9 4 5 

1286
1 8 0 0 
6   2 2 
6 7 2 2 
3   4 5 
9 9 4 5 

1287
1   0 0 
6 8 2 2 
6 7 2 2 
3   4 5 
9 9 4 5 

1288
1 0 0   
6 8 2 2 
6 7 2 2 
3   4 5 
9 9 4 5 

1289
1 0 0   
6 8 2 2 
6 7 2 2 
  3 4 5 
9 9 4 5 

1290
1 0 0   
  8 2 2 
6 7 2 2 
6 3 4 5 
9 9 4 5 

1291
1 0 0   
8   2 2 
6 7 2 2 
6 3 4 5 
9 9 4 5 

1292
1   0 0 
8   2 2 
6 7 2 2 
6 3 4 5 
9 9 4 5 

1293
  1 0 0 
8   2 2 
6 7 2 2 
6 3 4 5 
9 9 4 5 

1294
  1 0 0 
  8 2 2 
6 7 2 2 
6 3 4 5 
9 9 4 5 

1295
6 1 0 0 
6 8 2 2 
  7 2 2 
  3 4 5 
9 9 4 5 

1296
6 1 0 0 
6 8 2 2 
7   2 2 
  3 4 5 
9 9 4 5 

1297
6 1 0 0 
6 8 2 2 
7   2 2 
3   4 5 
9 9 4 5 

1298
6 1 0 0 
6   2 2 
7 8 2 2 
3   4 5 
9 9 4 5 

1299
6   0 0 
6 1 2 2 
7 8 2 2 
3   4 5 
9 9 4 5 

1300
6 0 0   
6 1 2 2 
7 8 2 2 
3   4 5 
9 9 4 5 

1301
6 0 0   
6 1 2 2 
7 8 2 2 
  3 4 5 
9 9 4 5 

1302
6 0 0   
6 1 2 2 
  8 2 2 
7 3 4 5 
9 9 4 5 

1303
6 0 0   
6 1 2 2 
8   2 2 
7 3 4 5 
9 9 4 5 

1304
6   0 0 
6 1 2 2 
8   2 2 
7 3 4 5 
9 9 4 5 

1305
6   0 0 
6 1 2 2 
8 3 2 2 
7   4 5 
9 9 4 5 

1306
6   0 0 
6 1 2 2 
8 3 2 2 
  7 4 5 
9 9 4 5 

1307
6 0 0   
6 1 2 2 
8 3 2 2 
  7 4 5 
9 9 4 5 

1308
6 0 0   
6 1 2 2 
  3 2 2 
8 7 4 5 
9 9 4 5 

1309
6 0 0   
6 1 2 2 
3   2 2 
8 7 4 5 
9 9 4 5 

1310
6   0 0 
6 1 2 2 
3   2 2 
8 7 4 5 
9 9 4 5 

1311
6   0 0 
6 1 2 2 
3 7 2 2 
8   4 5 
9 9 4 5 

1312
6   0 0 
6 1 2 2 
3 7 2 2 
  8 4 5 
9 9 4 5 

1313
6 0 0   
6 1 2 2 
3 7 2 2 
  8 4 5 
9 9 4 5 

1314
6 0 0   
6 1 2 2 
  7 2 2 
3 8 4 5 
9 9 4 5 

1315
  0 0   
6 1 2 2 
6 7 2 2 
3 8 4 5 
9 9 4 5 

1316
0 0     
6 1 2 2 
6 7 2 2 
3 8 4 5 
9 9 4 5 

1317
0 0 2 2 
6 1 2 2 
6 7     
3 8 4 5 
9 9 4 5 

1318
0 0 2 2 
6 1 2 2 
6   7   
3 8 4 5 
9 9 4 5 

1319
0 0 2 2 
6 1 2 2 
6     7 
3 8 4 5 
9 9 4 5 

1320
0 0 2 2 
6 1 2 2 
6 8   7 
3   4 5 
9 9 4 5 

1321
0 0 2 2 
6 1 2 2 
6   8 7 
3   4 5 
9 9 4 5 

1322
0 0 2 2 
6 1 2 2 
6   8 7 
  3 4 5 
9 9 4 5 

1323
0 0 2 2 
6 1 2 2 
6 3 8 7 
    4 5 
9 9 4 5 

1324
0 0 2 2 
  1 2 2 
6 3 8 7 
6   4 5 
9 9 4 5 

1325
0 0 2 2 
1   2 2 
6 3 8 7 
6   4 5 
9 9 4 5 

1326
0 0 2 2 
1 3 2 2 
6   8 7 
6   4 5 
9 9 4 5 

1327
0 0 2 2 
1 3 2 2 
6 8   7 
6   4 5 
9 9 4 5 

1328
0 0 2 2 
1 3 2 2 
6 8 7   
6   4 5 
9 9 4 5 

1329
0 0 2 2 
1 3 2 2 
6 8 7 5 
6   4 5 
9 9 4   

1330
0 0 2 2 
1 3 2 2 
6   7 5 
6 8 4 5 
9 9 4   

1331
0 0 2 2 
1 3 2 2 
6 7   5 
6 8 4 5 
9 9 4   

1332
0 0 2 2 
1 3 2 2 
6 7 4 5 
6 8 4 5 
9 9     

1333
0 0 2 2 
1 3 2 2 
6 7 4 5 
6 8 4 5 
  9 9   

1334
0 0 2 2 
1 3 2 2 
  7 4 5 
6 8 4 5 
6 9 9   

1335
0 0 2 2 
1 3 2 2 
7   4 5 
6 8 4 5 
6 9 9   

1336
0 0 2 2 
1 3 2 2 
7   4 5 
6 8 4 5 
6   9 9 

1337
0 0 2 2 
1 3 2 2 
7 8 4 5 
6   4 5 
6   9 9 

1338
0 0 2 2 
1 3 2 2 
7 8 4 5 
  6 4 5 
  6 9 9 

1339
0 0 2 2 
1 3 2 2 
  8 4 5 
7 6 4 5 
  6 9 9 

1340
0 0 2 2 
1 3 2 2 
8   4 5 
7 6 4 5 
  6 9 9 

1341
0 0 2 2 
1 3 2 2 
8 6 4 5 
7 6 4 5 
    9 9 

1342
0 0 2 2 
1 3 2 2 
8 6 4 5 
7 6 4 5 
9 9     

1343
0 0 2 2 
1 3 2 2 
8 6   5 
7 6 4 5 
9 9 4   

1344
0 0 2 2 
1 3 2 2 
8 6     
7 6 4 5 
9 9 4 5 

1345
0 0     
1 3 2 2 
8 6 2 2 
7 6 4 5 
9 9 4 5 

1346
  0 0   
1 3 2 2 
8 6 2 2 
7 6 4 5 
9 9 4 5 

1347
1 0 0   
  3 2 2 
8 6 2 2 
7 6 4 5 
9 9 4 5 

1348
1 0 0   
3   2 2 
8 6 2 2 
7 6 4 5 
9 9 4 5 

1349
1   0 0 
3   2 2 
8 6 2 2 
7 6 4 5 
9 9 4 5 

1350
  1 0 0 
3   2 2 
8 6 2 2 
7 6 4 5 
9 9 4 5 

1351
  1 0 0 
  3 2 2 
8 6 2 2 
7 6 4 5 
9 9 4 5 

1352
  1 0 0 
8 3 2 2 
  6 2 2 
7 6 4 5 
9 9 4 5 

1353
1   0 0 
8 3 2 2 
  6 2 2 
7 6 4 5 
9 9 4 5 

1354
1   0 0 
8 3 2 2 
7 6 2 2 
  6 4 5 
9 9 4 5 

1355
1 3 0 0 
8   2 2 
7 6 2 2 
  6 4 5 
9 9 4 5 

1356
1 3 0 0 
  8 2 2 
7 6 2 2 
  6 4 5 
9 9 4 5 

1357
1 3 0 0 
7 8 2 2 
  6 2 2 
  6 4 5 
9 9 4 5 

1358
1 3 0 0 
7 8 2 2 
6   2 2 
6   4 5 
9 9 4 5 

1359
1 3 0 0 
7   2 2 
6 8 2 2 
6   4 5 
9 9 4 5 

1360
1 3 0 0 
  7 2 2 
6 8 2 2 
6   4 5 
9 9 4 5 

1361
1 3 0 0 
6 7 2 2 
6 8 2 2 
    4 5 
9 9 4 5 

1362
1 3 0 0 
6 7 2 2 
6   2 2 
  8 4 5 
9 9 4 5 

1363
1 3 0 0 
6 7 2 2 
6   2 2 
8   4 5 
9 9 4 5 

1364
1 3 0 0 
6   2 2 
6 7 2 2 
8   4 5 
9 9 4 5 

1365
1   0 0 
6 3 2 2 
6 7 2 2 
8   4 5 
9 9 4 5 

1366
1 0 0   
6 3 2 2 
6 7 2 2 
8   4 5 
9 9 4 5 

1367
1 0 0   
6 3 2 2 
6 7 2 2 
  8 4 5 
9 9 4 5 

1368
1 0 0   
  3 2 2 
6 7 2 2 
6 8 4 5 
9 9 4 5 

1369
1 0 0   
3   2 2 
6 7 2 2 
6 8 4 5 
9 9 4 5 

1370
1   0 0 
3   2 2 
6 7 2 2 
6 8 4 5 
9 9 4 5 

1371
  1 0 0 
3   2 2 
6 7 2 2 
6 8 4 5 
9 9 4 5 

1372
  1 0 0 
  3 2 2 
6 7 2 2 
6 8 4 5 
9 9 4 5 

1373
6 1 0 0 
6 3 2 2 
  7 2 2 
  8 4 5 
9 9 4 5 

1374
6 1 0 0 
6 3 2 2 
7   2 2 
  8 4 5 
9 9 4 5 

1375
6 1 0 0 
6 3 2 2 
7   2 2 
8   4 5 
9 9 4 5 

1376
6 1 0 0 
6   2 2 
7 3 2 2 
8   4 5 
9 9 4 5 

1377
6   0 0 
6 1 2 2 
7 3 2 2 
8   4 5 
9 9 4 5 

1378
6 0 0   
6 1 2 2 
7 3 2 2 
8   4 5 
9 9 4 5 

1379
6 0 0   
6 1 2 2 
7 3 2 2 
  8 4 5 
9 9 4 5 

1380
6 0 0   
6 1 2 2 
  3 2 2 
7 8 4 5 
9 9 4 5 

1381
6 0 0   
6 1 2 2 
3   2 2 
7 8 4 5 
9 9 4 5 

1382
6   0 0 
6 1 2 2 
3   2 2 
7 8 4 5 
9 9 4 5 

1383
6   0 0 
6 1 2 2 
3 8 2 2 
7   4 5 
9 9 4 5 

1384
6   0 0 
6 1 2 2 
3 8 2 2 
  7 4 5 
9 9 4 5 

1385
6 0 0   
6 1 2 2 
3 8 2 2 
  7 4 5 
9 9 4 5 

1386
6 0 0   
6 1 2 2 
  8 2 2 
3 7 4 5 
9 9 4 5 

1387
6 0 0   
6 1 2 2 
8   2 2 
3 7 4 5 
9 9 4 5 

1388
6   0 0 
6 1 2 2 
8   2 2 
3 7 4 5 
9 9 4 5 

1389
6   0 0 
6 1 2 2 
8 7 2 2 
3   4 5 
9 9 4 5 

1390
6 1 0 0 
6   2 2 
8 7 2 2 
3   4 5 
9 9 4 5 

1391
6 1 0 0 
6   2 2 
8 7 2 2 
  3 4 5 
9 9 4 5 

1392
6 1 0 0 
6 7 2 2 
8   2 2 
  3 4 5 
9 9 4 5 

1393
6 1 0 0 
6 7 2 2 
  8 2 2 
  3 4 5 
9 9 4 5 

1394
6 1 0 0 
6 7 2 2 
  8 2 2 
3   4 5 
9 9 4 5 

1395
6 1 0 0 
6 7 2 2 
3 8 2 2 
    4 5 
9 9 4 5 

1396
6 1 0 0 
6 7 2 2 
3   2 2 
  8 4 5 
9 9 4 5 

1397
6 1 0 0 
6 7 2 2 
3   2 2 
8   4 5 
9 9 4 5 

1398
6 1 0 0 
6 7 2 2 
  3 2 2 
8   4 5 
9 9 4 5 

1399
  1 0 0 
6 7 2 2 
6 3 2 2 
8   4 5 
9 9 4 5 

1400
1   0 0 
6 7 2 2 
6 3 2 2 
8   4 5 
9 9 4 5 

1401
1 0 0   
6 7 2 2 
6 3 2 2 
8   4 5 
9 9 4 5 

1402
1 0 0   
6 7 2 2 
6 3 2 2 
  8 4 5 
9 9 4 5 

1403
1 0 0   
  7 2 2 
6 3 2 2 
6 8 4 5 
9 9 4 5 

1404
1 0 0   
7   2 2 
6 3 2 2 
6 8 4 5 
9 9 4 5 

1405
1   0 0 
7   2 2 
6 3 2 2 
6 8 4 5 
9 9 4 5 

1406
  1 0 0 
7   2 2 
6 3 2 2 
6 8 4 5 
9 9 4 5 

1407
  1 0 0 
7 3 2 2 
6   2 2 
6 8 4 5 
9 9 4 5 

1408
  1 0 0 
7 3 2 2 
6 8 2 2 
6   4 5 
9 9 4 5 

1409
7 1 0 0 
  3 2 2 
6 8 2 2 
6   4 5 
9 9 4 5 

1410
7 1 0 0 
3   2 2 
6 8 2 2 
6   4 5 
9 9 4 5 

1411
7 1 0 0 
3 8 2 2 
6   2 2 
6   4 5 
9 9 4 5 

1412
7 1 0 0 
3 8 2 2 
  6 2 2 
  6 4 5 
9 9 4 5 

1413
7 1 0 0 
  8 2 2 
3 6 2 2 
  6 4 5 
9 9 4 5 

1414
7 1 0 0 
8   2 2 
3 6 2 2 
  6 4 5 
9 9 4 5 

1415
7 1 0 0 
8 6 2 2 
3 6 2 2 
    4 5 
9 9 4 5 

1416
7 1 0 0 
8 6 2 2 
  6 2 2 
3   4 5 
9 9 4 5 

1417
7 1 0 0 
8 6 2 2 
  6 2 2 
  3 4 5 
9 9 4 5 

1418
7 1 0 0 
  6 2 2 
8 6 2 2 
  3 4 5 
9 9 4 5 

1419
  1 0 0 
7 6 2 2 
8 6 2 2 
  3 4 5 
9 9 4 5 

1420
  1 0 0 
7 6 2 2 
8 6 2 2 
3   4 5 
9 9 4 5 

1421
1   0 0 
7 6 2 2 
8 6 2 2 
3   4 5 
9 9 4 5 

1422
1 0 0   
7 6 2 2 
8 6 2 2 
3   4 5 
9 9 4 5 

1423
1 0 0   
7 6 2 2 
8 6 2 2 
  3 4 5 
9 9 4 5 

1424
1 0 0   
7 6 2 2 
  6 2 2 
8 3 4 5 
9 9 4 5 

1425
1   0 0 
7 6 2 2 
  6 2 2 
8 3 4 5 
9 9 4 5 

1426
1 6 0 0 
7 6 2 2 
    2 2 
8 3 4 5 
9 9 4 5 

1427
1 6 0 0 
7 6 2 2 
8   2 2 
  3 4 5 
9 9 4 5 

1428
1 6 0 0 
7 6 2 2 
  8 2 2 
  3 4 5 
9 9 4 5 

1429
1 6 0 0 
7 6 2 2 
  8 2 2 
3   4 5 
9 9 4 5 

1430
1 6 0 0 
7 6 2 2 
3 8 2 2 
    4 5 
9 9 4 5 

1431
1 6 0 0 
7 6 2 2 
3   2 2 
  8 4 5 
9 9 4 5 

1432
1 6 0 0 
7 6 2 2 
3   2 2 
8   4 5 
9 9 4 5 

1433
1   0 0 
7 6 2 2 
3 6 2 2 
8   4 5 
9 9 4 5 

1434
1 0 0   
7 6 2 2 
3 6 2 2 
8   4 5 
9 9 4 5 

1435
1 0 0   
7 6 2 2 
3 6 2 2 
  8 4 5 
9 9 4 5 

1436
1 0 0   
7 6 2 2 
  6 2 2 
3 8 4 5 
9 9 4 5 

1437
1   0 0 
7 6 2 2 
  6 2 2 
3 8 4 5 
9 9 4 5 

1438
  1 0 0 
7 6 2 2 
  6 2 2 
3 8 4 5 
9 9 4 5 

1439
  1 0 0 
7 6 2 2 
3 6 2 2 
  8 4 5 
9 9 4 5 

1440
7 1 0 0 
  6 2 2 
3 6 2 2 
  8 4 5 
9 9 4 5 

1441
7 1 0 0 
3 6 2 2 
  6 2 2 
  8 4 5 
9 9 4 5 

1442
7 1 0 0 
3 6 2 2 
  6 2 2 
8   4 5 
9 9 4 5 

1443
7 1 0 0 
3 6 2 2 
8 6 2 2 
    4 5 
9 9 4 5 

1444
7 1 0 0 
3   2 2 
8 6 2 2 
  6 4 5 
9 9 4 5 

1445
7 1 0 0 
  3 2 2 
8 6 2 2 
  6 4 5 
9 9 4 5 

1446
7 1 0 0 
8 3 2 2 
  6 2 2 
  6 4 5 
9 9 4 5 

1447
7 1 0 0 
8 3 2 2 
6   2 2 
6   4 5 
9 9 4 5 

1448
7 1 0 0 
8   2 2 
6 3 2 2 
6   4 5 
9 9 4 5 

1449
7 1 0 0 
  8 2 2 
6 3 2 2 
6   4 5 
9 9 4 5 

1450
7 1 0 0 
6 8 2 2 
6 3 2 2 
    4 5 
9 9 4 5 

1451
7 1 0 0 
6 8 2 2 
6   2 2 
  3 4 5 
9 9 4 5 

1452
7 1 0 0 
6 8 2 2 
6   2 2 
3   4 5 
9 9 4 5 

1453
7 1 0 0 
6   2 2 
6 8 2 2 
3   4 5 
9 9 4 5 

1454
7   0 0 
6 1 2 2 
6 8 2 2 
3   4 5 
9 9 4 5 

1455
7 0 0   
6 1 2 2 
6 8 2 2 
3   4 5 
9 9 4 5 

1456
7 0 0   
6 1 2 2 
6 8 2 2 
  3 4 5 
9 9 4 5 

1457
7 0 0   
  1 2 2 
6 8 2 2 
6 3 4 5 
9 9 4 5 

1458
7 0 0   
1   2 2 
6 8 2 2 
6 3 4 5 
9 9 4 5 

1459
7   0 0 
1   2 2 
6 8 2 2 
6 3 4 5 
9 9 4 5 

1460
  7 0 0 
1   2 2 
6 8 2 2 
6 3 4 5 
9 9 4 5 

1461
  7 0 0 
  1 2 2 
6 8 2 2 
6 3 4 5 
9 9 4 5 

1462
6 7 0 0 
6 1 2 2 
  8 2 2 
  3 4 5 
9 9 4 5 

1463
6 7 0 0 
6 1 2 2 
8   2 2 
  3 4 5 
9 9 4 5 

1464
6 7 0 0 
6 1 2 2 
8   2 2 
3   4 5 
9 9 4 5 

1465
6 7 0 0 
6   2 2 
8 1 2 2 
3   4 5 
9 9 4 5 

1466
6   0 0 
6 7 2 2 
8 1 2 2 
3   4 5 
9 9 4 5 

1467
6 0 0   
6 7 2 2 
8 1 2 2 
3   4 5 
9 9 4 5 

1468
6 0 0   
6 7 2 2 
8 1 2 2 
  3 4 5 
9 9 4 5 

1469
6 0 0   
6 7 2 2 
  1 2 2 
8 3 4 5 
9 9 4 5 

1470
6 0 0   
6 7 2 2 
1   2 2 
8 3 4 5 
9 9 4 5 

1471
6   0 0 
6 7 2 2 
1   2 2 
8 3 4 5 
9 9 4 5 

1472
6   0 0 
6 7 2 2 
1 3 2 2 
8   4 5 
9 9 4 5 

1473
6   0 0 
6 7 2 2 
1 3 2 2 
  8 4 5 
9 9 4 5 

1474
6 0 0   
6 7 2 2 
1 3 2 2 
  8 4 5 
9 9 4 5 

1475
6 0 0   
6 7 2 2 
  3 2 2 
1 8 4 5 
9 9 4 5 

1476
6 0 0   
6 7 2 2 
3   2 2 
1 8 4 5 
9 9 4 5 

1477
6   0 0 
6 7 2 2 
3   2 2 
1 8 4 5 
9 9 4 5 

1478
6   0 0 
6 7 2 2 
3 8 2 2 
1   4 5 
9 9 4 5 

1479
6   0 0 
6 7 2 2 
3 8 2 2 
  1 4 5 
9 9 4 5 

1480
6 0 0   
6 7 2 2 
3 8 2 2 
  1 4 5 
9 9 4 5 

1481
6 0 0   
6 7 2 2 
  8 2 2 
3 1 4 5 
9 9 4 5 

1482
  0 0   
6 7 2 2 
6 8 2 2 
3 1 4 5 
9 9 4 5 

1483
0 0     
6 7 2 2 
6 8 2 2 
3 1 4 5 
9 9 4 5 

1484
0 0 2 2 
6 7 2 2 
6 8     
3 1 4 5 
9 9 4 5 

1485
0 0 2 2 
6 7 2 2 
6   8   
3 1 4 5 
9 9 4 5 

1486
0 0 2 2 
6 7 2 2 
6     8 
3 1 4 5 
9 9 4 5 

1487
0 0 2 2 
6 7 2 2 
6 1   8 
3   4 5 
9 9 4 5 

1488
0 0 2 2 
6 7 2 2 
6   1 8 
3   4 5 
9 9 4 5 

1489
0 0 2 2 
6 7 2 2 
6   1 8 
  3 4 5 
9 9 4 5 

1490
0 0 2 2 
6 7 2 2 
6 3 1 8 
    4 5 
9 9 4 5 

1491
0 0 2 2 
  7 2 2 
6 3 1 8 
6   4 5 
9 9 4 5 

1492
0 0 2 2 
7   2 2 
6 3 1 8 
6   4 5 
9 9 4 5 

1493
0 0 2 2 
7 3 2 2 
6   1 8 
6   4 5 
9 9 4 5 

1494
0 0 2 2 
7 3 2 2 
6 1   8 
6   4 5 
9 9 4 5 

1495
0 0 2 2 
7 3 2 2 
6 1 8   
6   4 5 
9 9 4 5 

1496
0 0 2 2 
7 3 2 2 
6 1 8 5 
6   4 5 
9 9 4   

1497
0 0 2 2 
7 3 2 2 
6   8 5 
6 1 4 5 
9 9 4   

1498
0 0 2 2 
7 3 2 2 
6 8   5 
6 1 4 5 
9 9 4   

1499
0 0 2 2 
7 3 2 2 
6 8 4 5 
6 1 4 5 
9 9     

1500
0 0 2 2 
7 3 2 2 
6 8 4 5 
6 1 4 5 
  9 9   

1501
0 0 2 2 
7 3 2 2 
  8 4 5 
6 1 4 5 
6 9 9   

1502
0 0 2 2 
7 3 2 2 
8   4 5 
6 1 4 5 
6 9 9   

1503
0 0 2 2 
7 3 2 2 
8   4 5 
6 1 4 5 
6   9 9 

1504
0 0 2 2 
7 3 2 2 
8 1 4 5 
6   4 5 
6   9 9 

1505
0 0 2 2 
7 3 2 2 
8 1 4 5 
  6 4 5 
  6 9 9 

1506
0 0 2 2 
7 3 2 2 
  1 4 5 
8 6 4 5 
  6 9 9 

1507
0 0 2 2 
7 3 2 2 
1   4 5 
8 6 4 5 
  6 9 9 

1508
0 0 2 2 
7 3 2 2 
1 6 4 5 
8 6 4 5 
    9 9 

1509
0 0 2 2 
7 3 2 2 
1 6 4 5 
8 6 4 5 
9 9     

1510
0 0 2 2 
7 3 2 2 
1 6   5 
8 6 4 5 
9 9 4   

1511
0 0 2 2 
7 3 2 2 
1 6     
8 6 4 5 
9 9 4 5 

1512
0 0     
7 3 2 2 
1 6 2 2 
8 6 4 5 
9 9 4 5 

1513
  0 0   
7 3 2 2 
1 6 2 2 
8 6 4 5 
9 9 4 5 

1514
7 0 0   
  3 2 2 
1 6 2 2 
8 6 4 5 
9 9 4 5 

1515
7 0 0   
3   2 2 
1 6 2 2 
8 6 4 5 
9 9 4 5 

1516
7   0 0 
3   2 2 
1 6 2 2 
8 6 4 5 
9 9 4 5 

1517
  7 0 0 
3   2 2 
1 6 2 2 
8 6 4 5 
9 9 4 5 

1518
  7 0 0 
  3 2 2 
1 6 2 2 
8 6 4 5 
9 9 4 5 

1519
  7 0 0 
1 3 2 2 
  6 2 2 
8 6 4 5 
9 9 4 5 

1520
7   0 0 
1 3 2 2 
  6 2 2 
8 6 4 5 
9 9 4 5 

1521
7   0 0 
1 3 2 2 
8 6 2 2 
  6 4 5 
9 9 4 5 

1522
7 3 0 0 
1   2 2 
8 6 2 2 
  6 4 5 
9 9 4 5 

1523
7 3 0 0 
  1 2 2 
8 6 2 2 
  6 4 5 
9 9 4 5 

1524
7 3 0 0 
8 1 2 2 
  6 2 2 
  6 4 5 
9 9 4 5 

1525
7 3 0 0 
8 1 2 2 
6   2 2 
6   4 5 
9 9 4 5 

1526
7 3 0 0 
8   2 2 
6 1 2 2 
6   4 5 
9 9 4 5 

1527
7 3 0 0 
  8 2 2 
6 1 2 2 
6   4 5 
9 9 4 5 

1528
7 3 0 0 
6 8 2 2 
6 1 2 2 
    4 5 
9 9 4 5 

1529
7 3 0 0 
6 8 2 2 
6   2 2 
  1 4 5 
9 9 4 5 

1530
7 3 0 0 
6 8 2 2 
6   2 2 
1   4 5 
9 9 4 5 

1531
7 3 0 0 
6   2 2 
6 8 2 2 
1   4 5 
9 9 4 5 

1532
7   0 0 
6 3 2 2 
6 8 2 2 
1   4 5 
9 9 4 5 

1533
7 0 0   
6 3 2 2 
6 8 2 2 
1   4 5 
9 9 4 5 

1534
7 0 0   
6 3 2 2 
6 8 2 2 
  1 4 5 
9 9 4 5 

1535
7 0 0   
  3 2 2 
6 8 2 2 
6 1 4 5 
9 9 4 5 

1536
7 0 0   
3   2 2 
6 8 2 2 
6 1 4 5 
9 9 4 5 

1537
7   0 0 
3   2 2 
6 8 2 2 
6 1 4 5 
9 9 4 5 

1538
  7 0 0 
3   2 2 
6 8 2 2 
6 1 4 5 
9 9 4 5 

1539
  7 0 0 
  3 2 2 
6 8 2 2 
6 1 4 5 
9 9 4 5 

1540
6 7 0 0 
6 3 2 2 
  8 2 2 
  1 4 5 
9 9 4 5 

1541
6 7 0 0 
6 3 2 2 
8   2 2 
  1 4 5 
9 9 4 5 

1542
6 7 0 0 
6 3 2 2 
8   2 2 
1   4 5 
9 9 4 5 

1543
6 7 0 0 
6   2 2 
8 3 2 2 
1   4 5 
9 9 4 5 

1544
6   0 0 
6 7 2 2 
8 3 2 2 
1   4 5 
9 9 4 5 

1545
6 0 0   
6 7 2 2 
8 3 2 2 
1   4 5 
9 9 4 5 

1546
6 0 0   
6 7 2 2 
8 3 2 2 
  1 4 5 
9 9 4 5 

1547
6 0 0   
6 7 2 2 
  3 2 2 
8 1 4 5 
9 9 4 5 

1548
6 0 0   
6 7 2 2 
3   2 2 
8 1 4 5 
9 9 4 5 

1549
6   0 0 
6 7 2 2 
3   2 2 
8 1 4 5 
9 9 4 5 

1550
6   0 0 
6 7 2 2 
3 1 2 2 
8   4 5 
9 9 4 5 

1551
6   0 0 
6 7 2 2 
3 1 2 2 
  8 4 5 
9 9 4 5 

1552
6 0 0   
6 7 2 2 
3 1 2 2 
  8 4 5 
9 9 4 5 

1553
6 0 0   
6 7 2 2 
  1 2 2 
3 8 4 5 
9 9 4 5 

1554
6 0 0   
6 7 2 2 
1   2 2 
3 8 4 5 
9 9 4 5 

1555
6   0 0 
6 7 2 2 
1   2 2 
3 8 4 5 
9 9 4 5 

1556
6   0 0 
6 7 2 2 
1 8 2 2 
3   4 5 
9 9 4 5 

1557
6   0 0 
6 7 2 2 
1 8 2 2 
  3 4 5 
9 9 4 5 

1558
6 0 0   
6 7 2 2 
1 8 2 2 
  3 4 5 
9 9 4 5 

1559
6 0 0   
6 7 2 2 
  8 2 2 
1 3 4 5 
9 9 4 5 

1560
  0 0   
6 7 2 2 
6 8 2 2 
1 3 4 5 
9 9 4 5 

1561
0 0     
6 7 2 2 
6 8 2 2 
1 3 4 5 
9 9 4 5 

1562
0 0 2 2 
6 7 2 2 
6 8     
1 3 4 5 
9 9 4 5 

1563
0 0 2 2 
6 7 2 2 
6   8   
1 3 4 5 
9 9 4 5 

1564
0 0 2 2 
6 7 2 2 
6     8 
1 3 4 5 
9 9 4 5 

1565
0 0 2 2 
6 7 2 2 
6 3   8 
1   4 5 
9 9 4 5 

1566
0 0 2 2 
6 7 2 2 
6   3 8 
1   4 5 
9 9 4 5 

1567
0 0 2 2 
6 7 2 2 
6   3 8 
  1 4 5 
9 9 4 5 

1568
0 0 2 2 
6 7 2 2 
6 1 3 8 
    4 5 
9 9 4 5 

1569
0 0 2 2 
  7 2 2 
6 1 3 8 
6   4 5 
9 9 4 5 

1570
0 0 2 2 
7   2 2 
6 1 3 8 
6   4 5 
9 9 4 5 

1571
0 0 2 2 
7 1 2 2 
6   3 8 
6   4 5 
9 9 4 5 

1572
0 0 2 2 
7 1 2 2 
6 3   8 
6   4 5 
9 9 4 5 

1573
0 0 2 2 
7 1 2 2 
6 3 8   
6   4 5 
9 9 4 5 

1574
0 0 2 2 
7 1 2 2 
6 3 8 5 
6   4 5 
9 9 4   

1575
0 0 2 2 
7 1 2 2 
6   8 5 
6 3 4 5 
9 9 4   

1576
0 0 2 2 
7 1 2 2 
6 8   5 
6 3 4 5 
9 9 4   

1577
0 0 2 2 
7 1 2 2 
6 8 4 5 
6 3 4 5 
9 9     

1578
0 0 2 2 
7 1 2 2 
6 8 4 5 
6 3 4 5 
  9 9   

1579
0 0 2 2 
7 1 2 2 
  8 4 5 
6 3 4 5 
6 9 9   

1580
0 0 2 2 
7 1 2 2 
8   4 5 
6 3 4 5 
6 9 9   

1581
0 0 2 2 
7 1 2 2 
8   4 5 
6 3 4 5 
6   9 9 

1582
0 0 2 2 
7 1 2 2 
8 3 4 5 
6   4 5 
6   9 9 

1583
0 0 2 2 
7 1 2 2 
8 3 4 5 
  6 4 5 
  6 9 9 

1584
0 0 2 2 
7 1 2 2 
  3 4 5 
8 6 4 5 
  6 9 9 

1585
0 0 2 2 
7 1 2 2 
3   4 5 
8 6 4 5 
  6 9 9 

1586
0 0 2 2 
7 1 2 2 
3 6 4 5 
8 6 4 5 
    9 9 

1587
0 0 2 2 
7 1 2 2 
3 6 4 5 
8 6 4 5 
9 9     

1588
0 0 2 2 
7 1 2 2 
3 6   5 
8 6 4 5 
9 9 4   

1589
0 0 2 2 
7 1 2 2 
3 6     
8 6 4 5 
9 9 4 5 

1590
0 0     
7 1 2 2 
3 6 2 2 
8 6 4 5 
9 9 4 5 

1591
  0 0   
7 1 2 2 
3 6 2 2 
8 6 4 5 
9 9 4 5 

1592
7 0 0   
  1 2 2 
3 6 2 2 
8 6 4 5 
9 9 4 5 

1593
7 0 0   
1   2 2 
3 6 2 2 
8 6 4 5 
9 9 4 5 

1594
7   0 0 
1   2 2 
3 6 2 2 
8 6 4 5 
9 9 4 5 

1595
  7 0 0 
1   2 2 
3 6 2 2 
8 6 4 5 
9 9 4 5 

1596
  7 0 0 
  1 2 2 
3 6 2 2 
8 6 4 5 
9 9 4 5 

1597
  7 0 0 
3 1 2 2 
  6 2 2 
8 6 4 5 
9 9 4 5 

1598
  7 0 0 
3 1 2 2 
8 6 2 2 
  6 4 5 
9 9 4 5 

1599
3 7 0 0 
  1 2 2 
8 6 2 2 
  6 4 5 
9 9 4 5 

1600
3 7 0 0 
1   2 2 
8 6 2 2 
  6 4 5 
9 9 4 5 

1601
3 7 0 0 
1 6 2 2 
8 6 2 2 
    4 5 
9 9 4 5 

1602
3 7 0 0 
1 6 2 2 
  6 2 2 
8   4 5 
9 9 4 5 

1603
3 7 0 0 
1 6 2 2 
  6 2 2 
  8 4 5 
9 9 4 5 

1604
3 7 0 0 
  6 2 2 
1 6 2 2 
  8 4 5 
9 9 4 5 

1605
  7 0 0 
3 6 2 2 
1 6 2 2 
  8 4 5 
9 9 4 5 

1606
7   0 0 
3 6 2 2 
1 6 2 2 
  8 4 5 
9 9 4 5 

1607
7 0 0   
3 6 2 2 
1 6 2 2 
  8 4 5 
9 9 4 5 

1608
7 0 0   
3 6 2 2 
  6 2 2 
1 8 4 5 
9 9 4 5 

1609
7 0 0   
  6 2 2 
3 6 2 2 
1 8 4 5 
9 9 4 5 

1610
7   0 0 
  6 2 2 
3 6 2 2 
1 8 4 5 
9 9 4 5 

1611
7 6 0 0 
  6 2 2 
3   2 2 
1 8 4 5 
9 9 4 5 

1612
7 6 0 0 
  6 2 2 
  3 2 2 
1 8 4 5 
9 9 4 5 

1613
7 6 0 0 
  6 2 2 
1 3 2 2 
  8 4 5 
9 9 4 5 

1614
7 6 0 0 
  6 2 2 
1 3 2 2 
8   4 5 
9 9 4 5 

1615
7 6 0 0 
1 6 2 2 
  3 2 2 
8   4 5 
9 9 4 5 

1616
7 6 0 0 
1 6 2 2 
8 3 2 2 
    4 5 
9 9 4 5 

1617
7 6 0 0 
1 6 2 2 
8   2 2 
  3 4 5 
9 9 4 5 

1618
7 6 0 0 
1 6 2 2 
8   2 2 
3   4 5 
9 9 4 5 

1619
7 6 0 0 
1 6 2 2 
  8 2 2 
3   4 5 
9 9 4 5 

1620
7 6 0 0 
1 6 2 2 
3 8 2 2 
    4 5 
9 9 4 5 

1621
7 6 0 0 
1 6 2 2 
3   2 2 
  8 4 5 
9 9 4 5 

1622
7   0 0 
1 6 2 2 
3 6 2 2 
  8 4 5 
9 9 4 5 

1623
7 0 0   
1 6 2 2 
3 6 2 2 
  8 4 5 
9 9 4 5 

1624
7 0 0   
1 6 2 2 
  6 2 2 
3 8 4 5 
9 9 4 5 

1625
7 0 0   
  6 2 2 
1 6 2 2 
3 8 4 5 
9 9 4 5 

1626
7   0 0 
  6 2 2 
1 6 2 2 
3 8 4 5 
9 9 4 5 

1627
  7 0 0 
  6 2 2 
1 6 2 2 
3 8 4 5 
9 9 4 5 

1628
  7 0 0 
1 6 2 2 
  6 2 2 
3 8 4 5 
9 9 4 5 

1629
1 7 0 0 
  6 2 2 
  6 2 2 
3 8 4 5 
9 9 4 5 

1630
1 7 0 0 
6   2 2 
6   2 2 
3 8 4 5 
9 9 4 5 

1631
1 7 0 0 
6 2 2   
6 2 2   
3 8 4 5 
9 9 4 5 

1632
1 7 0 0 
6 2 2 5 
6 2 2 5 
3 8 4   
9 9 4   

1633
1 7 0 0 
6 2 2 5 
6 2 2 5 
3 8   4 
9 9   4 

1634
1 7 0 0 
6 2 2 5 
6 2 2 5 
3   8 4 
9 9   4 

1635
1 7 0 0 
6 2 2 5 
6 2 2 5 
  3 8 4 
9 9   4 

1636
1 7 0 0 
6 2 2 5 
6 2 2 5 
  3 8 4 
  9 9 4 

1637
1 7 0 0 
  2 2 5 
6 2 2 5 
6 3 8 4 
  9 9 4 

1638
  7 0 0 
1 2 2 5 
6 2 2 5 
6 3 8 4 
  9 9 4 

1639
  7 0 0 
1 2 2 5 
6 2 2 5 
6 3 8 4 
9 9   4 

1640
7   0 0 
1 2 2 5 
6 2 2 5 
6 3 8 4 
9 9   4 

1641
7 0 0   
1 2 2 5 
6 2 2 5 
6 3 8 4 
9 9   4 

1642
7 0 0   
1 2 2 5 
6 2 2 5 
6 3 8 4 
  9 9 4 

1643
7 0 0 5 
1 2 2 5 
6 2 2   
6 3 8 4 
  9 9 4 

1644
7 0 0 5 
1 2 2 5 
6 2 2 4 
6 3 8 4 
  9 9   

1645
7 0 0 5 
1 2 2 5 
6 2 2 4 
6 3 8 4 
9 9     

1646
7 0 0 5 
1 2 2 5 
6 2 2 4 
6 3   4 
9 9 8   

1647
7 0 0 5 
1 2 2 5 
6 2 2 4 
6   3 4 
9 9 8   

1648
7 0 0 5 
1 2 2 5 
6 2 2 4 
6   3 4 
9 9   8 

1649
7 0 0 5 
1 2 2 5 
6 2 2 4 
6     4 
9 9 3 8 

1650
7 0 0 5 
1     5 
6 2 2 4 
6 2 2 4 
9 9 3 8 

1651
7 0 0 5 
  1   5 
6 2 2 4 
6 2 2 4 
9 9 3 8 

1652
7 0 0 5 
    1 5 
6 2 2 4 
6 2 2 4 
9 9 3 8 

1653
  0 0 5 
7   1 5 
6 2 2 4 
6 2 2 4 
9 9 3 8 

1654
0 0   5 
7   1 5 
6 2 2 4 
6 2 2 4 
9 9 3 8 

1655
0 0   5 
7 1   5 
6 2 2 4 
6 2 2 4 
9 9 3 8 

1656
0 0 5   
7 1 5   
6 2 2 4 
6 2 2 4 
9 9 3 8 

1657
0 0 5 4 
7 1 5 4 
6 2 2   
6 2 2   
9 9 3 8 

1658
0 0 5 4 
7 1 5 4 
6   2 2 
6   2 2 
9 9 3 8 

1659
0 0 5 4 
7 1 5 4 
  6 2 2 
  6 2 2 
9 9 3 8 

1660
0 0 5 4 
  1 5 4 
7 6 2 2 
  6 2 2 
9 9 3 8 

1661
0 0 5 4 
1   5 4 
7 6 2 2 
  6 2 2 
9 9 3 8 

1662
0 0 5 4 
1 6 5 4 
7 6 2 2 
    2 2 
9 9 3 8 

1663
0 0 5 4 
1 6 5 4 
7 6 2 2 
9 9 2 2 
    3 8 

1664
0 0 5 4 
1 6 5 4 
7 6 2 2 
9 9 2 2 
  3   8 

1665
0 0 5 4 
1 6 5 4 
7 6 2 2 
9 9 2 2 
3     8 

1666
0 0 5 4 
1 6 5 4 
7 6 2 2 
9 9 2 2 
3   8   

1667
0 0 5 4 
1 6 5 4 
7 6 2 2 
9 9 2 2 
3 8     

1668
0 0 5 4 
1 6 5 4 
7 6     
9 9 2 2 
3 8 2 2 

1669
0 0   4 
1 6 5 4 
7 6 5   
9 9 2 2 
3 8 2 2 

1670
  0 0 4 
1 6 5 4 
7 6 5   
9 9 2 2 
3 8 2 2 

1671
1 0 0 4 
  6 5 4 
7 6 5   
9 9 2 2 
3 8 2 2 

1672
1 0 0 4 
7 6 5 4 
  6 5   
9 9 2 2 
3 8 2 2 

1673
1 0 0   
7 6 5 4 
  6 5 4 
9 9 2 2 
3 8 2 2 

1674
1   0 0 
7 6 5 4 
  6 5 4 
9 9 2 2 
3 8 2 2 

1675
  1 0 0 
7 6 5 4 
  6 5 4 
9 9 2 2 
3 8 2 2 

1676
7 1 0 0 
  6 5 4 
  6 5 4 
9 9 2 2 
3 8 2 2 

1677
7 1 0 0 
6   5 4 
6   5 4 
9 9 2 2 
3 8 2 2 

1678
7   0 0 
6 1 5 4 
6   5 4 
9 9 2 2 
3 8 2 2 

1679
  7 0 0 
6 1 5 4 
6   5 4 
9 9 2 2 
3 8 2 2 

1680
6 7 0 0 
6 1 5 4 
    5 4 
9 9 2 2 
3 8 2 2 

1681
6 7 0 0 
6 1 5 4 
9 9 5 4 
    2 2 
3 8 2 2 

1682
6 7 0 0 
6 1 5 4 
9 9 5 4 
3   2 2 
  8 2 2 

1683
6 7 0 0 
6 1 5 4 
9 9 5 4 
3   2 2 
8   2 2 

1684
6 7 0 0 
6 1 5 4 
9 9 5 4 
3 2 2   
8 2 2   

